Obtaining JSON from switch...
Done
Control utility for runtime P4 table manipulation
RuntimeCmd: Setting default action of ipv6_tbl
action:              drop
runtime data:        
RuntimeCmd: Setting default action of ipv6_lpm
action:              drop
runtime data:        
RuntimeCmd: Adding entry to lpm match table ipv6_lpm
match key:           LPM-fe:80:00:00:00:00:00:00:00:00:00:00:00:00:00:01/128
action:              ipv6_forward
runtime data:        00:00:0a:00:01:01	00:01
Entry has been added with handle 0
RuntimeCmd: Adding entry to lpm match table ipv6_lpm
match key:           LPM-fe:80:00:00:00:00:00:00:00:00:00:00:00:00:00:02/128
action:              ipv6_forward
runtime data:        00:00:0a:00:02:00	00:02
Entry has been added with handle 1
RuntimeCmd: Adding entry to lpm match table ipv6_tbl
match key:           LPM-fe:80:00:00:00:00:00:00:00:00:00:00:00:00:00:03/128
action:              add_srcheader_v6_3
runtime data:        fe:80:00:12:00:00:00:00:00:00:00:00:00:00:00:02	00:00:0a:00:02:00	00:02	00:00:00:00:00:00:00:00:00:00:00:00:00:00:00:02	00:00:00:c8	08:00	00:00:00:00:00:00:00:00:00:00:00:00:00:00:00:05	00:00:01:2c	86:dd	00:00:00:00:00:00:00:00:00:00:00:00:00:00:00:07	00:00:01:f4	86:dd
Entry has been added with handle 0
RuntimeCmd: Adding entry to lpm match table ipv6_lpm
match key:           LPM-fe:80:00:12:00:00:00:00:00:00:00:00:00:00:00:02/128
action:              ipv6_forward
runtime data:        00:00:0a:00:02:00	00:02
Entry has been added with handle 2
RuntimeCmd: 
