Warning: you requested the nanomsg event logger, but bmv2 was compiled without -DBMELOG, and the event logger cannot be activated
Calling target program-options parser
[14:13:10.576] [bmv2] [D] [thread 5283] Set default default entry for table 'MyIngress.ipv6_tbl': NoAction - 
[14:13:10.576] [bmv2] [D] [thread 5283] Set default default entry for table 'tbl_basic595': basic595 - 
[14:13:10.576] [bmv2] [D] [thread 5283] Set default default entry for table 'tbl_get_nextSrc': MyIngress.get_nextSrc - 
[14:13:10.576] [bmv2] [D] [thread 5283] Set default default entry for table 'tbl_basic600': basic600 - 
[14:13:10.576] [bmv2] [D] [thread 5283] Set default default entry for table 'tbl_basic602': basic602 - 
[14:13:10.576] [bmv2] [D] [thread 5283] Set default default entry for table 'tbl_basic604': basic604 - 
[14:13:10.576] [bmv2] [D] [thread 5283] Set default default entry for table 'tbl_basic607': basic607 - 
[14:13:10.576] [bmv2] [D] [thread 5283] Set default default entry for table 'MyIngress.src6_tbl': NoAction - 
[14:13:10.577] [bmv2] [D] [thread 5283] Set default default entry for table 'tbl_basic615': basic615 - 
[14:13:10.577] [bmv2] [D] [thread 5283] Set default default entry for table 'tbl_basic617': basic617 - 
[14:13:10.577] [bmv2] [D] [thread 5283] Set default default entry for table 'MyIngress.ipv4_tbl': NoAction - 
[14:13:10.577] [bmv2] [D] [thread 5283] Set default default entry for table 'tbl_basic626': basic626 - 
[14:13:10.577] [bmv2] [D] [thread 5283] Set default default entry for table 'tbl_get_nextSrc_0': MyIngress.get_nextSrc - 
[14:13:10.577] [bmv2] [D] [thread 5283] Set default default entry for table 'tbl_basic631': basic631 - 
[14:13:10.577] [bmv2] [D] [thread 5283] Set default default entry for table 'tbl_basic633': basic633 - 
[14:13:10.577] [bmv2] [D] [thread 5283] Set default default entry for table 'tbl_basic635': basic635 - 
[14:13:10.577] [bmv2] [D] [thread 5283] Set default default entry for table 'tbl_basic638': basic638 - 
[14:13:10.577] [bmv2] [D] [thread 5283] Set default default entry for table 'MyIngress.src4_tbl': NoAction - 
[14:13:10.577] [bmv2] [D] [thread 5283] Set default default entry for table 'tbl_basic645': basic645 - 
[14:13:10.577] [bmv2] [D] [thread 5283] Set default default entry for table 'tbl_basic647': basic647 - 
[14:13:10.577] [bmv2] [D] [thread 5283] Set default default entry for table 'tbl_basic654': basic654 - 
[14:13:10.577] [bmv2] [D] [thread 5283] Set default default entry for table 'tbl_basic657': basic657 - 
[14:13:10.577] [bmv2] [D] [thread 5283] Set default default entry for table 'tbl_basic660': basic660 - 
[14:13:10.577] [bmv2] [D] [thread 5283] Set default default entry for table 'MyIngress.ipv4_lpm': NoAction - 
[14:13:10.578] [bmv2] [D] [thread 5283] Set default default entry for table 'MyIngress.ipv6_lpm': MyIngress.drop - 
Adding interface s5-eth1 as port 1
[14:13:10.599] [bmv2] [D] [thread 5283] Adding interface s5-eth1 as port 1
Adding interface s5-eth2 as port 2
[14:13:10.614] [bmv2] [D] [thread 5283] Adding interface s5-eth2 as port 2
Adding interface s5-eth3 as port 3
[14:13:10.644] [bmv2] [D] [thread 5283] Adding interface s5-eth3 as port 3
[14:13:10.657] [bmv2] [I] [thread 5283] Starting Thrift server on port 9094
[14:13:10.657] [bmv2] [I] [thread 5283] Thrift server was started
[14:13:11.413] [bmv2] [D] [thread 5289] [0.0] [cxt 0] Processing packet received on port 2
[14:13:11.413] [bmv2] [D] [thread 5289] [0.0] [cxt 0] Parser 'parser': start
[14:13:11.413] [bmv2] [D] [thread 5289] [0.0] [cxt 0] Parser 'parser' entering state 'start'
[14:13:11.413] [bmv2] [D] [thread 5289] [0.0] [cxt 0] Extracting header 'ethernet'
[14:13:11.413] [bmv2] [D] [thread 5289] [0.0] [cxt 0] Parser state 'start': key is 86dd
[14:13:11.413] [bmv2] [T] [thread 5289] [0.0] [cxt 0] Bytes parsed: 14
[14:13:11.413] [bmv2] [D] [thread 5289] [0.0] [cxt 0] Parser 'parser' entering state 'parse_ipv6'
[14:13:11.413] [bmv2] [D] [thread 5289] [0.0] [cxt 0] Extracting header 'ipv6'
[14:13:11.413] [bmv2] [D] [thread 5289] [0.0] [cxt 0] Parser state 'parse_ipv6': key is 3a
[14:13:11.413] [bmv2] [T] [thread 5289] [0.0] [cxt 0] Bytes parsed: 54
[14:13:11.413] [bmv2] [D] [thread 5289] [0.0] [cxt 0] Parser 'parser': end
[14:13:11.413] [bmv2] [D] [thread 5289] [0.0] [cxt 0] Pipeline 'ingress': start
[14:13:11.413] [bmv2] [T] [thread 5289] [0.0] [cxt 0] basic.p4(591) Condition "hdr.ipv6.isValid()" (node_2) is true
[14:13:11.413] [bmv2] [T] [thread 5289] [0.0] [cxt 0] Applying table 'MyIngress.ipv6_tbl'
[14:13:11.413] [bmv2] [D] [thread 5289] [0.0] [cxt 0] Looking up key:
* hdr.ipv6.dstAddr    : ff020000000000000000000000000002

[14:13:11.413] [bmv2] [D] [thread 5289] [0.0] [cxt 0] Table 'MyIngress.ipv6_tbl': miss
[14:13:11.413] [bmv2] [D] [thread 5289] [0.0] [cxt 0] Action entry is NoAction - 
[14:13:11.413] [bmv2] [T] [thread 5289] [0.0] [cxt 0] Action NoAction
[14:13:11.413] [bmv2] [T] [thread 5289] [0.0] [cxt 0] basic.p4(593) Condition "meta.is_src == 1 && hdr.src.isValid()" (node_4) is false
[14:13:11.414] [bmv2] [T] [thread 5289] [0.0] [cxt 0] basic.p4(622) Condition "hdr.ipv4.isValid() && meta.is_src == 0" (node_19) is false
[14:13:11.414] [bmv2] [T] [thread 5289] [0.0] [cxt 0] basic.p4(652) Condition "meta.is_last_hop == 1" (node_36) is false
[14:13:11.414] [bmv2] [T] [thread 5289] [0.0] [cxt 0] basic.p4(666) Condition "hdr.ethernet.etherType == TYPE_IPV4" (node_43) is false
[14:13:11.414] [bmv2] [T] [thread 5289] [0.0] [cxt 0] basic.p4(669) Condition "hdr.ethernet.etherType == TYPE_IPV6" (node_45) is true
[14:13:11.414] [bmv2] [T] [thread 5289] [0.0] [cxt 0] Applying table 'MyIngress.ipv6_lpm'
[14:13:11.414] [bmv2] [D] [thread 5289] [0.0] [cxt 0] Looking up key:
* hdr.ipv6.dstAddr    : ff020000000000000000000000000002

[14:13:11.414] [bmv2] [D] [thread 5289] [0.0] [cxt 0] Table 'MyIngress.ipv6_lpm': miss
[14:13:11.414] [bmv2] [D] [thread 5289] [0.0] [cxt 0] Action entry is MyIngress.drop - 
[14:13:11.414] [bmv2] [T] [thread 5289] [0.0] [cxt 0] Action MyIngress.drop
[14:13:11.414] [bmv2] [T] [thread 5289] [0.0] [cxt 0] basic.p4(233) Primitive mark_to_drop(standard_metadata)
[14:13:11.414] [bmv2] [D] [thread 5289] [0.0] [cxt 0] Pipeline 'ingress': end
[14:13:11.414] [bmv2] [D] [thread 5289] [0.0] [cxt 0] Egress port is 511
[14:13:11.414] [bmv2] [D] [thread 5289] [0.0] [cxt 0] Dropping packet at the end of ingress
[14:13:11.476] [bmv2] [D] [thread 5289] [1.0] [cxt 0] Processing packet received on port 2
[14:13:11.476] [bmv2] [D] [thread 5289] [1.0] [cxt 0] Parser 'parser': start
[14:13:11.476] [bmv2] [D] [thread 5289] [1.0] [cxt 0] Parser 'parser' entering state 'start'
[14:13:11.476] [bmv2] [D] [thread 5289] [1.0] [cxt 0] Extracting header 'ethernet'
[14:13:11.476] [bmv2] [D] [thread 5289] [1.0] [cxt 0] Parser state 'start': key is 86dd
[14:13:11.476] [bmv2] [T] [thread 5289] [1.0] [cxt 0] Bytes parsed: 14
[14:13:11.476] [bmv2] [D] [thread 5289] [1.0] [cxt 0] Parser 'parser' entering state 'parse_ipv6'
[14:13:11.476] [bmv2] [D] [thread 5289] [1.0] [cxt 0] Extracting header 'ipv6'
[14:13:11.476] [bmv2] [D] [thread 5289] [1.0] [cxt 0] Parser state 'parse_ipv6': key is 3a
[14:13:11.477] [bmv2] [T] [thread 5289] [1.0] [cxt 0] Bytes parsed: 54
[14:13:11.477] [bmv2] [D] [thread 5289] [1.0] [cxt 0] Parser 'parser': end
[14:13:11.477] [bmv2] [D] [thread 5289] [1.0] [cxt 0] Pipeline 'ingress': start
[14:13:11.477] [bmv2] [T] [thread 5289] [1.0] [cxt 0] basic.p4(591) Condition "hdr.ipv6.isValid()" (node_2) is true
[14:13:11.477] [bmv2] [T] [thread 5289] [1.0] [cxt 0] Applying table 'MyIngress.ipv6_tbl'
[14:13:11.477] [bmv2] [D] [thread 5289] [1.0] [cxt 0] Looking up key:
* hdr.ipv6.dstAddr    : ff020000000000000000000000000002

[14:13:11.477] [bmv2] [D] [thread 5289] [1.0] [cxt 0] Table 'MyIngress.ipv6_tbl': miss
[14:13:11.477] [bmv2] [D] [thread 5289] [1.0] [cxt 0] Action entry is NoAction - 
[14:13:11.477] [bmv2] [T] [thread 5289] [1.0] [cxt 0] Action NoAction
[14:13:11.477] [bmv2] [T] [thread 5289] [1.0] [cxt 0] basic.p4(593) Condition "meta.is_src == 1 && hdr.src.isValid()" (node_4) is false
[14:13:11.477] [bmv2] [T] [thread 5289] [1.0] [cxt 0] basic.p4(622) Condition "hdr.ipv4.isValid() && meta.is_src == 0" (node_19) is false
[14:13:11.477] [bmv2] [T] [thread 5289] [1.0] [cxt 0] basic.p4(652) Condition "meta.is_last_hop == 1" (node_36) is false
[14:13:11.477] [bmv2] [T] [thread 5289] [1.0] [cxt 0] basic.p4(666) Condition "hdr.ethernet.etherType == TYPE_IPV4" (node_43) is false
[14:13:11.477] [bmv2] [T] [thread 5289] [1.0] [cxt 0] basic.p4(669) Condition "hdr.ethernet.etherType == TYPE_IPV6" (node_45) is true
[14:13:11.477] [bmv2] [T] [thread 5289] [1.0] [cxt 0] Applying table 'MyIngress.ipv6_lpm'
[14:13:11.477] [bmv2] [D] [thread 5289] [1.0] [cxt 0] Looking up key:
* hdr.ipv6.dstAddr    : ff020000000000000000000000000002

[14:13:11.477] [bmv2] [D] [thread 5289] [1.0] [cxt 0] Table 'MyIngress.ipv6_lpm': miss
[14:13:11.477] [bmv2] [D] [thread 5289] [1.0] [cxt 0] Action entry is MyIngress.drop - 
[14:13:11.477] [bmv2] [T] [thread 5289] [1.0] [cxt 0] Action MyIngress.drop
[14:13:11.477] [bmv2] [T] [thread 5289] [1.0] [cxt 0] basic.p4(233) Primitive mark_to_drop(standard_metadata)
[14:13:11.477] [bmv2] [D] [thread 5289] [1.0] [cxt 0] Pipeline 'ingress': end
[14:13:11.477] [bmv2] [D] [thread 5289] [1.0] [cxt 0] Egress port is 511
[14:13:11.477] [bmv2] [D] [thread 5289] [1.0] [cxt 0] Dropping packet at the end of ingress
[14:13:11.749] [bmv2] [D] [thread 5289] [2.0] [cxt 0] Processing packet received on port 1
[14:13:11.749] [bmv2] [D] [thread 5289] [2.0] [cxt 0] Parser 'parser': start
[14:13:11.749] [bmv2] [D] [thread 5289] [2.0] [cxt 0] Parser 'parser' entering state 'start'
[14:13:11.749] [bmv2] [D] [thread 5289] [2.0] [cxt 0] Extracting header 'ethernet'
[14:13:11.749] [bmv2] [D] [thread 5289] [2.0] [cxt 0] Parser state 'start': key is 86dd
[14:13:11.749] [bmv2] [T] [thread 5289] [2.0] [cxt 0] Bytes parsed: 14
[14:13:11.750] [bmv2] [D] [thread 5289] [2.0] [cxt 0] Parser 'parser' entering state 'parse_ipv6'
[14:13:11.750] [bmv2] [D] [thread 5289] [2.0] [cxt 0] Extracting header 'ipv6'
[14:13:11.750] [bmv2] [D] [thread 5289] [2.0] [cxt 0] Parser state 'parse_ipv6': key is 3a
[14:13:11.750] [bmv2] [T] [thread 5289] [2.0] [cxt 0] Bytes parsed: 54
[14:13:11.750] [bmv2] [D] [thread 5289] [2.0] [cxt 0] Parser 'parser': end
[14:13:11.750] [bmv2] [D] [thread 5289] [2.0] [cxt 0] Pipeline 'ingress': start
[14:13:11.750] [bmv2] [T] [thread 5289] [2.0] [cxt 0] basic.p4(591) Condition "hdr.ipv6.isValid()" (node_2) is true
[14:13:11.750] [bmv2] [T] [thread 5289] [2.0] [cxt 0] Applying table 'MyIngress.ipv6_tbl'
[14:13:11.750] [bmv2] [D] [thread 5289] [2.0] [cxt 0] Looking up key:
* hdr.ipv6.dstAddr    : ff020000000000000000000000000002

[14:13:11.750] [bmv2] [D] [thread 5289] [2.0] [cxt 0] Table 'MyIngress.ipv6_tbl': miss
[14:13:11.750] [bmv2] [D] [thread 5289] [2.0] [cxt 0] Action entry is NoAction - 
[14:13:11.750] [bmv2] [T] [thread 5289] [2.0] [cxt 0] Action NoAction
[14:13:11.750] [bmv2] [T] [thread 5289] [2.0] [cxt 0] basic.p4(593) Condition "meta.is_src == 1 && hdr.src.isValid()" (node_4) is false
[14:13:11.750] [bmv2] [T] [thread 5289] [2.0] [cxt 0] basic.p4(622) Condition "hdr.ipv4.isValid() && meta.is_src == 0" (node_19) is false
[14:13:11.750] [bmv2] [T] [thread 5289] [2.0] [cxt 0] basic.p4(652) Condition "meta.is_last_hop == 1" (node_36) is false
[14:13:11.750] [bmv2] [T] [thread 5289] [2.0] [cxt 0] basic.p4(666) Condition "hdr.ethernet.etherType == TYPE_IPV4" (node_43) is false
[14:13:11.750] [bmv2] [T] [thread 5289] [2.0] [cxt 0] basic.p4(669) Condition "hdr.ethernet.etherType == TYPE_IPV6" (node_45) is true
[14:13:11.750] [bmv2] [T] [thread 5289] [2.0] [cxt 0] Applying table 'MyIngress.ipv6_lpm'
[14:13:11.750] [bmv2] [D] [thread 5289] [2.0] [cxt 0] Looking up key:
* hdr.ipv6.dstAddr    : ff020000000000000000000000000002

[14:13:11.750] [bmv2] [D] [thread 5289] [2.0] [cxt 0] Table 'MyIngress.ipv6_lpm': miss
[14:13:11.750] [bmv2] [D] [thread 5289] [2.0] [cxt 0] Action entry is MyIngress.drop - 
[14:13:11.750] [bmv2] [T] [thread 5289] [2.0] [cxt 0] Action MyIngress.drop
[14:13:11.750] [bmv2] [T] [thread 5289] [2.0] [cxt 0] basic.p4(233) Primitive mark_to_drop(standard_metadata)
[14:13:11.750] [bmv2] [D] [thread 5289] [2.0] [cxt 0] Pipeline 'ingress': end
[14:13:11.750] [bmv2] [D] [thread 5289] [2.0] [cxt 0] Egress port is 511
[14:13:11.750] [bmv2] [D] [thread 5289] [2.0] [cxt 0] Dropping packet at the end of ingress
[14:13:11.911] [bmv2] [D] [thread 5289] [3.0] [cxt 0] Processing packet received on port 3
[14:13:11.911] [bmv2] [D] [thread 5289] [3.0] [cxt 0] Parser 'parser': start
[14:13:11.911] [bmv2] [D] [thread 5289] [3.0] [cxt 0] Parser 'parser' entering state 'start'
[14:13:11.911] [bmv2] [D] [thread 5289] [3.0] [cxt 0] Extracting header 'ethernet'
[14:13:11.911] [bmv2] [D] [thread 5289] [3.0] [cxt 0] Parser state 'start': key is 86dd
[14:13:11.911] [bmv2] [T] [thread 5289] [3.0] [cxt 0] Bytes parsed: 14
[14:13:11.911] [bmv2] [D] [thread 5289] [3.0] [cxt 0] Parser 'parser' entering state 'parse_ipv6'
[14:13:11.911] [bmv2] [D] [thread 5289] [3.0] [cxt 0] Extracting header 'ipv6'
[14:13:11.911] [bmv2] [D] [thread 5289] [3.0] [cxt 0] Parser state 'parse_ipv6': key is 3a
[14:13:11.911] [bmv2] [T] [thread 5289] [3.0] [cxt 0] Bytes parsed: 54
[14:13:11.911] [bmv2] [D] [thread 5289] [3.0] [cxt 0] Parser 'parser': end
[14:13:11.911] [bmv2] [D] [thread 5289] [3.0] [cxt 0] Pipeline 'ingress': start
[14:13:11.911] [bmv2] [T] [thread 5289] [3.0] [cxt 0] basic.p4(591) Condition "hdr.ipv6.isValid()" (node_2) is true
[14:13:11.911] [bmv2] [T] [thread 5289] [3.0] [cxt 0] Applying table 'MyIngress.ipv6_tbl'
[14:13:11.911] [bmv2] [D] [thread 5289] [3.0] [cxt 0] Looking up key:
* hdr.ipv6.dstAddr    : ff020000000000000000000000000002

[14:13:11.911] [bmv2] [D] [thread 5289] [3.0] [cxt 0] Table 'MyIngress.ipv6_tbl': miss
[14:13:11.911] [bmv2] [D] [thread 5289] [3.0] [cxt 0] Action entry is NoAction - 
[14:13:11.911] [bmv2] [T] [thread 5289] [3.0] [cxt 0] Action NoAction
[14:13:11.911] [bmv2] [T] [thread 5289] [3.0] [cxt 0] basic.p4(593) Condition "meta.is_src == 1 && hdr.src.isValid()" (node_4) is false
[14:13:11.911] [bmv2] [T] [thread 5289] [3.0] [cxt 0] basic.p4(622) Condition "hdr.ipv4.isValid() && meta.is_src == 0" (node_19) is false
[14:13:11.912] [bmv2] [T] [thread 5289] [3.0] [cxt 0] basic.p4(652) Condition "meta.is_last_hop == 1" (node_36) is false
[14:13:11.912] [bmv2] [T] [thread 5289] [3.0] [cxt 0] basic.p4(666) Condition "hdr.ethernet.etherType == TYPE_IPV4" (node_43) is false
[14:13:11.912] [bmv2] [T] [thread 5289] [3.0] [cxt 0] basic.p4(669) Condition "hdr.ethernet.etherType == TYPE_IPV6" (node_45) is true
[14:13:11.912] [bmv2] [T] [thread 5289] [3.0] [cxt 0] Applying table 'MyIngress.ipv6_lpm'
[14:13:11.912] [bmv2] [D] [thread 5289] [3.0] [cxt 0] Looking up key:
* hdr.ipv6.dstAddr    : ff020000000000000000000000000002

[14:13:11.912] [bmv2] [D] [thread 5289] [3.0] [cxt 0] Table 'MyIngress.ipv6_lpm': miss
[14:13:11.912] [bmv2] [D] [thread 5289] [3.0] [cxt 0] Action entry is MyIngress.drop - 
[14:13:11.912] [bmv2] [T] [thread 5289] [3.0] [cxt 0] Action MyIngress.drop
[14:13:11.912] [bmv2] [T] [thread 5289] [3.0] [cxt 0] basic.p4(233) Primitive mark_to_drop(standard_metadata)
[14:13:11.912] [bmv2] [D] [thread 5289] [3.0] [cxt 0] Pipeline 'ingress': end
[14:13:11.912] [bmv2] [D] [thread 5289] [3.0] [cxt 0] Egress port is 511
[14:13:11.912] [bmv2] [D] [thread 5289] [3.0] [cxt 0] Dropping packet at the end of ingress
[14:13:12.011] [bmv2] [D] [thread 5289] [4.0] [cxt 0] Processing packet received on port 3
[14:13:12.011] [bmv2] [D] [thread 5289] [4.0] [cxt 0] Parser 'parser': start
[14:13:12.011] [bmv2] [D] [thread 5289] [4.0] [cxt 0] Parser 'parser' entering state 'start'
[14:13:12.011] [bmv2] [D] [thread 5289] [4.0] [cxt 0] Extracting header 'ethernet'
[14:13:12.011] [bmv2] [D] [thread 5289] [4.0] [cxt 0] Parser state 'start': key is 86dd
[14:13:12.011] [bmv2] [T] [thread 5289] [4.0] [cxt 0] Bytes parsed: 14
[14:13:12.011] [bmv2] [D] [thread 5289] [4.0] [cxt 0] Parser 'parser' entering state 'parse_ipv6'
[14:13:12.011] [bmv2] [D] [thread 5289] [4.0] [cxt 0] Extracting header 'ipv6'
[14:13:12.011] [bmv2] [D] [thread 5289] [4.0] [cxt 0] Parser state 'parse_ipv6': key is 3a
[14:13:12.011] [bmv2] [T] [thread 5289] [4.0] [cxt 0] Bytes parsed: 54
[14:13:12.011] [bmv2] [D] [thread 5289] [4.0] [cxt 0] Parser 'parser': end
[14:13:12.011] [bmv2] [D] [thread 5289] [4.0] [cxt 0] Pipeline 'ingress': start
[14:13:12.011] [bmv2] [T] [thread 5289] [4.0] [cxt 0] basic.p4(591) Condition "hdr.ipv6.isValid()" (node_2) is true
[14:13:12.011] [bmv2] [T] [thread 5289] [4.0] [cxt 0] Applying table 'MyIngress.ipv6_tbl'
[14:13:12.011] [bmv2] [D] [thread 5289] [4.0] [cxt 0] Looking up key:
* hdr.ipv6.dstAddr    : ff020000000000000000000000000002

[14:13:12.011] [bmv2] [D] [thread 5289] [4.0] [cxt 0] Table 'MyIngress.ipv6_tbl': miss
[14:13:12.011] [bmv2] [D] [thread 5289] [4.0] [cxt 0] Action entry is NoAction - 
[14:13:12.011] [bmv2] [T] [thread 5289] [4.0] [cxt 0] Action NoAction
[14:13:12.011] [bmv2] [T] [thread 5289] [4.0] [cxt 0] basic.p4(593) Condition "meta.is_src == 1 && hdr.src.isValid()" (node_4) is false
[14:13:12.011] [bmv2] [T] [thread 5289] [4.0] [cxt 0] basic.p4(622) Condition "hdr.ipv4.isValid() && meta.is_src == 0" (node_19) is false
[14:13:12.011] [bmv2] [T] [thread 5289] [4.0] [cxt 0] basic.p4(652) Condition "meta.is_last_hop == 1" (node_36) is false
[14:13:12.011] [bmv2] [T] [thread 5289] [4.0] [cxt 0] basic.p4(666) Condition "hdr.ethernet.etherType == TYPE_IPV4" (node_43) is false
[14:13:12.011] [bmv2] [T] [thread 5289] [4.0] [cxt 0] basic.p4(669) Condition "hdr.ethernet.etherType == TYPE_IPV6" (node_45) is true
[14:13:12.011] [bmv2] [T] [thread 5289] [4.0] [cxt 0] Applying table 'MyIngress.ipv6_lpm'
[14:13:12.011] [bmv2] [D] [thread 5289] [4.0] [cxt 0] Looking up key:
* hdr.ipv6.dstAddr    : ff020000000000000000000000000002

[14:13:12.011] [bmv2] [D] [thread 5289] [4.0] [cxt 0] Table 'MyIngress.ipv6_lpm': miss
[14:13:12.011] [bmv2] [D] [thread 5289] [4.0] [cxt 0] Action entry is MyIngress.drop - 
[14:13:12.011] [bmv2] [T] [thread 5289] [4.0] [cxt 0] Action MyIngress.drop
[14:13:12.011] [bmv2] [T] [thread 5289] [4.0] [cxt 0] basic.p4(233) Primitive mark_to_drop(standard_metadata)
[14:13:12.011] [bmv2] [D] [thread 5289] [4.0] [cxt 0] Pipeline 'ingress': end
[14:13:12.011] [bmv2] [D] [thread 5289] [4.0] [cxt 0] Egress port is 511
[14:13:12.011] [bmv2] [D] [thread 5289] [4.0] [cxt 0] Dropping packet at the end of ingress
[14:13:12.100] [bmv2] [D] [thread 5289] [5.0] [cxt 0] Processing packet received on port 1
[14:13:12.100] [bmv2] [D] [thread 5289] [5.0] [cxt 0] Parser 'parser': start
[14:13:12.100] [bmv2] [D] [thread 5289] [5.0] [cxt 0] Parser 'parser' entering state 'start'
[14:13:12.100] [bmv2] [D] [thread 5289] [5.0] [cxt 0] Extracting header 'ethernet'
[14:13:12.100] [bmv2] [D] [thread 5289] [5.0] [cxt 0] Parser state 'start': key is 86dd
[14:13:12.100] [bmv2] [T] [thread 5289] [5.0] [cxt 0] Bytes parsed: 14
[14:13:12.100] [bmv2] [D] [thread 5289] [5.0] [cxt 0] Parser 'parser' entering state 'parse_ipv6'
[14:13:12.100] [bmv2] [D] [thread 5289] [5.0] [cxt 0] Extracting header 'ipv6'
[14:13:12.100] [bmv2] [D] [thread 5289] [5.0] [cxt 0] Parser state 'parse_ipv6': key is 3a
[14:13:12.100] [bmv2] [T] [thread 5289] [5.0] [cxt 0] Bytes parsed: 54
[14:13:12.100] [bmv2] [D] [thread 5289] [5.0] [cxt 0] Parser 'parser': end
[14:13:12.100] [bmv2] [D] [thread 5289] [5.0] [cxt 0] Pipeline 'ingress': start
[14:13:12.100] [bmv2] [T] [thread 5289] [5.0] [cxt 0] basic.p4(591) Condition "hdr.ipv6.isValid()" (node_2) is true
[14:13:12.100] [bmv2] [T] [thread 5289] [5.0] [cxt 0] Applying table 'MyIngress.ipv6_tbl'
[14:13:12.100] [bmv2] [D] [thread 5289] [5.0] [cxt 0] Looking up key:
* hdr.ipv6.dstAddr    : ff020000000000000000000000000002

[14:13:12.100] [bmv2] [D] [thread 5289] [5.0] [cxt 0] Table 'MyIngress.ipv6_tbl': miss
[14:13:12.100] [bmv2] [D] [thread 5289] [5.0] [cxt 0] Action entry is NoAction - 
[14:13:12.100] [bmv2] [T] [thread 5289] [5.0] [cxt 0] Action NoAction
[14:13:12.100] [bmv2] [T] [thread 5289] [5.0] [cxt 0] basic.p4(593) Condition "meta.is_src == 1 && hdr.src.isValid()" (node_4) is false
[14:13:12.100] [bmv2] [T] [thread 5289] [5.0] [cxt 0] basic.p4(622) Condition "hdr.ipv4.isValid() && meta.is_src == 0" (node_19) is false
[14:13:12.100] [bmv2] [T] [thread 5289] [5.0] [cxt 0] basic.p4(652) Condition "meta.is_last_hop == 1" (node_36) is false
[14:13:12.100] [bmv2] [T] [thread 5289] [5.0] [cxt 0] basic.p4(666) Condition "hdr.ethernet.etherType == TYPE_IPV4" (node_43) is false
[14:13:12.100] [bmv2] [T] [thread 5289] [5.0] [cxt 0] basic.p4(669) Condition "hdr.ethernet.etherType == TYPE_IPV6" (node_45) is true
[14:13:12.100] [bmv2] [T] [thread 5289] [5.0] [cxt 0] Applying table 'MyIngress.ipv6_lpm'
[14:13:12.100] [bmv2] [D] [thread 5289] [5.0] [cxt 0] Looking up key:
* hdr.ipv6.dstAddr    : ff020000000000000000000000000002

[14:13:12.100] [bmv2] [D] [thread 5289] [5.0] [cxt 0] Table 'MyIngress.ipv6_lpm': miss
[14:13:12.100] [bmv2] [D] [thread 5289] [5.0] [cxt 0] Action entry is MyIngress.drop - 
[14:13:12.100] [bmv2] [T] [thread 5289] [5.0] [cxt 0] Action MyIngress.drop
[14:13:12.100] [bmv2] [T] [thread 5289] [5.0] [cxt 0] basic.p4(233) Primitive mark_to_drop(standard_metadata)
[14:13:12.100] [bmv2] [D] [thread 5289] [5.0] [cxt 0] Pipeline 'ingress': end
[14:13:12.100] [bmv2] [D] [thread 5289] [5.0] [cxt 0] Egress port is 511
[14:13:12.100] [bmv2] [D] [thread 5289] [5.0] [cxt 0] Dropping packet at the end of ingress
[14:13:15.420] [bmv2] [D] [thread 5289] [6.0] [cxt 0] Processing packet received on port 2
[14:13:15.420] [bmv2] [D] [thread 5289] [6.0] [cxt 0] Parser 'parser': start
[14:13:15.420] [bmv2] [D] [thread 5289] [6.0] [cxt 0] Parser 'parser' entering state 'start'
[14:13:15.420] [bmv2] [D] [thread 5289] [6.0] [cxt 0] Extracting header 'ethernet'
[14:13:15.420] [bmv2] [D] [thread 5289] [6.0] [cxt 0] Parser state 'start': key is 86dd
[14:13:15.420] [bmv2] [T] [thread 5289] [6.0] [cxt 0] Bytes parsed: 14
[14:13:15.420] [bmv2] [D] [thread 5289] [6.0] [cxt 0] Parser 'parser' entering state 'parse_ipv6'
[14:13:15.420] [bmv2] [D] [thread 5289] [6.0] [cxt 0] Extracting header 'ipv6'
[14:13:15.420] [bmv2] [D] [thread 5289] [6.0] [cxt 0] Parser state 'parse_ipv6': key is 3a
[14:13:15.420] [bmv2] [T] [thread 5289] [6.0] [cxt 0] Bytes parsed: 54
[14:13:15.420] [bmv2] [D] [thread 5289] [6.0] [cxt 0] Parser 'parser': end
[14:13:15.420] [bmv2] [D] [thread 5289] [6.0] [cxt 0] Pipeline 'ingress': start
[14:13:15.420] [bmv2] [T] [thread 5289] [6.0] [cxt 0] basic.p4(591) Condition "hdr.ipv6.isValid()" (node_2) is true
[14:13:15.420] [bmv2] [T] [thread 5289] [6.0] [cxt 0] Applying table 'MyIngress.ipv6_tbl'
[14:13:15.421] [bmv2] [D] [thread 5289] [6.0] [cxt 0] Looking up key:
* hdr.ipv6.dstAddr    : ff020000000000000000000000000002

[14:13:15.421] [bmv2] [D] [thread 5289] [6.0] [cxt 0] Table 'MyIngress.ipv6_tbl': miss
[14:13:15.421] [bmv2] [D] [thread 5289] [6.0] [cxt 0] Action entry is NoAction - 
[14:13:15.421] [bmv2] [T] [thread 5289] [6.0] [cxt 0] Action NoAction
[14:13:15.421] [bmv2] [T] [thread 5289] [6.0] [cxt 0] basic.p4(593) Condition "meta.is_src == 1 && hdr.src.isValid()" (node_4) is false
[14:13:15.421] [bmv2] [T] [thread 5289] [6.0] [cxt 0] basic.p4(622) Condition "hdr.ipv4.isValid() && meta.is_src == 0" (node_19) is false
[14:13:15.421] [bmv2] [T] [thread 5289] [6.0] [cxt 0] basic.p4(652) Condition "meta.is_last_hop == 1" (node_36) is false
[14:13:15.421] [bmv2] [T] [thread 5289] [6.0] [cxt 0] basic.p4(666) Condition "hdr.ethernet.etherType == TYPE_IPV4" (node_43) is false
[14:13:15.421] [bmv2] [T] [thread 5289] [6.0] [cxt 0] basic.p4(669) Condition "hdr.ethernet.etherType == TYPE_IPV6" (node_45) is true
[14:13:15.421] [bmv2] [T] [thread 5289] [6.0] [cxt 0] Applying table 'MyIngress.ipv6_lpm'
[14:13:15.421] [bmv2] [D] [thread 5289] [6.0] [cxt 0] Looking up key:
* hdr.ipv6.dstAddr    : ff020000000000000000000000000002

[14:13:15.421] [bmv2] [D] [thread 5289] [6.0] [cxt 0] Table 'MyIngress.ipv6_lpm': miss
[14:13:15.421] [bmv2] [D] [thread 5289] [6.0] [cxt 0] Action entry is MyIngress.drop - 
[14:13:15.421] [bmv2] [T] [thread 5289] [6.0] [cxt 0] Action MyIngress.drop
[14:13:15.421] [bmv2] [T] [thread 5289] [6.0] [cxt 0] basic.p4(233) Primitive mark_to_drop(standard_metadata)
[14:13:15.421] [bmv2] [D] [thread 5289] [6.0] [cxt 0] Pipeline 'ingress': end
[14:13:15.421] [bmv2] [D] [thread 5289] [6.0] [cxt 0] Egress port is 511
[14:13:15.421] [bmv2] [D] [thread 5289] [6.0] [cxt 0] Dropping packet at the end of ingress
[14:13:15.485] [bmv2] [D] [thread 5289] [7.0] [cxt 0] Processing packet received on port 2
[14:13:15.485] [bmv2] [D] [thread 5289] [7.0] [cxt 0] Parser 'parser': start
[14:13:15.485] [bmv2] [D] [thread 5289] [7.0] [cxt 0] Parser 'parser' entering state 'start'
[14:13:15.485] [bmv2] [D] [thread 5289] [7.0] [cxt 0] Extracting header 'ethernet'
[14:13:15.485] [bmv2] [D] [thread 5289] [7.0] [cxt 0] Parser state 'start': key is 86dd
[14:13:15.486] [bmv2] [T] [thread 5289] [7.0] [cxt 0] Bytes parsed: 14
[14:13:15.486] [bmv2] [D] [thread 5289] [7.0] [cxt 0] Parser 'parser' entering state 'parse_ipv6'
[14:13:15.486] [bmv2] [D] [thread 5289] [7.0] [cxt 0] Extracting header 'ipv6'
[14:13:15.486] [bmv2] [D] [thread 5289] [7.0] [cxt 0] Parser state 'parse_ipv6': key is 3a
[14:13:15.486] [bmv2] [T] [thread 5289] [7.0] [cxt 0] Bytes parsed: 54
[14:13:15.486] [bmv2] [D] [thread 5289] [7.0] [cxt 0] Parser 'parser': end
[14:13:15.486] [bmv2] [D] [thread 5289] [7.0] [cxt 0] Pipeline 'ingress': start
[14:13:15.486] [bmv2] [T] [thread 5289] [7.0] [cxt 0] basic.p4(591) Condition "hdr.ipv6.isValid()" (node_2) is true
[14:13:15.486] [bmv2] [T] [thread 5289] [7.0] [cxt 0] Applying table 'MyIngress.ipv6_tbl'
[14:13:15.486] [bmv2] [D] [thread 5289] [7.0] [cxt 0] Looking up key:
* hdr.ipv6.dstAddr    : ff020000000000000000000000000002

[14:13:15.486] [bmv2] [D] [thread 5289] [7.0] [cxt 0] Table 'MyIngress.ipv6_tbl': miss
[14:13:15.486] [bmv2] [D] [thread 5289] [7.0] [cxt 0] Action entry is NoAction - 
[14:13:15.486] [bmv2] [T] [thread 5289] [7.0] [cxt 0] Action NoAction
[14:13:15.486] [bmv2] [T] [thread 5289] [7.0] [cxt 0] basic.p4(593) Condition "meta.is_src == 1 && hdr.src.isValid()" (node_4) is false
[14:13:15.486] [bmv2] [T] [thread 5289] [7.0] [cxt 0] basic.p4(622) Condition "hdr.ipv4.isValid() && meta.is_src == 0" (node_19) is false
[14:13:15.486] [bmv2] [T] [thread 5289] [7.0] [cxt 0] basic.p4(652) Condition "meta.is_last_hop == 1" (node_36) is false
[14:13:15.486] [bmv2] [T] [thread 5289] [7.0] [cxt 0] basic.p4(666) Condition "hdr.ethernet.etherType == TYPE_IPV4" (node_43) is false
[14:13:15.486] [bmv2] [T] [thread 5289] [7.0] [cxt 0] basic.p4(669) Condition "hdr.ethernet.etherType == TYPE_IPV6" (node_45) is true
[14:13:15.486] [bmv2] [T] [thread 5289] [7.0] [cxt 0] Applying table 'MyIngress.ipv6_lpm'
[14:13:15.486] [bmv2] [D] [thread 5289] [7.0] [cxt 0] Looking up key:
* hdr.ipv6.dstAddr    : ff020000000000000000000000000002

[14:13:15.486] [bmv2] [D] [thread 5289] [7.0] [cxt 0] Table 'MyIngress.ipv6_lpm': miss
[14:13:15.486] [bmv2] [D] [thread 5289] [7.0] [cxt 0] Action entry is MyIngress.drop - 
[14:13:15.486] [bmv2] [T] [thread 5289] [7.0] [cxt 0] Action MyIngress.drop
[14:13:15.486] [bmv2] [T] [thread 5289] [7.0] [cxt 0] basic.p4(233) Primitive mark_to_drop(standard_metadata)
[14:13:15.486] [bmv2] [D] [thread 5289] [7.0] [cxt 0] Pipeline 'ingress': end
[14:13:15.486] [bmv2] [D] [thread 5289] [7.0] [cxt 0] Egress port is 511
[14:13:15.486] [bmv2] [D] [thread 5289] [7.0] [cxt 0] Dropping packet at the end of ingress
[14:13:17.820] [bmv2] [T] [thread 5455] bm_get_config
[14:13:17.829] [bmv2] [T] [thread 5455] bm_set_default_action
[14:13:17.829] [bmv2] [D] [thread 5455] Set default entry for table 'MyIngress.ipv4_tbl': MyIngress.drop - 
[14:13:17.829] [bmv2] [T] [thread 5455] bm_set_default_action
[14:13:17.829] [bmv2] [D] [thread 5455] Set default entry for table 'MyIngress.ipv6_tbl': MyIngress.drop - 
[14:13:17.829] [bmv2] [T] [thread 5455] bm_set_default_action
[14:13:17.829] [bmv2] [D] [thread 5455] Set default entry for table 'MyIngress.ipv6_lpm': MyIngress.drop - 
[14:13:17.830] [bmv2] [T] [thread 5455] bm_table_add_entry
[14:13:17.830] [bmv2] [D] [thread 5455] Entry 0 added to table 'MyIngress.ipv4_lpm'
[14:13:17.830] [bmv2] [D] [thread 5455] Dumping entry 0
Match key:
* hdr.ipv4.dstAddr    : LPM       14001902/32
Action entry: MyIngress.ipv4_forward - a000300,1,

[14:13:17.831] [bmv2] [T] [thread 5455] bm_table_add_entry
[14:13:17.831] [bmv2] [D] [thread 5455] Entry 0 added to table 'MyIngress.ipv4_tbl'
[14:13:17.831] [bmv2] [D] [thread 5455] Dumping entry 0
Match key:
* hdr.ipv4.dstAddr    : LPM       14001905/32
Action entry: MyIngress.set_is_src_v4 - 800,c8,

[14:13:17.832] [bmv2] [T] [thread 5455] bm_table_add_entry
[14:13:17.832] [bmv2] [D] [thread 5455] Entry 0 added to table 'MyIngress.ipv6_tbl'
[14:13:17.832] [bmv2] [D] [thread 5455] Dumping entry 0
Match key:
* hdr.ipv6.dstAddr    : LPM       fe800057000000000000000000000005/128
Action entry: MyIngress.set_is_src_v6 - 86dd,12c,

[14:13:17.833] [bmv2] [T] [thread 5455] bm_table_add_entry
[14:13:17.833] [bmv2] [D] [thread 5455] Entry 0 added to table 'MyIngress.src4_tbl'
[14:13:17.833] [bmv2] [D] [thread 5455] Dumping entry 0
Match key:
* meta.curr_swID      : EXACT     00000000000000000000000000000005
* meta.next_swID      : EXACT     00000000000000000000000000000007
* meta.next_domainID  : EXACT     0000012c
Action entry: MyIngress.nextHop_forward_4to6 - fe800057000000000000000000000005,fe800057000000000000000000000007,

[14:13:17.833] [bmv2] [T] [thread 5455] bm_table_add_entry
[14:13:17.834] [bmv2] [D] [thread 5455] Entry 0 added to table 'MyIngress.src6_tbl'
[14:13:17.834] [bmv2] [D] [thread 5455] Dumping entry 0
Match key:
* meta.curr_swID      : EXACT     00000000000000000000000000000005
* meta.next_swID      : EXACT     00000000000000000000000000000002
* meta.next_domainID  : EXACT     000000c8
Action entry: MyIngress.nextHop_forward_6to4 - 14001905,14001902,

[14:13:17.834] [bmv2] [T] [thread 5455] bm_table_add_entry
[14:13:17.834] [bmv2] [D] [thread 5455] Entry 0 added to table 'MyIngress.ipv6_lpm'
[14:13:17.834] [bmv2] [D] [thread 5455] Dumping entry 0
Match key:
* hdr.ipv6.dstAddr    : LPM       fe800057000000000000000000000007/128
Action entry: MyIngress.ipv6_forward - a000600,3,

open: No such file or directory
open: No such file or directory
open: No such file or directory
open: No such file or directory
open: No such file or directory
open: No such file or directory
open: No such file or directory
open: No such file or directory
open: No such file or directory
