Warning: you requested the nanomsg event logger, but bmv2 was compiled without -DBMELOG, and the event logger cannot be activated
Calling target program-options parser
[07:41:21.341] [bmv2] [D] [thread 16879] Set default default entry for table 'MyIngress.ipv6_tbl': NoAction - 
[07:41:21.342] [bmv2] [D] [thread 16879] Set default default entry for table 'MyIngress.ipv4_tbl': NoAction - 
[07:41:21.342] [bmv2] [D] [thread 16879] Set default default entry for table 'MyIngress.ipv6_lpm': MyIngress.drop - 
Adding interface s2-eth1 as port 1
[07:41:21.347] [bmv2] [D] [thread 16879] Adding interface s2-eth1 as port 1
Adding interface s2-eth2 as port 2
[07:41:21.370] [bmv2] [D] [thread 16879] Adding interface s2-eth2 as port 2
[07:41:21.402] [bmv2] [I] [thread 16879] Starting Thrift server on port 9091
[07:41:21.403] [bmv2] [I] [thread 16879] Thrift server was started
[07:41:21.502] [bmv2] [D] [thread 16885] [0.0] [cxt 0] Processing packet received on port 2
[07:41:21.502] [bmv2] [D] [thread 16885] [0.0] [cxt 0] Parser 'parser': start
[07:41:21.502] [bmv2] [D] [thread 16885] [0.0] [cxt 0] Parser 'parser' entering state 'start'
[07:41:21.502] [bmv2] [D] [thread 16885] [0.0] [cxt 0] Extracting header 'ethernet'
[07:41:21.502] [bmv2] [D] [thread 16885] [0.0] [cxt 0] Parser state 'start': key is 86dd
[07:41:21.502] [bmv2] [T] [thread 16885] [0.0] [cxt 0] Bytes parsed: 14
[07:41:21.502] [bmv2] [D] [thread 16885] [0.0] [cxt 0] Parser 'parser' entering state 'parse_ipv6'
[07:41:21.502] [bmv2] [D] [thread 16885] [0.0] [cxt 0] Extracting header 'ipv6'
[07:41:21.502] [bmv2] [D] [thread 16885] [0.0] [cxt 0] Parser state 'parse_ipv6': key is 00
[07:41:21.502] [bmv2] [T] [thread 16885] [0.0] [cxt 0] Bytes parsed: 54
[07:41:21.502] [bmv2] [D] [thread 16885] [0.0] [cxt 0] Parser 'parser': end
[07:41:21.502] [bmv2] [D] [thread 16885] [0.0] [cxt 0] Pipeline 'ingress': start
[07:41:21.502] [bmv2] [T] [thread 16885] [0.0] [cxt 0] basic.p4(305) Condition "hdr.ipv6.isValid()" (node_2) is true
[07:41:21.502] [bmv2] [T] [thread 16885] [0.0] [cxt 0] Applying table 'MyIngress.ipv6_tbl'
[07:41:21.502] [bmv2] [D] [thread 16885] [0.0] [cxt 0] Looking up key:
* hdr.ipv6.dstAddr    : ff020000000000000000000000000016

[07:41:21.502] [bmv2] [D] [thread 16885] [0.0] [cxt 0] Table 'MyIngress.ipv6_tbl': miss
[07:41:21.502] [bmv2] [D] [thread 16885] [0.0] [cxt 0] Action entry is NoAction - 
[07:41:21.502] [bmv2] [T] [thread 16885] [0.0] [cxt 0] Action NoAction
[07:41:21.502] [bmv2] [T] [thread 16885] [0.0] [cxt 0] basic.p4(309) Condition "hdr.ipv4.isValid()" (node_4) is false
[07:41:21.502] [bmv2] [T] [thread 16885] [0.0] [cxt 0] basic.p4(312) Condition "hdr.ipv6.isValid() && (meta.is_ingress_border == 1 || meta.is_egress_border == 1)" (node_6) is false
[07:41:21.502] [bmv2] [D] [thread 16885] [0.0] [cxt 0] Pipeline 'ingress': end
[07:41:21.502] [bmv2] [D] [thread 16885] [0.0] [cxt 0] Egress port is 0
[07:41:21.502] [bmv2] [D] [thread 16886] [0.0] [cxt 0] Pipeline 'egress': start
[07:41:21.502] [bmv2] [D] [thread 16886] [0.0] [cxt 0] Pipeline 'egress': end
[07:41:21.502] [bmv2] [D] [thread 16886] [0.0] [cxt 0] Deparser 'deparser': start
[07:41:21.502] [bmv2] [T] [thread 16886] [0.0] [cxt 0] Skipping checksum 'cksum' update because condition not met
[07:41:21.502] [bmv2] [D] [thread 16886] [0.0] [cxt 0] Deparsing header 'ethernet'
[07:41:21.502] [bmv2] [D] [thread 16886] [0.0] [cxt 0] Deparsing header 'ipv6'
[07:41:21.502] [bmv2] [D] [thread 16886] [0.0] [cxt 0] Deparser 'deparser': end
[07:41:21.502] [bmv2] [D] [thread 16890] [0.0] [cxt 0] Transmitting packet of size 90 out of port 0
[07:41:21.694] [bmv2] [D] [thread 16885] [1.0] [cxt 0] Processing packet received on port 1
[07:41:21.694] [bmv2] [D] [thread 16885] [1.0] [cxt 0] Parser 'parser': start
[07:41:21.694] [bmv2] [D] [thread 16885] [1.0] [cxt 0] Parser 'parser' entering state 'start'
[07:41:21.694] [bmv2] [D] [thread 16885] [1.0] [cxt 0] Extracting header 'ethernet'
[07:41:21.694] [bmv2] [D] [thread 16885] [1.0] [cxt 0] Parser state 'start': key is 86dd
[07:41:21.694] [bmv2] [T] [thread 16885] [1.0] [cxt 0] Bytes parsed: 14
[07:41:21.694] [bmv2] [D] [thread 16885] [1.0] [cxt 0] Parser 'parser' entering state 'parse_ipv6'
[07:41:21.694] [bmv2] [D] [thread 16885] [1.0] [cxt 0] Extracting header 'ipv6'
[07:41:21.694] [bmv2] [D] [thread 16885] [1.0] [cxt 0] Parser state 'parse_ipv6': key is 00
[07:41:21.694] [bmv2] [T] [thread 16885] [1.0] [cxt 0] Bytes parsed: 54
[07:41:21.694] [bmv2] [D] [thread 16885] [1.0] [cxt 0] Parser 'parser': end
[07:41:21.695] [bmv2] [D] [thread 16885] [1.0] [cxt 0] Pipeline 'ingress': start
[07:41:21.695] [bmv2] [T] [thread 16885] [1.0] [cxt 0] basic.p4(305) Condition "hdr.ipv6.isValid()" (node_2) is true
[07:41:21.695] [bmv2] [T] [thread 16885] [1.0] [cxt 0] Applying table 'MyIngress.ipv6_tbl'
[07:41:21.695] [bmv2] [D] [thread 16885] [1.0] [cxt 0] Looking up key:
* hdr.ipv6.dstAddr    : ff020000000000000000000000000016

[07:41:21.695] [bmv2] [D] [thread 16885] [1.0] [cxt 0] Table 'MyIngress.ipv6_tbl': miss
[07:41:21.695] [bmv2] [D] [thread 16885] [1.0] [cxt 0] Action entry is NoAction - 
[07:41:21.695] [bmv2] [T] [thread 16885] [1.0] [cxt 0] Action NoAction
[07:41:21.695] [bmv2] [T] [thread 16885] [1.0] [cxt 0] basic.p4(309) Condition "hdr.ipv4.isValid()" (node_4) is false
[07:41:21.695] [bmv2] [T] [thread 16885] [1.0] [cxt 0] basic.p4(312) Condition "hdr.ipv6.isValid() && (meta.is_ingress_border == 1 || meta.is_egress_border == 1)" (node_6) is false
[07:41:21.695] [bmv2] [D] [thread 16885] [1.0] [cxt 0] Pipeline 'ingress': end
[07:41:21.695] [bmv2] [D] [thread 16885] [1.0] [cxt 0] Egress port is 0
[07:41:21.695] [bmv2] [D] [thread 16885] [2.0] [cxt 0] Processing packet received on port 1
[07:41:21.695] [bmv2] [D] [thread 16885] [2.0] [cxt 0] Parser 'parser': start
[07:41:21.695] [bmv2] [D] [thread 16885] [2.0] [cxt 0] Parser 'parser' entering state 'start'
[07:41:21.695] [bmv2] [D] [thread 16885] [2.0] [cxt 0] Extracting header 'ethernet'
[07:41:21.695] [bmv2] [D] [thread 16885] [2.0] [cxt 0] Parser state 'start': key is 86dd
[07:41:21.695] [bmv2] [T] [thread 16885] [2.0] [cxt 0] Bytes parsed: 14
[07:41:21.695] [bmv2] [D] [thread 16885] [2.0] [cxt 0] Parser 'parser' entering state 'parse_ipv6'
[07:41:21.695] [bmv2] [D] [thread 16885] [2.0] [cxt 0] Extracting header 'ipv6'
[07:41:21.695] [bmv2] [D] [thread 16886] [1.0] [cxt 0] Pipeline 'egress': start
[07:41:21.695] [bmv2] [D] [thread 16885] [2.0] [cxt 0] Parser state 'parse_ipv6': key is 3a
[07:41:21.695] [bmv2] [D] [thread 16886] [1.0] [cxt 0] Pipeline 'egress': end
[07:41:21.695] [bmv2] [T] [thread 16885] [2.0] [cxt 0] Bytes parsed: 54
[07:41:21.695] [bmv2] [D] [thread 16886] [1.0] [cxt 0] Deparser 'deparser': start
[07:41:21.695] [bmv2] [D] [thread 16885] [2.0] [cxt 0] Parser 'parser': end
[07:41:21.695] [bmv2] [T] [thread 16886] [1.0] [cxt 0] Skipping checksum 'cksum' update because condition not met
[07:41:21.695] [bmv2] [D] [thread 16885] [2.0] [cxt 0] Pipeline 'ingress': start
[07:41:21.695] [bmv2] [D] [thread 16886] [1.0] [cxt 0] Deparsing header 'ethernet'
[07:41:21.695] [bmv2] [D] [thread 16886] [1.0] [cxt 0] Deparsing header 'ipv6'
[07:41:21.695] [bmv2] [T] [thread 16885] [2.0] [cxt 0] basic.p4(305) Condition "hdr.ipv6.isValid()" (node_2) is true
[07:41:21.695] [bmv2] [D] [thread 16886] [1.0] [cxt 0] Deparser 'deparser': end
[07:41:21.695] [bmv2] [T] [thread 16885] [2.0] [cxt 0] Applying table 'MyIngress.ipv6_tbl'
[07:41:21.695] [bmv2] [D] [thread 16885] [2.0] [cxt 0] Looking up key:
* hdr.ipv6.dstAddr    : ff020000000000000000000000000002

[07:41:21.695] [bmv2] [D] [thread 16885] [2.0] [cxt 0] Table 'MyIngress.ipv6_tbl': miss
[07:41:21.695] [bmv2] [D] [thread 16885] [2.0] [cxt 0] Action entry is NoAction - 
[07:41:21.695] [bmv2] [T] [thread 16885] [2.0] [cxt 0] Action NoAction
[07:41:21.695] [bmv2] [T] [thread 16885] [2.0] [cxt 0] basic.p4(309) Condition "hdr.ipv4.isValid()" (node_4) is false
[07:41:21.695] [bmv2] [T] [thread 16885] [2.0] [cxt 0] basic.p4(312) Condition "hdr.ipv6.isValid() && (meta.is_ingress_border == 1 || meta.is_egress_border == 1)" (node_6) is false
[07:41:21.695] [bmv2] [D] [thread 16885] [2.0] [cxt 0] Pipeline 'ingress': end
[07:41:21.695] [bmv2] [D] [thread 16885] [2.0] [cxt 0] Egress port is 0
[07:41:21.695] [bmv2] [D] [thread 16886] [2.0] [cxt 0] Pipeline 'egress': start
[07:41:21.695] [bmv2] [D] [thread 16886] [2.0] [cxt 0] Pipeline 'egress': end
[07:41:21.695] [bmv2] [D] [thread 16886] [2.0] [cxt 0] Deparser 'deparser': start
[07:41:21.695] [bmv2] [T] [thread 16886] [2.0] [cxt 0] Skipping checksum 'cksum' update because condition not met
[07:41:21.695] [bmv2] [D] [thread 16886] [2.0] [cxt 0] Deparsing header 'ethernet'
[07:41:21.695] [bmv2] [D] [thread 16886] [2.0] [cxt 0] Deparsing header 'ipv6'
[07:41:21.695] [bmv2] [D] [thread 16886] [2.0] [cxt 0] Deparser 'deparser': end
[07:41:21.695] [bmv2] [D] [thread 16890] [1.0] [cxt 0] Transmitting packet of size 90 out of port 0
[07:41:21.695] [bmv2] [D] [thread 16890] [2.0] [cxt 0] Transmitting packet of size 70 out of port 0
[07:41:21.770] [bmv2] [D] [thread 16885] [3.0] [cxt 0] Processing packet received on port 2
[07:41:21.770] [bmv2] [D] [thread 16885] [3.0] [cxt 0] Parser 'parser': start
[07:41:21.770] [bmv2] [D] [thread 16885] [3.0] [cxt 0] Parser 'parser' entering state 'start'
[07:41:21.770] [bmv2] [D] [thread 16885] [3.0] [cxt 0] Extracting header 'ethernet'
[07:41:21.770] [bmv2] [D] [thread 16885] [3.0] [cxt 0] Parser state 'start': key is 86dd
[07:41:21.770] [bmv2] [T] [thread 16885] [3.0] [cxt 0] Bytes parsed: 14
[07:41:21.770] [bmv2] [D] [thread 16885] [3.0] [cxt 0] Parser 'parser' entering state 'parse_ipv6'
[07:41:21.770] [bmv2] [D] [thread 16885] [3.0] [cxt 0] Extracting header 'ipv6'
[07:41:21.770] [bmv2] [D] [thread 16885] [3.0] [cxt 0] Parser state 'parse_ipv6': key is 00
[07:41:21.770] [bmv2] [T] [thread 16885] [3.0] [cxt 0] Bytes parsed: 54
[07:41:21.770] [bmv2] [D] [thread 16885] [3.0] [cxt 0] Parser 'parser': end
[07:41:21.770] [bmv2] [D] [thread 16885] [3.0] [cxt 0] Pipeline 'ingress': start
[07:41:21.770] [bmv2] [T] [thread 16885] [3.0] [cxt 0] basic.p4(305) Condition "hdr.ipv6.isValid()" (node_2) is true
[07:41:21.770] [bmv2] [T] [thread 16885] [3.0] [cxt 0] Applying table 'MyIngress.ipv6_tbl'
[07:41:21.770] [bmv2] [D] [thread 16885] [3.0] [cxt 0] Looking up key:
* hdr.ipv6.dstAddr    : ff020000000000000000000000000016

[07:41:21.770] [bmv2] [D] [thread 16885] [3.0] [cxt 0] Table 'MyIngress.ipv6_tbl': miss
[07:41:21.770] [bmv2] [D] [thread 16885] [3.0] [cxt 0] Action entry is NoAction - 
[07:41:21.770] [bmv2] [T] [thread 16885] [3.0] [cxt 0] Action NoAction
[07:41:21.770] [bmv2] [T] [thread 16885] [3.0] [cxt 0] basic.p4(309) Condition "hdr.ipv4.isValid()" (node_4) is false
[07:41:21.770] [bmv2] [T] [thread 16885] [3.0] [cxt 0] basic.p4(312) Condition "hdr.ipv6.isValid() && (meta.is_ingress_border == 1 || meta.is_egress_border == 1)" (node_6) is false
[07:41:21.770] [bmv2] [D] [thread 16885] [3.0] [cxt 0] Pipeline 'ingress': end
[07:41:21.770] [bmv2] [D] [thread 16885] [3.0] [cxt 0] Egress port is 0
[07:41:21.770] [bmv2] [D] [thread 16885] [4.0] [cxt 0] Processing packet received on port 2
[07:41:21.770] [bmv2] [D] [thread 16885] [4.0] [cxt 0] Parser 'parser': start
[07:41:21.770] [bmv2] [D] [thread 16885] [4.0] [cxt 0] Parser 'parser' entering state 'start'
[07:41:21.770] [bmv2] [D] [thread 16885] [4.0] [cxt 0] Extracting header 'ethernet'
[07:41:21.770] [bmv2] [D] [thread 16885] [4.0] [cxt 0] Parser state 'start': key is 86dd
[07:41:21.770] [bmv2] [T] [thread 16885] [4.0] [cxt 0] Bytes parsed: 14
[07:41:21.770] [bmv2] [D] [thread 16885] [4.0] [cxt 0] Parser 'parser' entering state 'parse_ipv6'
[07:41:21.770] [bmv2] [D] [thread 16885] [4.0] [cxt 0] Extracting header 'ipv6'
[07:41:21.770] [bmv2] [D] [thread 16885] [4.0] [cxt 0] Parser state 'parse_ipv6': key is 3a
[07:41:21.770] [bmv2] [T] [thread 16885] [4.0] [cxt 0] Bytes parsed: 54
[07:41:21.770] [bmv2] [D] [thread 16885] [4.0] [cxt 0] Parser 'parser': end
[07:41:21.770] [bmv2] [D] [thread 16885] [4.0] [cxt 0] Pipeline 'ingress': start
[07:41:21.770] [bmv2] [T] [thread 16885] [4.0] [cxt 0] basic.p4(305) Condition "hdr.ipv6.isValid()" (node_2) is true
[07:41:21.770] [bmv2] [T] [thread 16885] [4.0] [cxt 0] Applying table 'MyIngress.ipv6_tbl'
[07:41:21.770] [bmv2] [D] [thread 16885] [4.0] [cxt 0] Looking up key:
* hdr.ipv6.dstAddr    : ff020000000000000000000000000002

[07:41:21.770] [bmv2] [D] [thread 16885] [4.0] [cxt 0] Table 'MyIngress.ipv6_tbl': miss
[07:41:21.770] [bmv2] [D] [thread 16885] [4.0] [cxt 0] Action entry is NoAction - 
[07:41:21.770] [bmv2] [T] [thread 16885] [4.0] [cxt 0] Action NoAction
[07:41:21.770] [bmv2] [T] [thread 16885] [4.0] [cxt 0] basic.p4(309) Condition "hdr.ipv4.isValid()" (node_4) is false
[07:41:21.770] [bmv2] [T] [thread 16885] [4.0] [cxt 0] basic.p4(312) Condition "hdr.ipv6.isValid() && (meta.is_ingress_border == 1 || meta.is_egress_border == 1)" (node_6) is false
[07:41:21.770] [bmv2] [D] [thread 16885] [4.0] [cxt 0] Pipeline 'ingress': end
[07:41:21.770] [bmv2] [D] [thread 16885] [4.0] [cxt 0] Egress port is 0
[07:41:21.771] [bmv2] [D] [thread 16886] [3.0] [cxt 0] Pipeline 'egress': start
[07:41:21.771] [bmv2] [D] [thread 16886] [3.0] [cxt 0] Pipeline 'egress': end
[07:41:21.771] [bmv2] [D] [thread 16886] [3.0] [cxt 0] Deparser 'deparser': start
[07:41:21.771] [bmv2] [T] [thread 16886] [3.0] [cxt 0] Skipping checksum 'cksum' update because condition not met
[07:41:21.771] [bmv2] [D] [thread 16886] [3.0] [cxt 0] Deparsing header 'ethernet'
[07:41:21.771] [bmv2] [D] [thread 16886] [3.0] [cxt 0] Deparsing header 'ipv6'
[07:41:21.771] [bmv2] [D] [thread 16886] [3.0] [cxt 0] Deparser 'deparser': end
[07:41:21.771] [bmv2] [D] [thread 16886] [4.0] [cxt 0] Pipeline 'egress': start
[07:41:21.771] [bmv2] [D] [thread 16886] [4.0] [cxt 0] Pipeline 'egress': end
[07:41:21.771] [bmv2] [D] [thread 16886] [4.0] [cxt 0] Deparser 'deparser': start
[07:41:21.771] [bmv2] [T] [thread 16886] [4.0] [cxt 0] Skipping checksum 'cksum' update because condition not met
[07:41:21.771] [bmv2] [D] [thread 16886] [4.0] [cxt 0] Deparsing header 'ethernet'
[07:41:21.771] [bmv2] [D] [thread 16886] [4.0] [cxt 0] Deparsing header 'ipv6'
[07:41:21.771] [bmv2] [D] [thread 16886] [4.0] [cxt 0] Deparser 'deparser': end
[07:41:21.771] [bmv2] [D] [thread 16890] [3.0] [cxt 0] Transmitting packet of size 90 out of port 0
[07:41:21.771] [bmv2] [D] [thread 16890] [4.0] [cxt 0] Transmitting packet of size 70 out of port 0
[07:41:21.969] [bmv2] [D] [thread 16885] [5.0] [cxt 0] Processing packet received on port 1
[07:41:21.969] [bmv2] [D] [thread 16885] [5.0] [cxt 0] Parser 'parser': start
[07:41:21.969] [bmv2] [D] [thread 16885] [5.0] [cxt 0] Parser 'parser' entering state 'start'
[07:41:21.969] [bmv2] [D] [thread 16885] [5.0] [cxt 0] Extracting header 'ethernet'
[07:41:21.969] [bmv2] [D] [thread 16885] [5.0] [cxt 0] Parser state 'start': key is 86dd
[07:41:21.969] [bmv2] [T] [thread 16885] [5.0] [cxt 0] Bytes parsed: 14
[07:41:21.969] [bmv2] [D] [thread 16885] [5.0] [cxt 0] Parser 'parser' entering state 'parse_ipv6'
[07:41:21.969] [bmv2] [D] [thread 16885] [5.0] [cxt 0] Extracting header 'ipv6'
[07:41:21.969] [bmv2] [D] [thread 16885] [5.0] [cxt 0] Parser state 'parse_ipv6': key is 00
[07:41:21.969] [bmv2] [T] [thread 16885] [5.0] [cxt 0] Bytes parsed: 54
[07:41:21.969] [bmv2] [D] [thread 16885] [5.0] [cxt 0] Parser 'parser': end
[07:41:21.969] [bmv2] [D] [thread 16885] [5.0] [cxt 0] Pipeline 'ingress': start
[07:41:21.969] [bmv2] [T] [thread 16885] [5.0] [cxt 0] basic.p4(305) Condition "hdr.ipv6.isValid()" (node_2) is true
[07:41:21.969] [bmv2] [T] [thread 16885] [5.0] [cxt 0] Applying table 'MyIngress.ipv6_tbl'
[07:41:21.969] [bmv2] [D] [thread 16885] [5.0] [cxt 0] Looking up key:
* hdr.ipv6.dstAddr    : ff020000000000000000000000000016

[07:41:21.969] [bmv2] [D] [thread 16885] [5.0] [cxt 0] Table 'MyIngress.ipv6_tbl': miss
[07:41:21.969] [bmv2] [D] [thread 16885] [5.0] [cxt 0] Action entry is NoAction - 
[07:41:21.969] [bmv2] [T] [thread 16885] [5.0] [cxt 0] Action NoAction
[07:41:21.969] [bmv2] [T] [thread 16885] [5.0] [cxt 0] basic.p4(309) Condition "hdr.ipv4.isValid()" (node_4) is false
[07:41:21.969] [bmv2] [T] [thread 16885] [5.0] [cxt 0] basic.p4(312) Condition "hdr.ipv6.isValid() && (meta.is_ingress_border == 1 || meta.is_egress_border == 1)" (node_6) is false
[07:41:21.969] [bmv2] [D] [thread 16885] [5.0] [cxt 0] Pipeline 'ingress': end
[07:41:21.970] [bmv2] [D] [thread 16885] [5.0] [cxt 0] Egress port is 0
[07:41:21.970] [bmv2] [D] [thread 16886] [5.0] [cxt 0] Pipeline 'egress': start
[07:41:21.970] [bmv2] [D] [thread 16886] [5.0] [cxt 0] Pipeline 'egress': end
[07:41:21.970] [bmv2] [D] [thread 16886] [5.0] [cxt 0] Deparser 'deparser': start
[07:41:21.970] [bmv2] [T] [thread 16886] [5.0] [cxt 0] Skipping checksum 'cksum' update because condition not met
[07:41:21.970] [bmv2] [D] [thread 16886] [5.0] [cxt 0] Deparsing header 'ethernet'
[07:41:21.970] [bmv2] [D] [thread 16886] [5.0] [cxt 0] Deparsing header 'ipv6'
[07:41:21.970] [bmv2] [D] [thread 16886] [5.0] [cxt 0] Deparser 'deparser': end
[07:41:21.970] [bmv2] [D] [thread 16890] [5.0] [cxt 0] Transmitting packet of size 90 out of port 0
[07:41:22.587] [bmv2] [D] [thread 16885] [6.0] [cxt 0] Processing packet received on port 2
[07:41:22.587] [bmv2] [D] [thread 16885] [6.0] [cxt 0] Parser 'parser': start
[07:41:22.587] [bmv2] [D] [thread 16885] [6.0] [cxt 0] Parser 'parser' entering state 'start'
[07:41:22.587] [bmv2] [D] [thread 16885] [6.0] [cxt 0] Extracting header 'ethernet'
[07:41:22.587] [bmv2] [D] [thread 16885] [6.0] [cxt 0] Parser state 'start': key is 86dd
[07:41:22.587] [bmv2] [T] [thread 16885] [6.0] [cxt 0] Bytes parsed: 14
[07:41:22.587] [bmv2] [D] [thread 16885] [6.0] [cxt 0] Parser 'parser' entering state 'parse_ipv6'
[07:41:22.587] [bmv2] [D] [thread 16885] [6.0] [cxt 0] Extracting header 'ipv6'
[07:41:22.587] [bmv2] [D] [thread 16885] [6.0] [cxt 0] Parser state 'parse_ipv6': key is 00
[07:41:22.587] [bmv2] [T] [thread 16885] [6.0] [cxt 0] Bytes parsed: 54
[07:41:22.587] [bmv2] [D] [thread 16885] [6.0] [cxt 0] Parser 'parser': end
[07:41:22.587] [bmv2] [D] [thread 16885] [6.0] [cxt 0] Pipeline 'ingress': start
[07:41:22.587] [bmv2] [T] [thread 16885] [6.0] [cxt 0] basic.p4(305) Condition "hdr.ipv6.isValid()" (node_2) is true
[07:41:22.587] [bmv2] [T] [thread 16885] [6.0] [cxt 0] Applying table 'MyIngress.ipv6_tbl'
[07:41:22.587] [bmv2] [D] [thread 16885] [6.0] [cxt 0] Looking up key:
* hdr.ipv6.dstAddr    : ff020000000000000000000000000016

[07:41:22.587] [bmv2] [D] [thread 16885] [6.0] [cxt 0] Table 'MyIngress.ipv6_tbl': miss
[07:41:22.587] [bmv2] [D] [thread 16885] [6.0] [cxt 0] Action entry is NoAction - 
[07:41:22.587] [bmv2] [T] [thread 16885] [6.0] [cxt 0] Action NoAction
[07:41:22.587] [bmv2] [T] [thread 16885] [6.0] [cxt 0] basic.p4(309) Condition "hdr.ipv4.isValid()" (node_4) is false
[07:41:22.587] [bmv2] [T] [thread 16885] [6.0] [cxt 0] basic.p4(312) Condition "hdr.ipv6.isValid() && (meta.is_ingress_border == 1 || meta.is_egress_border == 1)" (node_6) is false
[07:41:22.587] [bmv2] [D] [thread 16885] [6.0] [cxt 0] Pipeline 'ingress': end
[07:41:22.587] [bmv2] [D] [thread 16885] [6.0] [cxt 0] Egress port is 0
[07:41:22.587] [bmv2] [D] [thread 16886] [6.0] [cxt 0] Pipeline 'egress': start
[07:41:22.587] [bmv2] [D] [thread 16886] [6.0] [cxt 0] Pipeline 'egress': end
[07:41:22.587] [bmv2] [D] [thread 16886] [6.0] [cxt 0] Deparser 'deparser': start
[07:41:22.587] [bmv2] [T] [thread 16886] [6.0] [cxt 0] Skipping checksum 'cksum' update because condition not met
[07:41:22.587] [bmv2] [D] [thread 16886] [6.0] [cxt 0] Deparsing header 'ethernet'
[07:41:22.587] [bmv2] [D] [thread 16886] [6.0] [cxt 0] Deparsing header 'ipv6'
[07:41:22.587] [bmv2] [D] [thread 16886] [6.0] [cxt 0] Deparser 'deparser': end
[07:41:22.587] [bmv2] [D] [thread 16890] [6.0] [cxt 0] Transmitting packet of size 90 out of port 0
[07:41:25.281] [bmv2] [D] [thread 16885] [7.0] [cxt 0] Processing packet received on port 1
[07:41:25.281] [bmv2] [D] [thread 16885] [7.0] [cxt 0] Parser 'parser': start
[07:41:25.281] [bmv2] [D] [thread 16885] [7.0] [cxt 0] Parser 'parser' entering state 'start'
[07:41:25.281] [bmv2] [D] [thread 16885] [7.0] [cxt 0] Extracting header 'ethernet'
[07:41:25.281] [bmv2] [D] [thread 16885] [7.0] [cxt 0] Parser state 'start': key is 86dd
[07:41:25.281] [bmv2] [T] [thread 16885] [7.0] [cxt 0] Bytes parsed: 14
[07:41:25.281] [bmv2] [D] [thread 16885] [7.0] [cxt 0] Parser 'parser' entering state 'parse_ipv6'
[07:41:25.281] [bmv2] [D] [thread 16885] [7.0] [cxt 0] Extracting header 'ipv6'
[07:41:25.281] [bmv2] [D] [thread 16885] [7.0] [cxt 0] Parser state 'parse_ipv6': key is 3a
[07:41:25.281] [bmv2] [T] [thread 16885] [7.0] [cxt 0] Bytes parsed: 54
[07:41:25.281] [bmv2] [D] [thread 16885] [7.0] [cxt 0] Parser 'parser': end
[07:41:25.281] [bmv2] [D] [thread 16885] [7.0] [cxt 0] Pipeline 'ingress': start
[07:41:25.281] [bmv2] [T] [thread 16885] [7.0] [cxt 0] basic.p4(305) Condition "hdr.ipv6.isValid()" (node_2) is true
[07:41:25.281] [bmv2] [T] [thread 16885] [7.0] [cxt 0] Applying table 'MyIngress.ipv6_tbl'
[07:41:25.281] [bmv2] [D] [thread 16885] [7.0] [cxt 0] Looking up key:
* hdr.ipv6.dstAddr    : ff020000000000000000000000000002

[07:41:25.281] [bmv2] [D] [thread 16885] [7.0] [cxt 0] Table 'MyIngress.ipv6_tbl': miss
[07:41:25.281] [bmv2] [D] [thread 16885] [7.0] [cxt 0] Action entry is NoAction - 
[07:41:25.281] [bmv2] [T] [thread 16885] [7.0] [cxt 0] Action NoAction
[07:41:25.281] [bmv2] [T] [thread 16885] [7.0] [cxt 0] basic.p4(309) Condition "hdr.ipv4.isValid()" (node_4) is false
[07:41:25.281] [bmv2] [T] [thread 16885] [7.0] [cxt 0] basic.p4(312) Condition "hdr.ipv6.isValid() && (meta.is_ingress_border == 1 || meta.is_egress_border == 1)" (node_6) is false
[07:41:25.281] [bmv2] [D] [thread 16885] [7.0] [cxt 0] Pipeline 'ingress': end
[07:41:25.281] [bmv2] [D] [thread 16885] [7.0] [cxt 0] Egress port is 0
[07:41:25.281] [bmv2] [D] [thread 16886] [7.0] [cxt 0] Pipeline 'egress': start
[07:41:25.281] [bmv2] [D] [thread 16886] [7.0] [cxt 0] Pipeline 'egress': end
[07:41:25.281] [bmv2] [D] [thread 16886] [7.0] [cxt 0] Deparser 'deparser': start
[07:41:25.281] [bmv2] [T] [thread 16886] [7.0] [cxt 0] Skipping checksum 'cksum' update because condition not met
[07:41:25.281] [bmv2] [D] [thread 16886] [7.0] [cxt 0] Deparsing header 'ethernet'
[07:41:25.281] [bmv2] [D] [thread 16886] [7.0] [cxt 0] Deparsing header 'ipv6'
[07:41:25.281] [bmv2] [D] [thread 16886] [7.0] [cxt 0] Deparser 'deparser': end
[07:41:25.281] [bmv2] [D] [thread 16890] [7.0] [cxt 0] Transmitting packet of size 70 out of port 0
[07:41:25.389] [bmv2] [D] [thread 16885] [8.0] [cxt 0] Processing packet received on port 2
[07:41:25.389] [bmv2] [D] [thread 16885] [8.0] [cxt 0] Parser 'parser': start
[07:41:25.389] [bmv2] [D] [thread 16885] [8.0] [cxt 0] Parser 'parser' entering state 'start'
[07:41:25.389] [bmv2] [D] [thread 16885] [8.0] [cxt 0] Extracting header 'ethernet'
[07:41:25.389] [bmv2] [D] [thread 16885] [8.0] [cxt 0] Parser state 'start': key is 86dd
[07:41:25.389] [bmv2] [T] [thread 16885] [8.0] [cxt 0] Bytes parsed: 14
[07:41:25.389] [bmv2] [D] [thread 16885] [8.0] [cxt 0] Parser 'parser' entering state 'parse_ipv6'
[07:41:25.389] [bmv2] [D] [thread 16885] [8.0] [cxt 0] Extracting header 'ipv6'
[07:41:25.389] [bmv2] [D] [thread 16885] [8.0] [cxt 0] Parser state 'parse_ipv6': key is 3a
[07:41:25.389] [bmv2] [T] [thread 16885] [8.0] [cxt 0] Bytes parsed: 54
[07:41:25.389] [bmv2] [D] [thread 16885] [8.0] [cxt 0] Parser 'parser': end
[07:41:25.389] [bmv2] [D] [thread 16885] [8.0] [cxt 0] Pipeline 'ingress': start
[07:41:25.389] [bmv2] [T] [thread 16885] [8.0] [cxt 0] basic.p4(305) Condition "hdr.ipv6.isValid()" (node_2) is true
[07:41:25.389] [bmv2] [T] [thread 16885] [8.0] [cxt 0] Applying table 'MyIngress.ipv6_tbl'
[07:41:25.389] [bmv2] [D] [thread 16885] [8.0] [cxt 0] Looking up key:
* hdr.ipv6.dstAddr    : ff020000000000000000000000000002

[07:41:25.389] [bmv2] [D] [thread 16885] [8.0] [cxt 0] Table 'MyIngress.ipv6_tbl': miss
[07:41:25.389] [bmv2] [D] [thread 16885] [8.0] [cxt 0] Action entry is NoAction - 
[07:41:25.389] [bmv2] [T] [thread 16885] [8.0] [cxt 0] Action NoAction
[07:41:25.389] [bmv2] [T] [thread 16885] [8.0] [cxt 0] basic.p4(309) Condition "hdr.ipv4.isValid()" (node_4) is false
[07:41:25.389] [bmv2] [T] [thread 16885] [8.0] [cxt 0] basic.p4(312) Condition "hdr.ipv6.isValid() && (meta.is_ingress_border == 1 || meta.is_egress_border == 1)" (node_6) is false
[07:41:25.389] [bmv2] [D] [thread 16885] [8.0] [cxt 0] Pipeline 'ingress': end
[07:41:25.389] [bmv2] [D] [thread 16885] [8.0] [cxt 0] Egress port is 0
[07:41:25.389] [bmv2] [D] [thread 16886] [8.0] [cxt 0] Pipeline 'egress': start
[07:41:25.389] [bmv2] [D] [thread 16886] [8.0] [cxt 0] Pipeline 'egress': end
[07:41:25.389] [bmv2] [D] [thread 16886] [8.0] [cxt 0] Deparser 'deparser': start
[07:41:25.389] [bmv2] [T] [thread 16886] [8.0] [cxt 0] Skipping checksum 'cksum' update because condition not met
[07:41:25.389] [bmv2] [D] [thread 16886] [8.0] [cxt 0] Deparsing header 'ethernet'
[07:41:25.389] [bmv2] [D] [thread 16886] [8.0] [cxt 0] Deparsing header 'ipv6'
[07:41:25.389] [bmv2] [D] [thread 16886] [8.0] [cxt 0] Deparser 'deparser': end
[07:41:25.389] [bmv2] [D] [thread 16890] [8.0] [cxt 0] Transmitting packet of size 70 out of port 0
[07:41:26.675] [bmv2] [T] [thread 17005] bm_get_config
[07:41:26.677] [bmv2] [T] [thread 17005] bm_set_default_action
[07:41:26.677] [bmv2] [D] [thread 17005] Set default entry for table 'MyIngress.ipv4_tbl': MyIngress.drop - 
[07:42:11.583] [bmv2] [T] [thread 17023] bm_get_config
[07:42:11.585] [bmv2] [T] [thread 17023] bm_mt_get_entries
[07:42:11.585] [bmv2] [T] [thread 17023] bm_mt_get_entries
[07:42:11.585] [bmv2] [T] [thread 17023] bm_mt_get_entries
[07:42:11.594] [bmv2] [T] [thread 17023] bm_reset_state
[07:42:11.595] [bmv2] [D] [thread 17023] Resetting simple_switch target-specific state
[07:42:11.595] [bmv2] [D] [thread 17023] resetting PRE state
[07:42:11.600] [bmv2] [T] [thread 17023] bm_set_default_action
[07:42:11.600] [bmv2] [D] [thread 17023] Set default entry for table 'MyIngress.ipv4_tbl': MyIngress.drop - 
[07:42:11.601] [bmv2] [T] [thread 17023] bm_set_default_action
[07:42:11.601] [bmv2] [D] [thread 17023] Set default entry for table 'MyIngress.ipv6_tbl': MyIngress.drop - 
[07:42:12.011] [bmv2] [T] [thread 17023] bm_table_add_entry
[07:42:12.011] [bmv2] [D] [thread 17023] Entry 0 added to table 'MyIngress.ipv4_tbl'
[07:42:12.011] [bmv2] [D] [thread 17023] Dumping entry 0
Match key:
* hdr.ipv4.dstAddr    : LPM       0a000101/24
Action entry: MyIngress.ipv4_forward - 1aa23350b07b,1,

[07:42:12.012] [bmv2] [T] [thread 17023] bm_table_add_entry
[07:42:12.012] [bmv2] [D] [thread 17023] Entry 1 added to table 'MyIngress.ipv4_tbl'
[07:42:12.012] [bmv2] [D] [thread 17023] Dumping entry 1
Match key:
* hdr.ipv4.dstAddr    : LPM       0a000403/24
Action entry: MyIngress.ipv4_forward - 721330c0eb53,2,

[07:42:12.024] [bmv2] [T] [thread 17023] bm_table_add_entry
[07:42:12.024] [bmv2] [D] [thread 17023] Entry 0 added to table 'MyIngress.ipv6_tbl'
[07:42:12.024] [bmv2] [D] [thread 17023] Dumping entry 0
Match key:
* hdr.ipv6.dstAddr    : LPM       fe080001000000000000000000000002/64
Action entry: MyIngress.ipv6_forward - 1aa23350b07b,1,

[07:42:12.025] [bmv2] [T] [thread 17023] bm_table_add_entry
[07:42:12.025] [bmv2] [D] [thread 17023] Entry 1 added to table 'MyIngress.ipv6_tbl'
[07:42:12.025] [bmv2] [D] [thread 17023] Dumping entry 1
Match key:
* hdr.ipv6.dstAddr    : LPM       fe080004000000000000000000000004/64
Action entry: MyIngress.ipv6_forward - 721330c0eb53,2,

[07:42:55.158] [bmv2] [D] [thread 16885] [9.0] [cxt 0] Processing packet received on port 1
[07:42:55.158] [bmv2] [D] [thread 16885] [9.0] [cxt 0] Parser 'parser': start
[07:42:55.158] [bmv2] [D] [thread 16885] [9.0] [cxt 0] Parser 'parser' entering state 'start'
[07:42:55.158] [bmv2] [D] [thread 16885] [9.0] [cxt 0] Extracting header 'ethernet'
[07:42:55.158] [bmv2] [D] [thread 16885] [9.0] [cxt 0] Parser state 'start': key is 0800
[07:42:55.158] [bmv2] [T] [thread 16885] [9.0] [cxt 0] Bytes parsed: 14
[07:42:55.158] [bmv2] [D] [thread 16885] [9.0] [cxt 0] Parser 'parser' entering state 'parse_ipv4'
[07:42:55.158] [bmv2] [D] [thread 16885] [9.0] [cxt 0] Extracting header 'ipv4'
[07:42:55.158] [bmv2] [D] [thread 16885] [9.0] [cxt 0] Parser state 'parse_ipv4': key is 11
[07:42:55.158] [bmv2] [T] [thread 16885] [9.0] [cxt 0] Bytes parsed: 34
[07:42:55.158] [bmv2] [D] [thread 16885] [9.0] [cxt 0] Parser 'parser': end
[07:42:55.158] [bmv2] [D] [thread 16885] [9.0] [cxt 0] Pipeline 'ingress': start
[07:42:55.158] [bmv2] [T] [thread 16885] [9.0] [cxt 0] basic.p4(305) Condition "hdr.ipv6.isValid()" (node_2) is false
[07:42:55.158] [bmv2] [T] [thread 16885] [9.0] [cxt 0] basic.p4(309) Condition "hdr.ipv4.isValid()" (node_4) is true
[07:42:55.158] [bmv2] [T] [thread 16885] [9.0] [cxt 0] Applying table 'MyIngress.ipv4_tbl'
[07:42:55.158] [bmv2] [D] [thread 16885] [9.0] [cxt 0] Looking up key:
* hdr.ipv4.dstAddr    : 0a000403

[07:42:55.158] [bmv2] [D] [thread 16885] [9.0] [cxt 0] Table 'MyIngress.ipv4_tbl': hit with handle 1
[07:42:55.158] [bmv2] [D] [thread 16885] [9.0] [cxt 0] Dumping entry 1
Match key:
* hdr.ipv4.dstAddr    : LPM       0a000403/24
Action entry: MyIngress.ipv4_forward - 721330c0eb53,2,

[07:42:55.158] [bmv2] [D] [thread 16885] [9.0] [cxt 0] Action entry is MyIngress.ipv4_forward - 721330c0eb53,2,
[07:42:55.158] [bmv2] [T] [thread 16885] [9.0] [cxt 0] Action MyIngress.ipv4_forward
[07:42:55.158] [bmv2] [T] [thread 16885] [9.0] [cxt 0] basic.p4(176) Primitive hdr.ethernet.srcAddr = hdr.ethernet.dstAddr
[07:42:55.158] [bmv2] [T] [thread 16885] [9.0] [cxt 0] basic.p4(177) Primitive hdr.ethernet.dstAddr = dstAddr
[07:42:55.158] [bmv2] [T] [thread 16885] [9.0] [cxt 0] basic.p4(178) Primitive standard_metadata.egress_spec = port
[07:42:55.158] [bmv2] [T] [thread 16885] [9.0] [cxt 0] basic.p4(179) Primitive hdr.ipv4.ttl = hdr.ipv4.ttl - 1
[07:42:55.158] [bmv2] [T] [thread 16885] [9.0] [cxt 0] basic.p4(312) Condition "hdr.ipv6.isValid() && (meta.is_ingress_border == 1 || meta.is_egress_border == 1)" (node_6) is false
[07:42:55.158] [bmv2] [D] [thread 16885] [9.0] [cxt 0] Pipeline 'ingress': end
[07:42:55.158] [bmv2] [D] [thread 16885] [9.0] [cxt 0] Egress port is 2
[07:42:55.158] [bmv2] [D] [thread 16888] [9.0] [cxt 0] Pipeline 'egress': start
[07:42:55.158] [bmv2] [D] [thread 16888] [9.0] [cxt 0] Pipeline 'egress': end
[07:42:55.158] [bmv2] [D] [thread 16888] [9.0] [cxt 0] Deparser 'deparser': start
[07:42:55.158] [bmv2] [D] [thread 16888] [9.0] [cxt 0] Updating checksum 'cksum'
[07:42:55.158] [bmv2] [D] [thread 16888] [9.0] [cxt 0] Deparsing header 'ethernet'
[07:42:55.158] [bmv2] [D] [thread 16888] [9.0] [cxt 0] Deparsing header 'ipv4'
[07:42:55.158] [bmv2] [D] [thread 16888] [9.0] [cxt 0] Deparser 'deparser': end
[07:42:55.158] [bmv2] [D] [thread 16890] [9.0] [cxt 0] Transmitting packet of size 60 out of port 2
[07:43:43.638] [bmv2] [D] [thread 16885] [10.0] [cxt 0] Processing packet received on port 1
[07:43:43.638] [bmv2] [D] [thread 16885] [10.0] [cxt 0] Parser 'parser': start
[07:43:43.638] [bmv2] [D] [thread 16885] [10.0] [cxt 0] Parser 'parser' entering state 'start'
[07:43:43.638] [bmv2] [D] [thread 16885] [10.0] [cxt 0] Extracting header 'ethernet'
[07:43:43.638] [bmv2] [D] [thread 16885] [10.0] [cxt 0] Parser state 'start': key is 0800
[07:43:43.638] [bmv2] [T] [thread 16885] [10.0] [cxt 0] Bytes parsed: 14
[07:43:43.638] [bmv2] [D] [thread 16885] [10.0] [cxt 0] Parser 'parser' entering state 'parse_ipv4'
[07:43:43.638] [bmv2] [D] [thread 16885] [10.0] [cxt 0] Extracting header 'ipv4'
[07:43:43.638] [bmv2] [D] [thread 16885] [10.0] [cxt 0] Parser state 'parse_ipv4': key is 11
[07:43:43.638] [bmv2] [T] [thread 16885] [10.0] [cxt 0] Bytes parsed: 34
[07:43:43.638] [bmv2] [D] [thread 16885] [10.0] [cxt 0] Parser 'parser': end
[07:43:43.638] [bmv2] [D] [thread 16885] [10.0] [cxt 0] Pipeline 'ingress': start
[07:43:43.638] [bmv2] [T] [thread 16885] [10.0] [cxt 0] basic.p4(305) Condition "hdr.ipv6.isValid()" (node_2) is false
[07:43:43.638] [bmv2] [T] [thread 16885] [10.0] [cxt 0] basic.p4(309) Condition "hdr.ipv4.isValid()" (node_4) is true
[07:43:43.638] [bmv2] [T] [thread 16885] [10.0] [cxt 0] Applying table 'MyIngress.ipv4_tbl'
[07:43:43.638] [bmv2] [D] [thread 16885] [10.0] [cxt 0] Looking up key:
* hdr.ipv4.dstAddr    : 0a000403

[07:43:43.638] [bmv2] [D] [thread 16885] [10.0] [cxt 0] Table 'MyIngress.ipv4_tbl': hit with handle 1
[07:43:43.638] [bmv2] [D] [thread 16885] [10.0] [cxt 0] Dumping entry 1
Match key:
* hdr.ipv4.dstAddr    : LPM       0a000403/24
Action entry: MyIngress.ipv4_forward - 721330c0eb53,2,

[07:43:43.638] [bmv2] [D] [thread 16885] [10.0] [cxt 0] Action entry is MyIngress.ipv4_forward - 721330c0eb53,2,
[07:43:43.638] [bmv2] [T] [thread 16885] [10.0] [cxt 0] Action MyIngress.ipv4_forward
[07:43:43.638] [bmv2] [T] [thread 16885] [10.0] [cxt 0] basic.p4(176) Primitive hdr.ethernet.srcAddr = hdr.ethernet.dstAddr
[07:43:43.638] [bmv2] [T] [thread 16885] [10.0] [cxt 0] basic.p4(177) Primitive hdr.ethernet.dstAddr = dstAddr
[07:43:43.638] [bmv2] [T] [thread 16885] [10.0] [cxt 0] basic.p4(178) Primitive standard_metadata.egress_spec = port
[07:43:43.638] [bmv2] [T] [thread 16885] [10.0] [cxt 0] basic.p4(179) Primitive hdr.ipv4.ttl = hdr.ipv4.ttl - 1
[07:43:43.638] [bmv2] [T] [thread 16885] [10.0] [cxt 0] basic.p4(312) Condition "hdr.ipv6.isValid() && (meta.is_ingress_border == 1 || meta.is_egress_border == 1)" (node_6) is false
[07:43:43.638] [bmv2] [D] [thread 16885] [10.0] [cxt 0] Pipeline 'ingress': end
[07:43:43.638] [bmv2] [D] [thread 16885] [10.0] [cxt 0] Egress port is 2
[07:43:43.638] [bmv2] [D] [thread 16888] [10.0] [cxt 0] Pipeline 'egress': start
[07:43:43.638] [bmv2] [D] [thread 16888] [10.0] [cxt 0] Pipeline 'egress': end
[07:43:43.638] [bmv2] [D] [thread 16888] [10.0] [cxt 0] Deparser 'deparser': start
[07:43:43.638] [bmv2] [D] [thread 16888] [10.0] [cxt 0] Updating checksum 'cksum'
[07:43:43.638] [bmv2] [D] [thread 16888] [10.0] [cxt 0] Deparsing header 'ethernet'
[07:43:43.638] [bmv2] [D] [thread 16888] [10.0] [cxt 0] Deparsing header 'ipv4'
[07:43:43.638] [bmv2] [D] [thread 16888] [10.0] [cxt 0] Deparser 'deparser': end
[07:43:43.638] [bmv2] [D] [thread 16890] [10.0] [cxt 0] Transmitting packet of size 60 out of port 2
open: No such file or directory
open: No such file or directory
open: No such file or directory
