Warning: you requested the nanomsg event logger, but bmv2 was compiled without -DBMELOG, and the event logger cannot be activated
Calling target program-options parser
[07:41:23.346] [bmv2] [D] [thread 16909] Set default default entry for table 'MyIngress.ipv6_tbl': NoAction - 
[07:41:23.346] [bmv2] [D] [thread 16909] Set default default entry for table 'MyIngress.ipv4_tbl': NoAction - 
[07:41:23.346] [bmv2] [D] [thread 16909] Set default default entry for table 'MyIngress.ipv6_lpm': MyIngress.drop - 
Adding interface s4-eth1 as port 1
[07:41:23.352] [bmv2] [D] [thread 16909] Adding interface s4-eth1 as port 1
Adding interface s4-eth2 as port 2
[07:41:23.378] [bmv2] [D] [thread 16909] Adding interface s4-eth2 as port 2
Adding interface s4-eth3 as port 3
[07:41:23.403] [bmv2] [D] [thread 16909] Adding interface s4-eth3 as port 3
[07:41:23.424] [bmv2] [I] [thread 16909] Starting Thrift server on port 9093
[07:41:23.424] [bmv2] [I] [thread 16909] Thrift server was started
[07:41:25.384] [bmv2] [D] [thread 16915] [0.0] [cxt 0] Processing packet received on port 3
[07:41:25.384] [bmv2] [D] [thread 16915] [0.0] [cxt 0] Parser 'parser': start
[07:41:25.384] [bmv2] [D] [thread 16915] [0.0] [cxt 0] Parser 'parser' entering state 'start'
[07:41:25.384] [bmv2] [D] [thread 16915] [0.0] [cxt 0] Extracting header 'ethernet'
[07:41:25.384] [bmv2] [D] [thread 16915] [0.0] [cxt 0] Parser state 'start': key is 86dd
[07:41:25.384] [bmv2] [T] [thread 16915] [0.0] [cxt 0] Bytes parsed: 14
[07:41:25.384] [bmv2] [D] [thread 16915] [0.0] [cxt 0] Parser 'parser' entering state 'parse_ipv6'
[07:41:25.384] [bmv2] [D] [thread 16915] [0.0] [cxt 0] Extracting header 'ipv6'
[07:41:25.384] [bmv2] [D] [thread 16915] [0.0] [cxt 0] Parser state 'parse_ipv6': key is 3a
[07:41:25.384] [bmv2] [T] [thread 16915] [0.0] [cxt 0] Bytes parsed: 54
[07:41:25.384] [bmv2] [D] [thread 16915] [0.0] [cxt 0] Parser 'parser': end
[07:41:25.384] [bmv2] [D] [thread 16915] [0.0] [cxt 0] Pipeline 'ingress': start
[07:41:25.384] [bmv2] [T] [thread 16915] [0.0] [cxt 0] basic.p4(305) Condition "hdr.ipv6.isValid()" (node_2) is true
[07:41:25.384] [bmv2] [T] [thread 16915] [0.0] [cxt 0] Applying table 'MyIngress.ipv6_tbl'
[07:41:25.384] [bmv2] [D] [thread 16915] [0.0] [cxt 0] Looking up key:
* hdr.ipv6.dstAddr    : ff020000000000000000000000000002

[07:41:25.384] [bmv2] [D] [thread 16915] [0.0] [cxt 0] Table 'MyIngress.ipv6_tbl': miss
[07:41:25.384] [bmv2] [D] [thread 16915] [0.0] [cxt 0] Action entry is NoAction - 
[07:41:25.384] [bmv2] [T] [thread 16915] [0.0] [cxt 0] Action NoAction
[07:41:25.384] [bmv2] [T] [thread 16915] [0.0] [cxt 0] basic.p4(309) Condition "hdr.ipv4.isValid()" (node_4) is false
[07:41:25.384] [bmv2] [T] [thread 16915] [0.0] [cxt 0] basic.p4(312) Condition "hdr.ipv6.isValid() && (meta.is_ingress_border == 1 || meta.is_egress_border == 1)" (node_6) is false
[07:41:25.384] [bmv2] [D] [thread 16915] [0.0] [cxt 0] Pipeline 'ingress': end
[07:41:25.384] [bmv2] [D] [thread 16915] [0.0] [cxt 0] Egress port is 0
[07:41:25.384] [bmv2] [D] [thread 16916] [0.0] [cxt 0] Pipeline 'egress': start
[07:41:25.384] [bmv2] [D] [thread 16916] [0.0] [cxt 0] Pipeline 'egress': end
[07:41:25.384] [bmv2] [D] [thread 16916] [0.0] [cxt 0] Deparser 'deparser': start
[07:41:25.384] [bmv2] [T] [thread 16916] [0.0] [cxt 0] Skipping checksum 'cksum' update because condition not met
[07:41:25.384] [bmv2] [D] [thread 16916] [0.0] [cxt 0] Deparsing header 'ethernet'
[07:41:25.384] [bmv2] [D] [thread 16916] [0.0] [cxt 0] Deparsing header 'ipv6'
[07:41:25.384] [bmv2] [D] [thread 16916] [0.0] [cxt 0] Deparser 'deparser': end
[07:41:25.384] [bmv2] [D] [thread 16920] [0.0] [cxt 0] Transmitting packet of size 70 out of port 0
[07:41:25.436] [bmv2] [D] [thread 16915] [1.0] [cxt 0] Processing packet received on port 3
[07:41:25.436] [bmv2] [D] [thread 16915] [1.0] [cxt 0] Parser 'parser': start
[07:41:25.437] [bmv2] [D] [thread 16915] [1.0] [cxt 0] Parser 'parser' entering state 'start'
[07:41:25.437] [bmv2] [D] [thread 16915] [1.0] [cxt 0] Extracting header 'ethernet'
[07:41:25.437] [bmv2] [D] [thread 16915] [1.0] [cxt 0] Parser state 'start': key is 86dd
[07:41:25.437] [bmv2] [T] [thread 16915] [1.0] [cxt 0] Bytes parsed: 14
[07:41:25.437] [bmv2] [D] [thread 16915] [1.0] [cxt 0] Parser 'parser' entering state 'parse_ipv6'
[07:41:25.437] [bmv2] [D] [thread 16915] [1.0] [cxt 0] Extracting header 'ipv6'
[07:41:25.437] [bmv2] [D] [thread 16915] [1.0] [cxt 0] Parser state 'parse_ipv6': key is 3a
[07:41:25.437] [bmv2] [T] [thread 16915] [1.0] [cxt 0] Bytes parsed: 54
[07:41:25.437] [bmv2] [D] [thread 16915] [1.0] [cxt 0] Parser 'parser': end
[07:41:25.437] [bmv2] [D] [thread 16915] [1.0] [cxt 0] Pipeline 'ingress': start
[07:41:25.437] [bmv2] [T] [thread 16915] [1.0] [cxt 0] basic.p4(305) Condition "hdr.ipv6.isValid()" (node_2) is true
[07:41:25.437] [bmv2] [T] [thread 16915] [1.0] [cxt 0] Applying table 'MyIngress.ipv6_tbl'
[07:41:25.437] [bmv2] [D] [thread 16915] [1.0] [cxt 0] Looking up key:
* hdr.ipv6.dstAddr    : ff020000000000000000000000000002

[07:41:25.437] [bmv2] [D] [thread 16915] [1.0] [cxt 0] Table 'MyIngress.ipv6_tbl': miss
[07:41:25.437] [bmv2] [D] [thread 16915] [1.0] [cxt 0] Action entry is NoAction - 
[07:41:25.437] [bmv2] [T] [thread 16915] [1.0] [cxt 0] Action NoAction
[07:41:25.437] [bmv2] [T] [thread 16915] [1.0] [cxt 0] basic.p4(309) Condition "hdr.ipv4.isValid()" (node_4) is false
[07:41:25.437] [bmv2] [T] [thread 16915] [1.0] [cxt 0] basic.p4(312) Condition "hdr.ipv6.isValid() && (meta.is_ingress_border == 1 || meta.is_egress_border == 1)" (node_6) is false
[07:41:25.437] [bmv2] [D] [thread 16915] [1.0] [cxt 0] Pipeline 'ingress': end
[07:41:25.437] [bmv2] [D] [thread 16915] [1.0] [cxt 0] Egress port is 0
[07:41:25.437] [bmv2] [D] [thread 16916] [1.0] [cxt 0] Pipeline 'egress': start
[07:41:25.437] [bmv2] [D] [thread 16916] [1.0] [cxt 0] Pipeline 'egress': end
[07:41:25.437] [bmv2] [D] [thread 16916] [1.0] [cxt 0] Deparser 'deparser': start
[07:41:25.437] [bmv2] [T] [thread 16916] [1.0] [cxt 0] Skipping checksum 'cksum' update because condition not met
[07:41:25.437] [bmv2] [D] [thread 16916] [1.0] [cxt 0] Deparsing header 'ethernet'
[07:41:25.437] [bmv2] [D] [thread 16916] [1.0] [cxt 0] Deparsing header 'ipv6'
[07:41:25.437] [bmv2] [D] [thread 16916] [1.0] [cxt 0] Deparser 'deparser': end
[07:41:25.437] [bmv2] [D] [thread 16920] [1.0] [cxt 0] Transmitting packet of size 70 out of port 0
[07:41:26.939] [bmv2] [T] [thread 17009] bm_get_config
[07:41:26.942] [bmv2] [T] [thread 17009] bm_set_default_action
[07:41:26.942] [bmv2] [D] [thread 17009] Set default entry for table 'MyIngress.ipv4_tbl': MyIngress.drop - 
[07:42:11.591] [bmv2] [T] [thread 17026] bm_get_config
[07:42:11.592] [bmv2] [T] [thread 17026] bm_mt_get_entries
[07:42:11.593] [bmv2] [T] [thread 17026] bm_mt_get_entries
[07:42:11.593] [bmv2] [T] [thread 17026] bm_mt_get_entries
[07:42:11.598] [bmv2] [T] [thread 17026] bm_reset_state
[07:42:11.599] [bmv2] [D] [thread 17026] Resetting simple_switch target-specific state
[07:42:11.599] [bmv2] [D] [thread 17026] resetting PRE state
[07:42:11.602] [bmv2] [T] [thread 17026] bm_set_default_action
[07:42:11.602] [bmv2] [D] [thread 17026] Set default entry for table 'MyIngress.ipv4_tbl': MyIngress.drop - 
[07:42:11.603] [bmv2] [T] [thread 17026] bm_set_default_action
[07:42:11.603] [bmv2] [D] [thread 17026] Set default entry for table 'MyIngress.ipv6_tbl': MyIngress.drop - 
[07:42:11.759] [bmv2] [D] [thread 16915] [2.0] [cxt 0] Processing packet received on port 1
[07:42:11.759] [bmv2] [D] [thread 16915] [2.0] [cxt 0] Parser 'parser': start
[07:42:11.759] [bmv2] [D] [thread 16915] [2.0] [cxt 0] Parser 'parser' entering state 'start'
[07:42:11.759] [bmv2] [D] [thread 16915] [2.0] [cxt 0] Extracting header 'ethernet'
[07:42:11.759] [bmv2] [D] [thread 16915] [2.0] [cxt 0] Parser state 'start': key is 86dd
[07:42:11.759] [bmv2] [T] [thread 16915] [2.0] [cxt 0] Bytes parsed: 14
[07:42:11.759] [bmv2] [D] [thread 16915] [2.0] [cxt 0] Parser 'parser' entering state 'parse_ipv6'
[07:42:11.759] [bmv2] [D] [thread 16915] [2.0] [cxt 0] Extracting header 'ipv6'
[07:42:11.759] [bmv2] [D] [thread 16915] [2.0] [cxt 0] Parser state 'parse_ipv6': key is 00
[07:42:11.759] [bmv2] [T] [thread 16915] [2.0] [cxt 0] Bytes parsed: 54
[07:42:11.759] [bmv2] [D] [thread 16915] [2.0] [cxt 0] Parser 'parser': end
[07:42:11.759] [bmv2] [D] [thread 16915] [2.0] [cxt 0] Pipeline 'ingress': start
[07:42:11.759] [bmv2] [T] [thread 16915] [2.0] [cxt 0] basic.p4(305) Condition "hdr.ipv6.isValid()" (node_2) is true
[07:42:11.759] [bmv2] [T] [thread 16915] [2.0] [cxt 0] Applying table 'MyIngress.ipv6_tbl'
[07:42:11.759] [bmv2] [D] [thread 16915] [2.0] [cxt 0] Looking up key:
* hdr.ipv6.dstAddr    : ff020000000000000000000000000016

[07:42:11.759] [bmv2] [D] [thread 16915] [2.0] [cxt 0] Table 'MyIngress.ipv6_tbl': miss
[07:42:11.759] [bmv2] [D] [thread 16915] [2.0] [cxt 0] Action entry is MyIngress.drop - 
[07:42:11.759] [bmv2] [T] [thread 16915] [2.0] [cxt 0] Action MyIngress.drop
[07:42:11.759] [bmv2] [T] [thread 16915] [2.0] [cxt 0] basic.p4(163) Primitive mark_to_drop(standard_metadata)
[07:42:11.759] [bmv2] [T] [thread 16915] [2.0] [cxt 0] basic.p4(309) Condition "hdr.ipv4.isValid()" (node_4) is false
[07:42:11.759] [bmv2] [T] [thread 16915] [2.0] [cxt 0] basic.p4(312) Condition "hdr.ipv6.isValid() && (meta.is_ingress_border == 1 || meta.is_egress_border == 1)" (node_6) is false
[07:42:11.759] [bmv2] [D] [thread 16915] [2.0] [cxt 0] Pipeline 'ingress': end
[07:42:11.759] [bmv2] [D] [thread 16915] [2.0] [cxt 0] Egress port is 511
[07:42:11.759] [bmv2] [D] [thread 16915] [2.0] [cxt 0] Dropping packet at the end of ingress
[07:42:11.798] [bmv2] [D] [thread 16915] [3.0] [cxt 0] Processing packet received on port 1
[07:42:11.798] [bmv2] [D] [thread 16915] [3.0] [cxt 0] Parser 'parser': start
[07:42:11.798] [bmv2] [D] [thread 16915] [3.0] [cxt 0] Parser 'parser' entering state 'start'
[07:42:11.798] [bmv2] [D] [thread 16915] [3.0] [cxt 0] Extracting header 'ethernet'
[07:42:11.798] [bmv2] [D] [thread 16915] [3.0] [cxt 0] Parser state 'start': key is 86dd
[07:42:11.798] [bmv2] [T] [thread 16915] [3.0] [cxt 0] Bytes parsed: 14
[07:42:11.798] [bmv2] [D] [thread 16915] [3.0] [cxt 0] Parser 'parser' entering state 'parse_ipv6'
[07:42:11.798] [bmv2] [D] [thread 16915] [3.0] [cxt 0] Extracting header 'ipv6'
[07:42:11.798] [bmv2] [D] [thread 16915] [3.0] [cxt 0] Parser state 'parse_ipv6': key is 00
[07:42:11.798] [bmv2] [T] [thread 16915] [3.0] [cxt 0] Bytes parsed: 54
[07:42:11.798] [bmv2] [D] [thread 16915] [3.0] [cxt 0] Parser 'parser': end
[07:42:11.798] [bmv2] [D] [thread 16915] [3.0] [cxt 0] Pipeline 'ingress': start
[07:42:11.798] [bmv2] [T] [thread 16915] [3.0] [cxt 0] basic.p4(305) Condition "hdr.ipv6.isValid()" (node_2) is true
[07:42:11.798] [bmv2] [T] [thread 16915] [3.0] [cxt 0] Applying table 'MyIngress.ipv6_tbl'
[07:42:11.798] [bmv2] [D] [thread 16915] [3.0] [cxt 0] Looking up key:
* hdr.ipv6.dstAddr    : ff020000000000000000000000000016

[07:42:11.798] [bmv2] [D] [thread 16915] [3.0] [cxt 0] Table 'MyIngress.ipv6_tbl': miss
[07:42:11.798] [bmv2] [D] [thread 16915] [3.0] [cxt 0] Action entry is MyIngress.drop - 
[07:42:11.798] [bmv2] [T] [thread 16915] [3.0] [cxt 0] Action MyIngress.drop
[07:42:11.798] [bmv2] [T] [thread 16915] [3.0] [cxt 0] basic.p4(163) Primitive mark_to_drop(standard_metadata)
[07:42:11.798] [bmv2] [T] [thread 16915] [3.0] [cxt 0] basic.p4(309) Condition "hdr.ipv4.isValid()" (node_4) is false
[07:42:11.798] [bmv2] [T] [thread 16915] [3.0] [cxt 0] basic.p4(312) Condition "hdr.ipv6.isValid() && (meta.is_ingress_border == 1 || meta.is_egress_border == 1)" (node_6) is false
[07:42:11.798] [bmv2] [D] [thread 16915] [3.0] [cxt 0] Pipeline 'ingress': end
[07:42:11.798] [bmv2] [D] [thread 16915] [3.0] [cxt 0] Egress port is 511
[07:42:11.798] [bmv2] [D] [thread 16915] [3.0] [cxt 0] Dropping packet at the end of ingress
[07:42:11.950] [bmv2] [D] [thread 16915] [4.0] [cxt 0] Processing packet received on port 2
[07:42:11.950] [bmv2] [D] [thread 16915] [4.0] [cxt 0] Parser 'parser': start
[07:42:11.950] [bmv2] [D] [thread 16915] [4.0] [cxt 0] Parser 'parser' entering state 'start'
[07:42:11.950] [bmv2] [D] [thread 16915] [4.0] [cxt 0] Extracting header 'ethernet'
[07:42:11.950] [bmv2] [D] [thread 16915] [4.0] [cxt 0] Parser state 'start': key is 86dd
[07:42:11.950] [bmv2] [T] [thread 16915] [4.0] [cxt 0] Bytes parsed: 14
[07:42:11.950] [bmv2] [D] [thread 16915] [4.0] [cxt 0] Parser 'parser' entering state 'parse_ipv6'
[07:42:11.950] [bmv2] [D] [thread 16915] [4.0] [cxt 0] Extracting header 'ipv6'
[07:42:11.950] [bmv2] [D] [thread 16915] [4.0] [cxt 0] Parser state 'parse_ipv6': key is 00
[07:42:11.950] [bmv2] [T] [thread 16915] [4.0] [cxt 0] Bytes parsed: 54
[07:42:11.950] [bmv2] [D] [thread 16915] [4.0] [cxt 0] Parser 'parser': end
[07:42:11.950] [bmv2] [D] [thread 16915] [4.0] [cxt 0] Pipeline 'ingress': start
[07:42:11.950] [bmv2] [T] [thread 16915] [4.0] [cxt 0] basic.p4(305) Condition "hdr.ipv6.isValid()" (node_2) is true
[07:42:11.950] [bmv2] [T] [thread 16915] [4.0] [cxt 0] Applying table 'MyIngress.ipv6_tbl'
[07:42:11.950] [bmv2] [D] [thread 16915] [4.0] [cxt 0] Looking up key:
* hdr.ipv6.dstAddr    : ff020000000000000000000000000016

[07:42:11.950] [bmv2] [D] [thread 16915] [4.0] [cxt 0] Table 'MyIngress.ipv6_tbl': miss
[07:42:11.950] [bmv2] [D] [thread 16915] [4.0] [cxt 0] Action entry is MyIngress.drop - 
[07:42:11.950] [bmv2] [T] [thread 16915] [4.0] [cxt 0] Action MyIngress.drop
[07:42:11.950] [bmv2] [T] [thread 16915] [4.0] [cxt 0] basic.p4(163) Primitive mark_to_drop(standard_metadata)
[07:42:11.950] [bmv2] [T] [thread 16915] [4.0] [cxt 0] basic.p4(309) Condition "hdr.ipv4.isValid()" (node_4) is false
[07:42:11.950] [bmv2] [T] [thread 16915] [4.0] [cxt 0] basic.p4(312) Condition "hdr.ipv6.isValid() && (meta.is_ingress_border == 1 || meta.is_egress_border == 1)" (node_6) is false
[07:42:11.950] [bmv2] [D] [thread 16915] [4.0] [cxt 0] Pipeline 'ingress': end
[07:42:11.950] [bmv2] [D] [thread 16915] [4.0] [cxt 0] Egress port is 511
[07:42:11.950] [bmv2] [D] [thread 16915] [4.0] [cxt 0] Dropping packet at the end of ingress
[07:42:11.994] [bmv2] [D] [thread 16915] [5.0] [cxt 0] Processing packet received on port 2
[07:42:11.994] [bmv2] [D] [thread 16915] [5.0] [cxt 0] Parser 'parser': start
[07:42:11.994] [bmv2] [D] [thread 16915] [5.0] [cxt 0] Parser 'parser' entering state 'start'
[07:42:11.994] [bmv2] [D] [thread 16915] [5.0] [cxt 0] Extracting header 'ethernet'
[07:42:11.994] [bmv2] [D] [thread 16915] [5.0] [cxt 0] Parser state 'start': key is 86dd
[07:42:11.994] [bmv2] [T] [thread 16915] [5.0] [cxt 0] Bytes parsed: 14
[07:42:11.994] [bmv2] [D] [thread 16915] [5.0] [cxt 0] Parser 'parser' entering state 'parse_ipv6'
[07:42:11.994] [bmv2] [D] [thread 16915] [5.0] [cxt 0] Extracting header 'ipv6'
[07:42:11.994] [bmv2] [D] [thread 16915] [5.0] [cxt 0] Parser state 'parse_ipv6': key is 00
[07:42:11.994] [bmv2] [T] [thread 16915] [5.0] [cxt 0] Bytes parsed: 54
[07:42:11.994] [bmv2] [D] [thread 16915] [5.0] [cxt 0] Parser 'parser': end
[07:42:11.994] [bmv2] [D] [thread 16915] [5.0] [cxt 0] Pipeline 'ingress': start
[07:42:11.994] [bmv2] [T] [thread 16915] [5.0] [cxt 0] basic.p4(305) Condition "hdr.ipv6.isValid()" (node_2) is true
[07:42:11.994] [bmv2] [T] [thread 16915] [5.0] [cxt 0] Applying table 'MyIngress.ipv6_tbl'
[07:42:11.994] [bmv2] [D] [thread 16915] [5.0] [cxt 0] Looking up key:
* hdr.ipv6.dstAddr    : ff020000000000000000000000000016

[07:42:11.994] [bmv2] [D] [thread 16915] [5.0] [cxt 0] Table 'MyIngress.ipv6_tbl': miss
[07:42:11.994] [bmv2] [D] [thread 16915] [5.0] [cxt 0] Action entry is MyIngress.drop - 
[07:42:11.994] [bmv2] [T] [thread 16915] [5.0] [cxt 0] Action MyIngress.drop
[07:42:11.994] [bmv2] [T] [thread 16915] [5.0] [cxt 0] basic.p4(163) Primitive mark_to_drop(standard_metadata)
[07:42:11.994] [bmv2] [T] [thread 16915] [5.0] [cxt 0] basic.p4(309) Condition "hdr.ipv4.isValid()" (node_4) is false
[07:42:11.994] [bmv2] [T] [thread 16915] [5.0] [cxt 0] basic.p4(312) Condition "hdr.ipv6.isValid() && (meta.is_ingress_border == 1 || meta.is_egress_border == 1)" (node_6) is false
[07:42:11.994] [bmv2] [D] [thread 16915] [5.0] [cxt 0] Pipeline 'ingress': end
[07:42:11.994] [bmv2] [D] [thread 16915] [5.0] [cxt 0] Egress port is 511
[07:42:11.994] [bmv2] [D] [thread 16915] [5.0] [cxt 0] Dropping packet at the end of ingress
[07:42:12.014] [bmv2] [D] [thread 16915] [6.0] [cxt 0] Processing packet received on port 2
[07:42:12.014] [bmv2] [D] [thread 16915] [6.0] [cxt 0] Parser 'parser': start
[07:42:12.014] [bmv2] [D] [thread 16915] [6.0] [cxt 0] Parser 'parser' entering state 'start'
[07:42:12.014] [bmv2] [D] [thread 16915] [6.0] [cxt 0] Extracting header 'ethernet'
[07:42:12.014] [bmv2] [D] [thread 16915] [6.0] [cxt 0] Parser state 'start': key is 86dd
[07:42:12.014] [bmv2] [T] [thread 16915] [6.0] [cxt 0] Bytes parsed: 14
[07:42:12.014] [bmv2] [D] [thread 16915] [6.0] [cxt 0] Parser 'parser' entering state 'parse_ipv6'
[07:42:12.014] [bmv2] [D] [thread 16915] [6.0] [cxt 0] Extracting header 'ipv6'
[07:42:12.014] [bmv2] [D] [thread 16915] [6.0] [cxt 0] Parser state 'parse_ipv6': key is 00
[07:42:12.014] [bmv2] [T] [thread 16915] [6.0] [cxt 0] Bytes parsed: 54
[07:42:12.014] [bmv2] [D] [thread 16915] [6.0] [cxt 0] Parser 'parser': end
[07:42:12.014] [bmv2] [D] [thread 16915] [6.0] [cxt 0] Pipeline 'ingress': start
[07:42:12.014] [bmv2] [T] [thread 16915] [6.0] [cxt 0] basic.p4(305) Condition "hdr.ipv6.isValid()" (node_2) is true
[07:42:12.014] [bmv2] [T] [thread 16915] [6.0] [cxt 0] Applying table 'MyIngress.ipv6_tbl'
[07:42:12.014] [bmv2] [D] [thread 16915] [6.0] [cxt 0] Looking up key:
* hdr.ipv6.dstAddr    : ff020000000000000000000000000016

[07:42:12.014] [bmv2] [D] [thread 16915] [6.0] [cxt 0] Table 'MyIngress.ipv6_tbl': miss
[07:42:12.014] [bmv2] [D] [thread 16915] [6.0] [cxt 0] Action entry is MyIngress.drop - 
[07:42:12.014] [bmv2] [T] [thread 16915] [6.0] [cxt 0] Action MyIngress.drop
[07:42:12.014] [bmv2] [T] [thread 16915] [6.0] [cxt 0] basic.p4(163) Primitive mark_to_drop(standard_metadata)
[07:42:12.014] [bmv2] [T] [thread 16915] [6.0] [cxt 0] basic.p4(309) Condition "hdr.ipv4.isValid()" (node_4) is false
[07:42:12.014] [bmv2] [T] [thread 16915] [6.0] [cxt 0] basic.p4(312) Condition "hdr.ipv6.isValid() && (meta.is_ingress_border == 1 || meta.is_egress_border == 1)" (node_6) is false
[07:42:12.014] [bmv2] [D] [thread 16915] [6.0] [cxt 0] Pipeline 'ingress': end
[07:42:12.014] [bmv2] [D] [thread 16915] [6.0] [cxt 0] Egress port is 511
[07:42:12.014] [bmv2] [D] [thread 16915] [6.0] [cxt 0] Dropping packet at the end of ingress
[07:42:12.018] [bmv2] [T] [thread 17026] bm_table_add_entry
[07:42:12.018] [bmv2] [D] [thread 17026] Entry 0 added to table 'MyIngress.ipv4_tbl'
[07:42:12.018] [bmv2] [D] [thread 17026] Dumping entry 0
Match key:
* hdr.ipv4.dstAddr    : LPM       0a000101/24
Action entry: MyIngress.ipv4_forward - 86492f882200,3,

[07:42:12.020] [bmv2] [T] [thread 17026] bm_table_add_entry
[07:42:12.020] [bmv2] [D] [thread 17026] Entry 1 added to table 'MyIngress.ipv4_tbl'
[07:42:12.020] [bmv2] [D] [thread 17026] Dumping entry 1
Match key:
* hdr.ipv4.dstAddr    : LPM       0a000403/24
Action entry: MyIngress.ipv4_forward - a000003,1,

[07:42:12.031] [bmv2] [T] [thread 17026] bm_table_add_entry
[07:42:12.031] [bmv2] [D] [thread 17026] Entry 0 added to table 'MyIngress.ipv6_tbl'
[07:42:12.031] [bmv2] [D] [thread 17026] Dumping entry 0
Match key:
* hdr.ipv6.dstAddr    : LPM       fe080001000000000000000000000002/64
Action entry: MyIngress.ipv6_forward - 86492f882200,3,

[07:42:12.032] [bmv2] [T] [thread 17026] bm_table_add_entry
[07:42:12.032] [bmv2] [D] [thread 17026] Entry 1 added to table 'MyIngress.ipv6_tbl'
[07:42:12.032] [bmv2] [D] [thread 17026] Dumping entry 1
Match key:
* hdr.ipv6.dstAddr    : LPM       fe080004000000000000000000000004/64
Action entry: MyIngress.ipv6_forward - a000004,2,

[07:42:12.122] [bmv2] [D] [thread 16915] [7.0] [cxt 0] Processing packet received on port 2
[07:42:12.122] [bmv2] [D] [thread 16915] [7.0] [cxt 0] Parser 'parser': start
[07:42:12.122] [bmv2] [D] [thread 16915] [7.0] [cxt 0] Parser 'parser' entering state 'start'
[07:42:12.122] [bmv2] [D] [thread 16915] [7.0] [cxt 0] Extracting header 'ethernet'
[07:42:12.122] [bmv2] [D] [thread 16915] [7.0] [cxt 0] Parser state 'start': key is 86dd
[07:42:12.122] [bmv2] [T] [thread 16915] [7.0] [cxt 0] Bytes parsed: 14
[07:42:12.122] [bmv2] [D] [thread 16915] [7.0] [cxt 0] Parser 'parser' entering state 'parse_ipv6'
[07:42:12.122] [bmv2] [D] [thread 16915] [7.0] [cxt 0] Extracting header 'ipv6'
[07:42:12.122] [bmv2] [D] [thread 16915] [7.0] [cxt 0] Parser state 'parse_ipv6': key is 3a
[07:42:12.122] [bmv2] [T] [thread 16915] [7.0] [cxt 0] Bytes parsed: 54
[07:42:12.122] [bmv2] [D] [thread 16915] [7.0] [cxt 0] Parser 'parser': end
[07:42:12.122] [bmv2] [D] [thread 16915] [7.0] [cxt 0] Pipeline 'ingress': start
[07:42:12.122] [bmv2] [T] [thread 16915] [7.0] [cxt 0] basic.p4(305) Condition "hdr.ipv6.isValid()" (node_2) is true
[07:42:12.122] [bmv2] [T] [thread 16915] [7.0] [cxt 0] Applying table 'MyIngress.ipv6_tbl'
[07:42:12.122] [bmv2] [D] [thread 16915] [7.0] [cxt 0] Looking up key:
* hdr.ipv6.dstAddr    : ff0200000000000000000001ff000004

[07:42:12.122] [bmv2] [D] [thread 16915] [7.0] [cxt 0] Table 'MyIngress.ipv6_tbl': miss
[07:42:12.122] [bmv2] [D] [thread 16915] [7.0] [cxt 0] Action entry is MyIngress.drop - 
[07:42:12.122] [bmv2] [T] [thread 16915] [7.0] [cxt 0] Action MyIngress.drop
[07:42:12.122] [bmv2] [T] [thread 16915] [7.0] [cxt 0] basic.p4(163) Primitive mark_to_drop(standard_metadata)
[07:42:12.122] [bmv2] [T] [thread 16915] [7.0] [cxt 0] basic.p4(309) Condition "hdr.ipv4.isValid()" (node_4) is false
[07:42:12.122] [bmv2] [T] [thread 16915] [7.0] [cxt 0] basic.p4(312) Condition "hdr.ipv6.isValid() && (meta.is_ingress_border == 1 || meta.is_egress_border == 1)" (node_6) is false
[07:42:12.122] [bmv2] [D] [thread 16915] [7.0] [cxt 0] Pipeline 'ingress': end
[07:42:12.122] [bmv2] [D] [thread 16915] [7.0] [cxt 0] Egress port is 511
[07:42:12.122] [bmv2] [D] [thread 16915] [7.0] [cxt 0] Dropping packet at the end of ingress
[07:42:12.307] [bmv2] [D] [thread 16915] [8.0] [cxt 0] Processing packet received on port 2
[07:42:12.307] [bmv2] [D] [thread 16915] [8.0] [cxt 0] Parser 'parser': start
[07:42:12.307] [bmv2] [D] [thread 16915] [8.0] [cxt 0] Parser 'parser' entering state 'start'
[07:42:12.307] [bmv2] [D] [thread 16915] [8.0] [cxt 0] Extracting header 'ethernet'
[07:42:12.307] [bmv2] [D] [thread 16915] [8.0] [cxt 0] Parser state 'start': key is 86dd
[07:42:12.307] [bmv2] [T] [thread 16915] [8.0] [cxt 0] Bytes parsed: 14
[07:42:12.307] [bmv2] [D] [thread 16915] [8.0] [cxt 0] Parser 'parser' entering state 'parse_ipv6'
[07:42:12.307] [bmv2] [D] [thread 16915] [8.0] [cxt 0] Extracting header 'ipv6'
[07:42:12.307] [bmv2] [D] [thread 16915] [8.0] [cxt 0] Parser state 'parse_ipv6': key is 00
[07:42:12.307] [bmv2] [T] [thread 16915] [8.0] [cxt 0] Bytes parsed: 54
[07:42:12.307] [bmv2] [D] [thread 16915] [8.0] [cxt 0] Parser 'parser': end
[07:42:12.307] [bmv2] [D] [thread 16915] [8.0] [cxt 0] Pipeline 'ingress': start
[07:42:12.307] [bmv2] [T] [thread 16915] [8.0] [cxt 0] basic.p4(305) Condition "hdr.ipv6.isValid()" (node_2) is true
[07:42:12.307] [bmv2] [T] [thread 16915] [8.0] [cxt 0] Applying table 'MyIngress.ipv6_tbl'
[07:42:12.307] [bmv2] [D] [thread 16915] [8.0] [cxt 0] Looking up key:
* hdr.ipv6.dstAddr    : ff020000000000000000000000000016

[07:42:12.307] [bmv2] [D] [thread 16915] [8.0] [cxt 0] Table 'MyIngress.ipv6_tbl': miss
[07:42:12.307] [bmv2] [D] [thread 16915] [8.0] [cxt 0] Action entry is MyIngress.drop - 
[07:42:12.307] [bmv2] [T] [thread 16915] [8.0] [cxt 0] Action MyIngress.drop
[07:42:12.307] [bmv2] [T] [thread 16915] [8.0] [cxt 0] basic.p4(163) Primitive mark_to_drop(standard_metadata)
[07:42:12.307] [bmv2] [T] [thread 16915] [8.0] [cxt 0] basic.p4(309) Condition "hdr.ipv4.isValid()" (node_4) is false
[07:42:12.307] [bmv2] [T] [thread 16915] [8.0] [cxt 0] basic.p4(312) Condition "hdr.ipv6.isValid() && (meta.is_ingress_border == 1 || meta.is_egress_border == 1)" (node_6) is false
[07:42:12.307] [bmv2] [D] [thread 16915] [8.0] [cxt 0] Pipeline 'ingress': end
[07:42:12.307] [bmv2] [D] [thread 16915] [8.0] [cxt 0] Egress port is 511
[07:42:12.307] [bmv2] [D] [thread 16915] [8.0] [cxt 0] Dropping packet at the end of ingress
[07:42:12.502] [bmv2] [D] [thread 16915] [9.0] [cxt 0] Processing packet received on port 2
[07:42:12.502] [bmv2] [D] [thread 16915] [9.0] [cxt 0] Parser 'parser': start
[07:42:12.502] [bmv2] [D] [thread 16915] [9.0] [cxt 0] Parser 'parser' entering state 'start'
[07:42:12.502] [bmv2] [D] [thread 16915] [9.0] [cxt 0] Extracting header 'ethernet'
[07:42:12.502] [bmv2] [D] [thread 16915] [9.0] [cxt 0] Parser state 'start': key is 86dd
[07:42:12.502] [bmv2] [T] [thread 16915] [9.0] [cxt 0] Bytes parsed: 14
[07:42:12.502] [bmv2] [D] [thread 16915] [9.0] [cxt 0] Parser 'parser' entering state 'parse_ipv6'
[07:42:12.502] [bmv2] [D] [thread 16915] [9.0] [cxt 0] Extracting header 'ipv6'
[07:42:12.502] [bmv2] [D] [thread 16915] [9.0] [cxt 0] Parser state 'parse_ipv6': key is 3a
[07:42:12.502] [bmv2] [T] [thread 16915] [9.0] [cxt 0] Bytes parsed: 54
[07:42:12.502] [bmv2] [D] [thread 16915] [9.0] [cxt 0] Parser 'parser': end
[07:42:12.502] [bmv2] [D] [thread 16915] [9.0] [cxt 0] Pipeline 'ingress': start
[07:42:12.502] [bmv2] [T] [thread 16915] [9.0] [cxt 0] basic.p4(305) Condition "hdr.ipv6.isValid()" (node_2) is true
[07:42:12.502] [bmv2] [T] [thread 16915] [9.0] [cxt 0] Applying table 'MyIngress.ipv6_tbl'
[07:42:12.502] [bmv2] [D] [thread 16915] [9.0] [cxt 0] Looking up key:
* hdr.ipv6.dstAddr    : ff0200000000000000000001ff000004

[07:42:12.502] [bmv2] [D] [thread 16915] [9.0] [cxt 0] Table 'MyIngress.ipv6_tbl': miss
[07:42:12.502] [bmv2] [D] [thread 16915] [9.0] [cxt 0] Action entry is MyIngress.drop - 
[07:42:12.502] [bmv2] [T] [thread 16915] [9.0] [cxt 0] Action MyIngress.drop
[07:42:12.502] [bmv2] [T] [thread 16915] [9.0] [cxt 0] basic.p4(163) Primitive mark_to_drop(standard_metadata)
[07:42:12.502] [bmv2] [T] [thread 16915] [9.0] [cxt 0] basic.p4(309) Condition "hdr.ipv4.isValid()" (node_4) is false
[07:42:12.502] [bmv2] [T] [thread 16915] [9.0] [cxt 0] basic.p4(312) Condition "hdr.ipv6.isValid() && (meta.is_ingress_border == 1 || meta.is_egress_border == 1)" (node_6) is false
[07:42:12.502] [bmv2] [D] [thread 16915] [9.0] [cxt 0] Pipeline 'ingress': end
[07:42:12.502] [bmv2] [D] [thread 16915] [9.0] [cxt 0] Egress port is 511
[07:42:12.502] [bmv2] [D] [thread 16915] [9.0] [cxt 0] Dropping packet at the end of ingress
[07:42:12.535] [bmv2] [D] [thread 16915] [10.0] [cxt 0] Processing packet received on port 1
[07:42:12.535] [bmv2] [D] [thread 16915] [10.0] [cxt 0] Parser 'parser': start
[07:42:12.535] [bmv2] [D] [thread 16915] [10.0] [cxt 0] Parser 'parser' entering state 'start'
[07:42:12.535] [bmv2] [D] [thread 16915] [10.0] [cxt 0] Extracting header 'ethernet'
[07:42:12.535] [bmv2] [D] [thread 16915] [10.0] [cxt 0] Parser state 'start': key is 86dd
[07:42:12.535] [bmv2] [T] [thread 16915] [10.0] [cxt 0] Bytes parsed: 14
[07:42:12.535] [bmv2] [D] [thread 16915] [10.0] [cxt 0] Parser 'parser' entering state 'parse_ipv6'
[07:42:12.535] [bmv2] [D] [thread 16915] [10.0] [cxt 0] Extracting header 'ipv6'
[07:42:12.535] [bmv2] [D] [thread 16915] [10.0] [cxt 0] Parser state 'parse_ipv6': key is 3a
[07:42:12.535] [bmv2] [T] [thread 16915] [10.0] [cxt 0] Bytes parsed: 54
[07:42:12.535] [bmv2] [D] [thread 16915] [10.0] [cxt 0] Parser 'parser': end
[07:42:12.535] [bmv2] [D] [thread 16915] [10.0] [cxt 0] Pipeline 'ingress': start
[07:42:12.535] [bmv2] [T] [thread 16915] [10.0] [cxt 0] basic.p4(305) Condition "hdr.ipv6.isValid()" (node_2) is true
[07:42:12.535] [bmv2] [T] [thread 16915] [10.0] [cxt 0] Applying table 'MyIngress.ipv6_tbl'
[07:42:12.535] [bmv2] [D] [thread 16915] [10.0] [cxt 0] Looking up key:
* hdr.ipv6.dstAddr    : ff0200000000000000000001ff000003

[07:42:12.535] [bmv2] [D] [thread 16915] [10.0] [cxt 0] Table 'MyIngress.ipv6_tbl': miss
[07:42:12.535] [bmv2] [D] [thread 16915] [10.0] [cxt 0] Action entry is MyIngress.drop - 
[07:42:12.535] [bmv2] [T] [thread 16915] [10.0] [cxt 0] Action MyIngress.drop
[07:42:12.535] [bmv2] [T] [thread 16915] [10.0] [cxt 0] basic.p4(163) Primitive mark_to_drop(standard_metadata)
[07:42:12.535] [bmv2] [T] [thread 16915] [10.0] [cxt 0] basic.p4(309) Condition "hdr.ipv4.isValid()" (node_4) is false
[07:42:12.535] [bmv2] [T] [thread 16915] [10.0] [cxt 0] basic.p4(312) Condition "hdr.ipv6.isValid() && (meta.is_ingress_border == 1 || meta.is_egress_border == 1)" (node_6) is false
[07:42:12.535] [bmv2] [D] [thread 16915] [10.0] [cxt 0] Pipeline 'ingress': end
[07:42:12.535] [bmv2] [D] [thread 16915] [10.0] [cxt 0] Egress port is 511
[07:42:12.535] [bmv2] [D] [thread 16915] [10.0] [cxt 0] Dropping packet at the end of ingress
[07:42:12.806] [bmv2] [D] [thread 16915] [11.0] [cxt 0] Processing packet received on port 1
[07:42:12.806] [bmv2] [D] [thread 16915] [11.0] [cxt 0] Parser 'parser': start
[07:42:12.806] [bmv2] [D] [thread 16915] [11.0] [cxt 0] Parser 'parser' entering state 'start'
[07:42:12.806] [bmv2] [D] [thread 16915] [11.0] [cxt 0] Extracting header 'ethernet'
[07:42:12.806] [bmv2] [D] [thread 16915] [11.0] [cxt 0] Parser state 'start': key is 86dd
[07:42:12.806] [bmv2] [T] [thread 16915] [11.0] [cxt 0] Bytes parsed: 14
[07:42:12.806] [bmv2] [D] [thread 16915] [11.0] [cxt 0] Parser 'parser' entering state 'parse_ipv6'
[07:42:12.806] [bmv2] [D] [thread 16915] [11.0] [cxt 0] Extracting header 'ipv6'
[07:42:12.806] [bmv2] [D] [thread 16915] [11.0] [cxt 0] Parser state 'parse_ipv6': key is 00
[07:42:12.806] [bmv2] [T] [thread 16915] [11.0] [cxt 0] Bytes parsed: 54
[07:42:12.806] [bmv2] [D] [thread 16915] [11.0] [cxt 0] Parser 'parser': end
[07:42:12.806] [bmv2] [D] [thread 16915] [11.0] [cxt 0] Pipeline 'ingress': start
[07:42:12.806] [bmv2] [T] [thread 16915] [11.0] [cxt 0] basic.p4(305) Condition "hdr.ipv6.isValid()" (node_2) is true
[07:42:12.806] [bmv2] [T] [thread 16915] [11.0] [cxt 0] Applying table 'MyIngress.ipv6_tbl'
[07:42:12.806] [bmv2] [D] [thread 16915] [11.0] [cxt 0] Looking up key:
* hdr.ipv6.dstAddr    : ff020000000000000000000000000016

[07:42:12.806] [bmv2] [D] [thread 16915] [11.0] [cxt 0] Table 'MyIngress.ipv6_tbl': miss
[07:42:12.806] [bmv2] [D] [thread 16915] [11.0] [cxt 0] Action entry is MyIngress.drop - 
[07:42:12.806] [bmv2] [T] [thread 16915] [11.0] [cxt 0] Action MyIngress.drop
[07:42:12.806] [bmv2] [T] [thread 16915] [11.0] [cxt 0] basic.p4(163) Primitive mark_to_drop(standard_metadata)
[07:42:12.806] [bmv2] [T] [thread 16915] [11.0] [cxt 0] basic.p4(309) Condition "hdr.ipv4.isValid()" (node_4) is false
[07:42:12.806] [bmv2] [T] [thread 16915] [11.0] [cxt 0] basic.p4(312) Condition "hdr.ipv6.isValid() && (meta.is_ingress_border == 1 || meta.is_egress_border == 1)" (node_6) is false
[07:42:12.806] [bmv2] [D] [thread 16915] [11.0] [cxt 0] Pipeline 'ingress': end
[07:42:12.806] [bmv2] [D] [thread 16915] [11.0] [cxt 0] Egress port is 511
[07:42:12.806] [bmv2] [D] [thread 16915] [11.0] [cxt 0] Dropping packet at the end of ingress
[07:42:13.507] [bmv2] [D] [thread 16915] [12.0] [cxt 0] Processing packet received on port 2
[07:42:13.507] [bmv2] [D] [thread 16915] [12.0] [cxt 0] Parser 'parser': start
[07:42:13.507] [bmv2] [D] [thread 16915] [12.0] [cxt 0] Parser 'parser' entering state 'start'
[07:42:13.507] [bmv2] [D] [thread 16915] [12.0] [cxt 0] Extracting header 'ethernet'
[07:42:13.507] [bmv2] [D] [thread 16915] [12.0] [cxt 0] Parser state 'start': key is 86dd
[07:42:13.507] [bmv2] [T] [thread 16915] [12.0] [cxt 0] Bytes parsed: 14
[07:42:13.507] [bmv2] [D] [thread 16915] [12.0] [cxt 0] Parser 'parser' entering state 'parse_ipv6'
[07:42:13.507] [bmv2] [D] [thread 16915] [12.0] [cxt 0] Extracting header 'ipv6'
[07:42:13.507] [bmv2] [D] [thread 16915] [12.0] [cxt 0] Parser state 'parse_ipv6': key is 00
[07:42:13.507] [bmv2] [T] [thread 16915] [12.0] [cxt 0] Bytes parsed: 54
[07:42:13.507] [bmv2] [D] [thread 16915] [12.0] [cxt 0] Parser 'parser': end
[07:42:13.507] [bmv2] [D] [thread 16915] [12.0] [cxt 0] Pipeline 'ingress': start
[07:42:13.507] [bmv2] [T] [thread 16915] [12.0] [cxt 0] basic.p4(305) Condition "hdr.ipv6.isValid()" (node_2) is true
[07:42:13.507] [bmv2] [T] [thread 16915] [12.0] [cxt 0] Applying table 'MyIngress.ipv6_tbl'
[07:42:13.507] [bmv2] [D] [thread 16915] [12.0] [cxt 0] Looking up key:
* hdr.ipv6.dstAddr    : ff020000000000000000000000000016

[07:42:13.507] [bmv2] [D] [thread 16915] [12.0] [cxt 0] Table 'MyIngress.ipv6_tbl': miss
[07:42:13.507] [bmv2] [D] [thread 16915] [12.0] [cxt 0] Action entry is MyIngress.drop - 
[07:42:13.507] [bmv2] [T] [thread 16915] [12.0] [cxt 0] Action MyIngress.drop
[07:42:13.507] [bmv2] [T] [thread 16915] [12.0] [cxt 0] basic.p4(163) Primitive mark_to_drop(standard_metadata)
[07:42:13.507] [bmv2] [T] [thread 16915] [12.0] [cxt 0] basic.p4(309) Condition "hdr.ipv4.isValid()" (node_4) is false
[07:42:13.507] [bmv2] [T] [thread 16915] [12.0] [cxt 0] basic.p4(312) Condition "hdr.ipv6.isValid() && (meta.is_ingress_border == 1 || meta.is_egress_border == 1)" (node_6) is false
[07:42:13.507] [bmv2] [D] [thread 16915] [12.0] [cxt 0] Pipeline 'ingress': end
[07:42:13.507] [bmv2] [D] [thread 16915] [12.0] [cxt 0] Egress port is 511
[07:42:13.507] [bmv2] [D] [thread 16915] [12.0] [cxt 0] Dropping packet at the end of ingress
[07:42:13.507] [bmv2] [D] [thread 16915] [13.0] [cxt 0] Processing packet received on port 2
[07:42:13.507] [bmv2] [D] [thread 16915] [13.0] [cxt 0] Parser 'parser': start
[07:42:13.507] [bmv2] [D] [thread 16915] [13.0] [cxt 0] Parser 'parser' entering state 'start'
[07:42:13.507] [bmv2] [D] [thread 16915] [13.0] [cxt 0] Extracting header 'ethernet'
[07:42:13.507] [bmv2] [D] [thread 16915] [13.0] [cxt 0] Parser state 'start': key is 86dd
[07:42:13.507] [bmv2] [T] [thread 16915] [13.0] [cxt 0] Bytes parsed: 14
[07:42:13.507] [bmv2] [D] [thread 16915] [13.0] [cxt 0] Parser 'parser' entering state 'parse_ipv6'
[07:42:13.507] [bmv2] [D] [thread 16915] [13.0] [cxt 0] Extracting header 'ipv6'
[07:42:13.507] [bmv2] [D] [thread 16915] [13.0] [cxt 0] Parser state 'parse_ipv6': key is 3a
[07:42:13.507] [bmv2] [T] [thread 16915] [13.0] [cxt 0] Bytes parsed: 54
[07:42:13.507] [bmv2] [D] [thread 16915] [13.0] [cxt 0] Parser 'parser': end
[07:42:13.507] [bmv2] [D] [thread 16915] [13.0] [cxt 0] Pipeline 'ingress': start
[07:42:13.507] [bmv2] [T] [thread 16915] [13.0] [cxt 0] basic.p4(305) Condition "hdr.ipv6.isValid()" (node_2) is true
[07:42:13.507] [bmv2] [T] [thread 16915] [13.0] [cxt 0] Applying table 'MyIngress.ipv6_tbl'
[07:42:13.507] [bmv2] [D] [thread 16915] [13.0] [cxt 0] Looking up key:
* hdr.ipv6.dstAddr    : ff020000000000000000000000000002

[07:42:13.507] [bmv2] [D] [thread 16915] [13.0] [cxt 0] Table 'MyIngress.ipv6_tbl': miss
[07:42:13.507] [bmv2] [D] [thread 16915] [13.0] [cxt 0] Action entry is MyIngress.drop - 
[07:42:13.507] [bmv2] [T] [thread 16915] [13.0] [cxt 0] Action MyIngress.drop
[07:42:13.507] [bmv2] [T] [thread 16915] [13.0] [cxt 0] basic.p4(163) Primitive mark_to_drop(standard_metadata)
[07:42:13.508] [bmv2] [T] [thread 16915] [13.0] [cxt 0] basic.p4(309) Condition "hdr.ipv4.isValid()" (node_4) is false
[07:42:13.508] [bmv2] [T] [thread 16915] [13.0] [cxt 0] basic.p4(312) Condition "hdr.ipv6.isValid() && (meta.is_ingress_border == 1 || meta.is_egress_border == 1)" (node_6) is false
[07:42:13.508] [bmv2] [D] [thread 16915] [13.0] [cxt 0] Pipeline 'ingress': end
[07:42:13.508] [bmv2] [D] [thread 16915] [13.0] [cxt 0] Egress port is 511
[07:42:13.508] [bmv2] [D] [thread 16915] [13.0] [cxt 0] Dropping packet at the end of ingress
[07:42:13.535] [bmv2] [D] [thread 16915] [14.0] [cxt 0] Processing packet received on port 1
[07:42:13.535] [bmv2] [D] [thread 16915] [14.0] [cxt 0] Parser 'parser': start
[07:42:13.535] [bmv2] [D] [thread 16915] [14.0] [cxt 0] Parser 'parser' entering state 'start'
[07:42:13.535] [bmv2] [D] [thread 16915] [14.0] [cxt 0] Extracting header 'ethernet'
[07:42:13.535] [bmv2] [D] [thread 16915] [14.0] [cxt 0] Parser state 'start': key is 86dd
[07:42:13.535] [bmv2] [T] [thread 16915] [14.0] [cxt 0] Bytes parsed: 14
[07:42:13.535] [bmv2] [D] [thread 16915] [14.0] [cxt 0] Parser 'parser' entering state 'parse_ipv6'
[07:42:13.535] [bmv2] [D] [thread 16915] [14.0] [cxt 0] Extracting header 'ipv6'
[07:42:13.535] [bmv2] [D] [thread 16915] [14.0] [cxt 0] Parser state 'parse_ipv6': key is 00
[07:42:13.535] [bmv2] [T] [thread 16915] [14.0] [cxt 0] Bytes parsed: 54
[07:42:13.535] [bmv2] [D] [thread 16915] [14.0] [cxt 0] Parser 'parser': end
[07:42:13.535] [bmv2] [D] [thread 16915] [14.0] [cxt 0] Pipeline 'ingress': start
[07:42:13.535] [bmv2] [T] [thread 16915] [14.0] [cxt 0] basic.p4(305) Condition "hdr.ipv6.isValid()" (node_2) is true
[07:42:13.535] [bmv2] [T] [thread 16915] [14.0] [cxt 0] Applying table 'MyIngress.ipv6_tbl'
[07:42:13.535] [bmv2] [D] [thread 16915] [14.0] [cxt 0] Looking up key:
* hdr.ipv6.dstAddr    : ff020000000000000000000000000016

[07:42:13.535] [bmv2] [D] [thread 16915] [14.0] [cxt 0] Table 'MyIngress.ipv6_tbl': miss
[07:42:13.535] [bmv2] [D] [thread 16915] [14.0] [cxt 0] Action entry is MyIngress.drop - 
[07:42:13.535] [bmv2] [T] [thread 16915] [14.0] [cxt 0] Action MyIngress.drop
[07:42:13.535] [bmv2] [T] [thread 16915] [14.0] [cxt 0] basic.p4(163) Primitive mark_to_drop(standard_metadata)
[07:42:13.535] [bmv2] [T] [thread 16915] [14.0] [cxt 0] basic.p4(309) Condition "hdr.ipv4.isValid()" (node_4) is false
[07:42:13.535] [bmv2] [T] [thread 16915] [14.0] [cxt 0] basic.p4(312) Condition "hdr.ipv6.isValid() && (meta.is_ingress_border == 1 || meta.is_egress_border == 1)" (node_6) is false
[07:42:13.535] [bmv2] [D] [thread 16915] [14.0] [cxt 0] Pipeline 'ingress': end
[07:42:13.535] [bmv2] [D] [thread 16915] [14.0] [cxt 0] Egress port is 511
[07:42:13.535] [bmv2] [D] [thread 16915] [14.0] [cxt 0] Dropping packet at the end of ingress
[07:42:13.535] [bmv2] [D] [thread 16915] [15.0] [cxt 0] Processing packet received on port 1
[07:42:13.535] [bmv2] [D] [thread 16915] [15.0] [cxt 0] Parser 'parser': start
[07:42:13.535] [bmv2] [D] [thread 16915] [15.0] [cxt 0] Parser 'parser' entering state 'start'
[07:42:13.535] [bmv2] [D] [thread 16915] [15.0] [cxt 0] Extracting header 'ethernet'
[07:42:13.535] [bmv2] [D] [thread 16915] [15.0] [cxt 0] Parser state 'start': key is 86dd
[07:42:13.535] [bmv2] [T] [thread 16915] [15.0] [cxt 0] Bytes parsed: 14
[07:42:13.535] [bmv2] [D] [thread 16915] [15.0] [cxt 0] Parser 'parser' entering state 'parse_ipv6'
[07:42:13.535] [bmv2] [D] [thread 16915] [15.0] [cxt 0] Extracting header 'ipv6'
[07:42:13.535] [bmv2] [D] [thread 16915] [15.0] [cxt 0] Parser state 'parse_ipv6': key is 3a
[07:42:13.535] [bmv2] [T] [thread 16915] [15.0] [cxt 0] Bytes parsed: 54
[07:42:13.535] [bmv2] [D] [thread 16915] [15.0] [cxt 0] Parser 'parser': end
[07:42:13.535] [bmv2] [D] [thread 16915] [15.0] [cxt 0] Pipeline 'ingress': start
[07:42:13.536] [bmv2] [T] [thread 16915] [15.0] [cxt 0] basic.p4(305) Condition "hdr.ipv6.isValid()" (node_2) is true
[07:42:13.536] [bmv2] [T] [thread 16915] [15.0] [cxt 0] Applying table 'MyIngress.ipv6_tbl'
[07:42:13.536] [bmv2] [D] [thread 16915] [15.0] [cxt 0] Looking up key:
* hdr.ipv6.dstAddr    : ff020000000000000000000000000002

[07:42:13.536] [bmv2] [D] [thread 16915] [15.0] [cxt 0] Table 'MyIngress.ipv6_tbl': miss
[07:42:13.536] [bmv2] [D] [thread 16915] [15.0] [cxt 0] Action entry is MyIngress.drop - 
[07:42:13.536] [bmv2] [T] [thread 16915] [15.0] [cxt 0] Action MyIngress.drop
[07:42:13.536] [bmv2] [T] [thread 16915] [15.0] [cxt 0] basic.p4(163) Primitive mark_to_drop(standard_metadata)
[07:42:13.536] [bmv2] [T] [thread 16915] [15.0] [cxt 0] basic.p4(309) Condition "hdr.ipv4.isValid()" (node_4) is false
[07:42:13.536] [bmv2] [T] [thread 16915] [15.0] [cxt 0] basic.p4(312) Condition "hdr.ipv6.isValid() && (meta.is_ingress_border == 1 || meta.is_egress_border == 1)" (node_6) is false
[07:42:13.536] [bmv2] [D] [thread 16915] [15.0] [cxt 0] Pipeline 'ingress': end
[07:42:13.536] [bmv2] [D] [thread 16915] [15.0] [cxt 0] Egress port is 511
[07:42:13.536] [bmv2] [D] [thread 16915] [15.0] [cxt 0] Dropping packet at the end of ingress
[07:42:14.236] [bmv2] [D] [thread 16915] [16.0] [cxt 0] Processing packet received on port 2
[07:42:14.236] [bmv2] [D] [thread 16915] [16.0] [cxt 0] Parser 'parser': start
[07:42:14.236] [bmv2] [D] [thread 16915] [16.0] [cxt 0] Parser 'parser' entering state 'start'
[07:42:14.236] [bmv2] [D] [thread 16915] [16.0] [cxt 0] Extracting header 'ethernet'
[07:42:14.236] [bmv2] [D] [thread 16915] [16.0] [cxt 0] Parser state 'start': key is 86dd
[07:42:14.236] [bmv2] [T] [thread 16915] [16.0] [cxt 0] Bytes parsed: 14
[07:42:14.236] [bmv2] [D] [thread 16915] [16.0] [cxt 0] Parser 'parser' entering state 'parse_ipv6'
[07:42:14.236] [bmv2] [D] [thread 16915] [16.0] [cxt 0] Extracting header 'ipv6'
[07:42:14.236] [bmv2] [D] [thread 16915] [16.0] [cxt 0] Parser state 'parse_ipv6': key is 00
[07:42:14.236] [bmv2] [T] [thread 16915] [16.0] [cxt 0] Bytes parsed: 54
[07:42:14.236] [bmv2] [D] [thread 16915] [16.0] [cxt 0] Parser 'parser': end
[07:42:14.236] [bmv2] [D] [thread 16915] [16.0] [cxt 0] Pipeline 'ingress': start
[07:42:14.236] [bmv2] [T] [thread 16915] [16.0] [cxt 0] basic.p4(305) Condition "hdr.ipv6.isValid()" (node_2) is true
[07:42:14.236] [bmv2] [T] [thread 16915] [16.0] [cxt 0] Applying table 'MyIngress.ipv6_tbl'
[07:42:14.236] [bmv2] [D] [thread 16915] [16.0] [cxt 0] Looking up key:
* hdr.ipv6.dstAddr    : ff020000000000000000000000000016

[07:42:14.236] [bmv2] [D] [thread 16915] [16.0] [cxt 0] Table 'MyIngress.ipv6_tbl': miss
[07:42:14.236] [bmv2] [D] [thread 16915] [16.0] [cxt 0] Action entry is MyIngress.drop - 
[07:42:14.236] [bmv2] [T] [thread 16915] [16.0] [cxt 0] Action MyIngress.drop
[07:42:14.236] [bmv2] [T] [thread 16915] [16.0] [cxt 0] basic.p4(163) Primitive mark_to_drop(standard_metadata)
[07:42:14.236] [bmv2] [T] [thread 16915] [16.0] [cxt 0] basic.p4(309) Condition "hdr.ipv4.isValid()" (node_4) is false
[07:42:14.236] [bmv2] [T] [thread 16915] [16.0] [cxt 0] basic.p4(312) Condition "hdr.ipv6.isValid() && (meta.is_ingress_border == 1 || meta.is_egress_border == 1)" (node_6) is false
[07:42:14.236] [bmv2] [D] [thread 16915] [16.0] [cxt 0] Pipeline 'ingress': end
[07:42:14.236] [bmv2] [D] [thread 16915] [16.0] [cxt 0] Egress port is 511
[07:42:14.236] [bmv2] [D] [thread 16915] [16.0] [cxt 0] Dropping packet at the end of ingress
[07:42:14.497] [bmv2] [D] [thread 16915] [17.0] [cxt 0] Processing packet received on port 1
[07:42:14.497] [bmv2] [D] [thread 16915] [17.0] [cxt 0] Parser 'parser': start
[07:42:14.497] [bmv2] [D] [thread 16915] [17.0] [cxt 0] Parser 'parser' entering state 'start'
[07:42:14.497] [bmv2] [D] [thread 16915] [17.0] [cxt 0] Extracting header 'ethernet'
[07:42:14.497] [bmv2] [D] [thread 16915] [17.0] [cxt 0] Parser state 'start': key is 86dd
[07:42:14.497] [bmv2] [T] [thread 16915] [17.0] [cxt 0] Bytes parsed: 14
[07:42:14.497] [bmv2] [D] [thread 16915] [17.0] [cxt 0] Parser 'parser' entering state 'parse_ipv6'
[07:42:14.497] [bmv2] [D] [thread 16915] [17.0] [cxt 0] Extracting header 'ipv6'
[07:42:14.497] [bmv2] [D] [thread 16915] [17.0] [cxt 0] Parser state 'parse_ipv6': key is 00
[07:42:14.497] [bmv2] [T] [thread 16915] [17.0] [cxt 0] Bytes parsed: 54
[07:42:14.498] [bmv2] [D] [thread 16915] [17.0] [cxt 0] Parser 'parser': end
[07:42:14.498] [bmv2] [D] [thread 16915] [17.0] [cxt 0] Pipeline 'ingress': start
[07:42:14.498] [bmv2] [T] [thread 16915] [17.0] [cxt 0] basic.p4(305) Condition "hdr.ipv6.isValid()" (node_2) is true
[07:42:14.498] [bmv2] [T] [thread 16915] [17.0] [cxt 0] Applying table 'MyIngress.ipv6_tbl'
[07:42:14.498] [bmv2] [D] [thread 16915] [17.0] [cxt 0] Looking up key:
* hdr.ipv6.dstAddr    : ff020000000000000000000000000016

[07:42:14.498] [bmv2] [D] [thread 16915] [17.0] [cxt 0] Table 'MyIngress.ipv6_tbl': miss
[07:42:14.498] [bmv2] [D] [thread 16915] [17.0] [cxt 0] Action entry is MyIngress.drop - 
[07:42:14.498] [bmv2] [T] [thread 16915] [17.0] [cxt 0] Action MyIngress.drop
[07:42:14.498] [bmv2] [T] [thread 16915] [17.0] [cxt 0] basic.p4(163) Primitive mark_to_drop(standard_metadata)
[07:42:14.498] [bmv2] [T] [thread 16915] [17.0] [cxt 0] basic.p4(309) Condition "hdr.ipv4.isValid()" (node_4) is false
[07:42:14.498] [bmv2] [T] [thread 16915] [17.0] [cxt 0] basic.p4(312) Condition "hdr.ipv6.isValid() && (meta.is_ingress_border == 1 || meta.is_egress_border == 1)" (node_6) is false
[07:42:14.498] [bmv2] [D] [thread 16915] [17.0] [cxt 0] Pipeline 'ingress': end
[07:42:14.498] [bmv2] [D] [thread 16915] [17.0] [cxt 0] Egress port is 511
[07:42:14.498] [bmv2] [D] [thread 16915] [17.0] [cxt 0] Dropping packet at the end of ingress
[07:42:17.522] [bmv2] [D] [thread 16915] [18.0] [cxt 0] Processing packet received on port 2
[07:42:17.522] [bmv2] [D] [thread 16915] [18.0] [cxt 0] Parser 'parser': start
[07:42:17.522] [bmv2] [D] [thread 16915] [18.0] [cxt 0] Parser 'parser' entering state 'start'
[07:42:17.522] [bmv2] [D] [thread 16915] [18.0] [cxt 0] Extracting header 'ethernet'
[07:42:17.522] [bmv2] [D] [thread 16915] [18.0] [cxt 0] Parser state 'start': key is 86dd
[07:42:17.522] [bmv2] [T] [thread 16915] [18.0] [cxt 0] Bytes parsed: 14
[07:42:17.522] [bmv2] [D] [thread 16915] [18.0] [cxt 0] Parser 'parser' entering state 'parse_ipv6'
[07:42:17.522] [bmv2] [D] [thread 16915] [18.0] [cxt 0] Extracting header 'ipv6'
[07:42:17.523] [bmv2] [D] [thread 16915] [18.0] [cxt 0] Parser state 'parse_ipv6': key is 3a
[07:42:17.523] [bmv2] [T] [thread 16915] [18.0] [cxt 0] Bytes parsed: 54
[07:42:17.523] [bmv2] [D] [thread 16915] [18.0] [cxt 0] Parser 'parser': end
[07:42:17.523] [bmv2] [D] [thread 16915] [18.0] [cxt 0] Pipeline 'ingress': start
[07:42:17.523] [bmv2] [T] [thread 16915] [18.0] [cxt 0] basic.p4(305) Condition "hdr.ipv6.isValid()" (node_2) is true
[07:42:17.523] [bmv2] [T] [thread 16915] [18.0] [cxt 0] Applying table 'MyIngress.ipv6_tbl'
[07:42:17.523] [bmv2] [D] [thread 16915] [18.0] [cxt 0] Looking up key:
* hdr.ipv6.dstAddr    : ff020000000000000000000000000002

[07:42:17.523] [bmv2] [D] [thread 16915] [18.0] [cxt 0] Table 'MyIngress.ipv6_tbl': miss
[07:42:17.523] [bmv2] [D] [thread 16915] [18.0] [cxt 0] Action entry is MyIngress.drop - 
[07:42:17.523] [bmv2] [T] [thread 16915] [18.0] [cxt 0] Action MyIngress.drop
[07:42:17.523] [bmv2] [T] [thread 16915] [18.0] [cxt 0] basic.p4(163) Primitive mark_to_drop(standard_metadata)
[07:42:17.523] [bmv2] [T] [thread 16915] [18.0] [cxt 0] basic.p4(309) Condition "hdr.ipv4.isValid()" (node_4) is false
[07:42:17.523] [bmv2] [T] [thread 16915] [18.0] [cxt 0] basic.p4(312) Condition "hdr.ipv6.isValid() && (meta.is_ingress_border == 1 || meta.is_egress_border == 1)" (node_6) is false
[07:42:17.523] [bmv2] [D] [thread 16915] [18.0] [cxt 0] Pipeline 'ingress': end
[07:42:17.523] [bmv2] [D] [thread 16915] [18.0] [cxt 0] Egress port is 511
[07:42:17.523] [bmv2] [D] [thread 16915] [18.0] [cxt 0] Dropping packet at the end of ingress
[07:42:17.546] [bmv2] [D] [thread 16915] [19.0] [cxt 0] Processing packet received on port 1
[07:42:17.546] [bmv2] [D] [thread 16915] [19.0] [cxt 0] Parser 'parser': start
[07:42:17.546] [bmv2] [D] [thread 16915] [19.0] [cxt 0] Parser 'parser' entering state 'start'
[07:42:17.546] [bmv2] [D] [thread 16915] [19.0] [cxt 0] Extracting header 'ethernet'
[07:42:17.546] [bmv2] [D] [thread 16915] [19.0] [cxt 0] Parser state 'start': key is 86dd
[07:42:17.546] [bmv2] [T] [thread 16915] [19.0] [cxt 0] Bytes parsed: 14
[07:42:17.546] [bmv2] [D] [thread 16915] [19.0] [cxt 0] Parser 'parser' entering state 'parse_ipv6'
[07:42:17.546] [bmv2] [D] [thread 16915] [19.0] [cxt 0] Extracting header 'ipv6'
[07:42:17.546] [bmv2] [D] [thread 16915] [19.0] [cxt 0] Parser state 'parse_ipv6': key is 3a
[07:42:17.546] [bmv2] [T] [thread 16915] [19.0] [cxt 0] Bytes parsed: 54
[07:42:17.546] [bmv2] [D] [thread 16915] [19.0] [cxt 0] Parser 'parser': end
[07:42:17.546] [bmv2] [D] [thread 16915] [19.0] [cxt 0] Pipeline 'ingress': start
[07:42:17.546] [bmv2] [T] [thread 16915] [19.0] [cxt 0] basic.p4(305) Condition "hdr.ipv6.isValid()" (node_2) is true
[07:42:17.546] [bmv2] [T] [thread 16915] [19.0] [cxt 0] Applying table 'MyIngress.ipv6_tbl'
[07:42:17.546] [bmv2] [D] [thread 16915] [19.0] [cxt 0] Looking up key:
* hdr.ipv6.dstAddr    : ff020000000000000000000000000002

[07:42:17.546] [bmv2] [D] [thread 16915] [19.0] [cxt 0] Table 'MyIngress.ipv6_tbl': miss
[07:42:17.546] [bmv2] [D] [thread 16915] [19.0] [cxt 0] Action entry is MyIngress.drop - 
[07:42:17.546] [bmv2] [T] [thread 16915] [19.0] [cxt 0] Action MyIngress.drop
[07:42:17.546] [bmv2] [T] [thread 16915] [19.0] [cxt 0] basic.p4(163) Primitive mark_to_drop(standard_metadata)
[07:42:17.546] [bmv2] [T] [thread 16915] [19.0] [cxt 0] basic.p4(309) Condition "hdr.ipv4.isValid()" (node_4) is false
[07:42:17.546] [bmv2] [T] [thread 16915] [19.0] [cxt 0] basic.p4(312) Condition "hdr.ipv6.isValid() && (meta.is_ingress_border == 1 || meta.is_egress_border == 1)" (node_6) is false
[07:42:17.546] [bmv2] [D] [thread 16915] [19.0] [cxt 0] Pipeline 'ingress': end
[07:42:17.546] [bmv2] [D] [thread 16915] [19.0] [cxt 0] Egress port is 511
[07:42:17.546] [bmv2] [D] [thread 16915] [19.0] [cxt 0] Dropping packet at the end of ingress
[07:42:21.531] [bmv2] [D] [thread 16915] [20.0] [cxt 0] Processing packet received on port 2
[07:42:21.531] [bmv2] [D] [thread 16915] [20.0] [cxt 0] Parser 'parser': start
[07:42:21.531] [bmv2] [D] [thread 16915] [20.0] [cxt 0] Parser 'parser' entering state 'start'
[07:42:21.531] [bmv2] [D] [thread 16915] [20.0] [cxt 0] Extracting header 'ethernet'
[07:42:21.531] [bmv2] [D] [thread 16915] [20.0] [cxt 0] Parser state 'start': key is 86dd
[07:42:21.531] [bmv2] [T] [thread 16915] [20.0] [cxt 0] Bytes parsed: 14
[07:42:21.531] [bmv2] [D] [thread 16915] [20.0] [cxt 0] Parser 'parser' entering state 'parse_ipv6'
[07:42:21.531] [bmv2] [D] [thread 16915] [20.0] [cxt 0] Extracting header 'ipv6'
[07:42:21.531] [bmv2] [D] [thread 16915] [20.0] [cxt 0] Parser state 'parse_ipv6': key is 3a
[07:42:21.531] [bmv2] [T] [thread 16915] [20.0] [cxt 0] Bytes parsed: 54
[07:42:21.531] [bmv2] [D] [thread 16915] [20.0] [cxt 0] Parser 'parser': end
[07:42:21.531] [bmv2] [D] [thread 16915] [20.0] [cxt 0] Pipeline 'ingress': start
[07:42:21.531] [bmv2] [T] [thread 16915] [20.0] [cxt 0] basic.p4(305) Condition "hdr.ipv6.isValid()" (node_2) is true
[07:42:21.531] [bmv2] [T] [thread 16915] [20.0] [cxt 0] Applying table 'MyIngress.ipv6_tbl'
[07:42:21.531] [bmv2] [D] [thread 16915] [20.0] [cxt 0] Looking up key:
* hdr.ipv6.dstAddr    : ff020000000000000000000000000002

[07:42:21.531] [bmv2] [D] [thread 16915] [20.0] [cxt 0] Table 'MyIngress.ipv6_tbl': miss
[07:42:21.531] [bmv2] [D] [thread 16915] [20.0] [cxt 0] Action entry is MyIngress.drop - 
[07:42:21.531] [bmv2] [T] [thread 16915] [20.0] [cxt 0] Action MyIngress.drop
[07:42:21.531] [bmv2] [T] [thread 16915] [20.0] [cxt 0] basic.p4(163) Primitive mark_to_drop(standard_metadata)
[07:42:21.531] [bmv2] [T] [thread 16915] [20.0] [cxt 0] basic.p4(309) Condition "hdr.ipv4.isValid()" (node_4) is false
[07:42:21.531] [bmv2] [T] [thread 16915] [20.0] [cxt 0] basic.p4(312) Condition "hdr.ipv6.isValid() && (meta.is_ingress_border == 1 || meta.is_egress_border == 1)" (node_6) is false
[07:42:21.531] [bmv2] [D] [thread 16915] [20.0] [cxt 0] Pipeline 'ingress': end
[07:42:21.531] [bmv2] [D] [thread 16915] [20.0] [cxt 0] Egress port is 511
[07:42:21.531] [bmv2] [D] [thread 16915] [20.0] [cxt 0] Dropping packet at the end of ingress
[07:42:21.580] [bmv2] [D] [thread 16915] [21.0] [cxt 0] Processing packet received on port 1
[07:42:21.580] [bmv2] [D] [thread 16915] [21.0] [cxt 0] Parser 'parser': start
[07:42:21.580] [bmv2] [D] [thread 16915] [21.0] [cxt 0] Parser 'parser' entering state 'start'
[07:42:21.580] [bmv2] [D] [thread 16915] [21.0] [cxt 0] Extracting header 'ethernet'
[07:42:21.580] [bmv2] [D] [thread 16915] [21.0] [cxt 0] Parser state 'start': key is 86dd
[07:42:21.580] [bmv2] [T] [thread 16915] [21.0] [cxt 0] Bytes parsed: 14
[07:42:21.580] [bmv2] [D] [thread 16915] [21.0] [cxt 0] Parser 'parser' entering state 'parse_ipv6'
[07:42:21.580] [bmv2] [D] [thread 16915] [21.0] [cxt 0] Extracting header 'ipv6'
[07:42:21.580] [bmv2] [D] [thread 16915] [21.0] [cxt 0] Parser state 'parse_ipv6': key is 3a
[07:42:21.580] [bmv2] [T] [thread 16915] [21.0] [cxt 0] Bytes parsed: 54
[07:42:21.580] [bmv2] [D] [thread 16915] [21.0] [cxt 0] Parser 'parser': end
[07:42:21.580] [bmv2] [D] [thread 16915] [21.0] [cxt 0] Pipeline 'ingress': start
[07:42:21.580] [bmv2] [T] [thread 16915] [21.0] [cxt 0] basic.p4(305) Condition "hdr.ipv6.isValid()" (node_2) is true
[07:42:21.580] [bmv2] [T] [thread 16915] [21.0] [cxt 0] Applying table 'MyIngress.ipv6_tbl'
[07:42:21.580] [bmv2] [D] [thread 16915] [21.0] [cxt 0] Looking up key:
* hdr.ipv6.dstAddr    : ff020000000000000000000000000002

[07:42:21.580] [bmv2] [D] [thread 16915] [21.0] [cxt 0] Table 'MyIngress.ipv6_tbl': miss
[07:42:21.580] [bmv2] [D] [thread 16915] [21.0] [cxt 0] Action entry is MyIngress.drop - 
[07:42:21.580] [bmv2] [T] [thread 16915] [21.0] [cxt 0] Action MyIngress.drop
[07:42:21.580] [bmv2] [T] [thread 16915] [21.0] [cxt 0] basic.p4(163) Primitive mark_to_drop(standard_metadata)
[07:42:21.580] [bmv2] [T] [thread 16915] [21.0] [cxt 0] basic.p4(309) Condition "hdr.ipv4.isValid()" (node_4) is false
[07:42:21.580] [bmv2] [T] [thread 16915] [21.0] [cxt 0] basic.p4(312) Condition "hdr.ipv6.isValid() && (meta.is_ingress_border == 1 || meta.is_egress_border == 1)" (node_6) is false
[07:42:21.580] [bmv2] [D] [thread 16915] [21.0] [cxt 0] Pipeline 'ingress': end
[07:42:21.580] [bmv2] [D] [thread 16915] [21.0] [cxt 0] Egress port is 511
[07:42:21.580] [bmv2] [D] [thread 16915] [21.0] [cxt 0] Dropping packet at the end of ingress
[07:42:55.282] [bmv2] [D] [thread 16915] [22.0] [cxt 0] Processing packet received on port 3
[07:42:55.282] [bmv2] [D] [thread 16915] [22.0] [cxt 0] Parser 'parser': start
[07:42:55.282] [bmv2] [D] [thread 16915] [22.0] [cxt 0] Parser 'parser' entering state 'start'
[07:42:55.282] [bmv2] [D] [thread 16915] [22.0] [cxt 0] Extracting header 'ethernet'
[07:42:55.282] [bmv2] [D] [thread 16915] [22.0] [cxt 0] Parser state 'start': key is 0800
[07:42:55.282] [bmv2] [T] [thread 16915] [22.0] [cxt 0] Bytes parsed: 14
[07:42:55.282] [bmv2] [D] [thread 16915] [22.0] [cxt 0] Parser 'parser' entering state 'parse_ipv4'
[07:42:55.282] [bmv2] [D] [thread 16915] [22.0] [cxt 0] Extracting header 'ipv4'
[07:42:55.282] [bmv2] [D] [thread 16915] [22.0] [cxt 0] Parser state 'parse_ipv4': key is 11
[07:42:55.282] [bmv2] [T] [thread 16915] [22.0] [cxt 0] Bytes parsed: 34
[07:42:55.282] [bmv2] [D] [thread 16915] [22.0] [cxt 0] Parser 'parser': end
[07:42:55.282] [bmv2] [D] [thread 16915] [22.0] [cxt 0] Pipeline 'ingress': start
[07:42:55.282] [bmv2] [T] [thread 16915] [22.0] [cxt 0] basic.p4(305) Condition "hdr.ipv6.isValid()" (node_2) is false
[07:42:55.282] [bmv2] [T] [thread 16915] [22.0] [cxt 0] basic.p4(309) Condition "hdr.ipv4.isValid()" (node_4) is true
[07:42:55.282] [bmv2] [T] [thread 16915] [22.0] [cxt 0] Applying table 'MyIngress.ipv4_tbl'
[07:42:55.282] [bmv2] [D] [thread 16915] [22.0] [cxt 0] Looking up key:
* hdr.ipv4.dstAddr    : 0a000403

[07:42:55.282] [bmv2] [D] [thread 16915] [22.0] [cxt 0] Table 'MyIngress.ipv4_tbl': hit with handle 1
[07:42:55.282] [bmv2] [D] [thread 16915] [22.0] [cxt 0] Dumping entry 1
Match key:
* hdr.ipv4.dstAddr    : LPM       0a000403/24
Action entry: MyIngress.ipv4_forward - a000003,1,

[07:42:55.282] [bmv2] [D] [thread 16915] [22.0] [cxt 0] Action entry is MyIngress.ipv4_forward - a000003,1,
[07:42:55.282] [bmv2] [T] [thread 16915] [22.0] [cxt 0] Action MyIngress.ipv4_forward
[07:42:55.282] [bmv2] [T] [thread 16915] [22.0] [cxt 0] basic.p4(176) Primitive hdr.ethernet.srcAddr = hdr.ethernet.dstAddr
[07:42:55.282] [bmv2] [T] [thread 16915] [22.0] [cxt 0] basic.p4(177) Primitive hdr.ethernet.dstAddr = dstAddr
[07:42:55.282] [bmv2] [T] [thread 16915] [22.0] [cxt 0] basic.p4(178) Primitive standard_metadata.egress_spec = port
[07:42:55.282] [bmv2] [T] [thread 16915] [22.0] [cxt 0] basic.p4(179) Primitive hdr.ipv4.ttl = hdr.ipv4.ttl - 1
[07:42:55.282] [bmv2] [T] [thread 16915] [22.0] [cxt 0] basic.p4(312) Condition "hdr.ipv6.isValid() && (meta.is_ingress_border == 1 || meta.is_egress_border == 1)" (node_6) is false
[07:42:55.282] [bmv2] [D] [thread 16915] [22.0] [cxt 0] Pipeline 'ingress': end
[07:42:55.282] [bmv2] [D] [thread 16915] [22.0] [cxt 0] Egress port is 1
[07:42:55.282] [bmv2] [D] [thread 16917] [22.0] [cxt 0] Pipeline 'egress': start
[07:42:55.282] [bmv2] [D] [thread 16917] [22.0] [cxt 0] Pipeline 'egress': end
[07:42:55.282] [bmv2] [D] [thread 16917] [22.0] [cxt 0] Deparser 'deparser': start
[07:42:55.282] [bmv2] [D] [thread 16917] [22.0] [cxt 0] Updating checksum 'cksum'
[07:42:55.282] [bmv2] [D] [thread 16917] [22.0] [cxt 0] Deparsing header 'ethernet'
[07:42:55.282] [bmv2] [D] [thread 16917] [22.0] [cxt 0] Deparsing header 'ipv4'
[07:42:55.282] [bmv2] [D] [thread 16917] [22.0] [cxt 0] Deparser 'deparser': end
[07:42:55.282] [bmv2] [D] [thread 16920] [22.0] [cxt 0] Transmitting packet of size 60 out of port 1
[07:43:43.746] [bmv2] [D] [thread 16915] [23.0] [cxt 0] Processing packet received on port 3
[07:43:43.746] [bmv2] [D] [thread 16915] [23.0] [cxt 0] Parser 'parser': start
[07:43:43.746] [bmv2] [D] [thread 16915] [23.0] [cxt 0] Parser 'parser' entering state 'start'
[07:43:43.746] [bmv2] [D] [thread 16915] [23.0] [cxt 0] Extracting header 'ethernet'
[07:43:43.746] [bmv2] [D] [thread 16915] [23.0] [cxt 0] Parser state 'start': key is 0800
[07:43:43.746] [bmv2] [T] [thread 16915] [23.0] [cxt 0] Bytes parsed: 14
[07:43:43.746] [bmv2] [D] [thread 16915] [23.0] [cxt 0] Parser 'parser' entering state 'parse_ipv4'
[07:43:43.746] [bmv2] [D] [thread 16915] [23.0] [cxt 0] Extracting header 'ipv4'
[07:43:43.746] [bmv2] [D] [thread 16915] [23.0] [cxt 0] Parser state 'parse_ipv4': key is 11
[07:43:43.746] [bmv2] [T] [thread 16915] [23.0] [cxt 0] Bytes parsed: 34
[07:43:43.746] [bmv2] [D] [thread 16915] [23.0] [cxt 0] Parser 'parser': end
[07:43:43.746] [bmv2] [D] [thread 16915] [23.0] [cxt 0] Pipeline 'ingress': start
[07:43:43.746] [bmv2] [T] [thread 16915] [23.0] [cxt 0] basic.p4(305) Condition "hdr.ipv6.isValid()" (node_2) is false
[07:43:43.746] [bmv2] [T] [thread 16915] [23.0] [cxt 0] basic.p4(309) Condition "hdr.ipv4.isValid()" (node_4) is true
[07:43:43.746] [bmv2] [T] [thread 16915] [23.0] [cxt 0] Applying table 'MyIngress.ipv4_tbl'
[07:43:43.746] [bmv2] [D] [thread 16915] [23.0] [cxt 0] Looking up key:
* hdr.ipv4.dstAddr    : 0a000403

[07:43:43.746] [bmv2] [D] [thread 16915] [23.0] [cxt 0] Table 'MyIngress.ipv4_tbl': hit with handle 1
[07:43:43.746] [bmv2] [D] [thread 16915] [23.0] [cxt 0] Dumping entry 1
Match key:
* hdr.ipv4.dstAddr    : LPM       0a000403/24
Action entry: MyIngress.ipv4_forward - a000003,1,

[07:43:43.746] [bmv2] [D] [thread 16915] [23.0] [cxt 0] Action entry is MyIngress.ipv4_forward - a000003,1,
[07:43:43.746] [bmv2] [T] [thread 16915] [23.0] [cxt 0] Action MyIngress.ipv4_forward
[07:43:43.746] [bmv2] [T] [thread 16915] [23.0] [cxt 0] basic.p4(176) Primitive hdr.ethernet.srcAddr = hdr.ethernet.dstAddr
[07:43:43.746] [bmv2] [T] [thread 16915] [23.0] [cxt 0] basic.p4(177) Primitive hdr.ethernet.dstAddr = dstAddr
[07:43:43.746] [bmv2] [T] [thread 16915] [23.0] [cxt 0] basic.p4(178) Primitive standard_metadata.egress_spec = port
[07:43:43.746] [bmv2] [T] [thread 16915] [23.0] [cxt 0] basic.p4(179) Primitive hdr.ipv4.ttl = hdr.ipv4.ttl - 1
[07:43:43.746] [bmv2] [T] [thread 16915] [23.0] [cxt 0] basic.p4(312) Condition "hdr.ipv6.isValid() && (meta.is_ingress_border == 1 || meta.is_egress_border == 1)" (node_6) is false
[07:43:43.746] [bmv2] [D] [thread 16915] [23.0] [cxt 0] Pipeline 'ingress': end
[07:43:43.746] [bmv2] [D] [thread 16915] [23.0] [cxt 0] Egress port is 1
[07:43:43.746] [bmv2] [D] [thread 16917] [23.0] [cxt 0] Pipeline 'egress': start
[07:43:43.746] [bmv2] [D] [thread 16917] [23.0] [cxt 0] Pipeline 'egress': end
[07:43:43.746] [bmv2] [D] [thread 16917] [23.0] [cxt 0] Deparser 'deparser': start
[07:43:43.746] [bmv2] [D] [thread 16917] [23.0] [cxt 0] Updating checksum 'cksum'
[07:43:43.746] [bmv2] [D] [thread 16917] [23.0] [cxt 0] Deparsing header 'ethernet'
[07:43:43.746] [bmv2] [D] [thread 16917] [23.0] [cxt 0] Deparsing header 'ipv4'
[07:43:43.746] [bmv2] [D] [thread 16917] [23.0] [cxt 0] Deparser 'deparser': end
[07:43:43.746] [bmv2] [D] [thread 16920] [23.0] [cxt 0] Transmitting packet of size 60 out of port 1
open: No such file or directory
open: No such file or directory
open: No such file or directory
open: No such file or directory
open: No such file or directory
open: No such file or directory
open: No such file or directory
open: No such file or directory
