Warning: you requested the nanomsg event logger, but bmv2 was compiled without -DBMELOG, and the event logger cannot be activated
Calling target program-options parser
[07:41:24.349] [bmv2] [D] [thread 16923] Set default default entry for table 'MyIngress.ipv6_tbl': NoAction - 
[07:41:24.349] [bmv2] [D] [thread 16923] Set default default entry for table 'MyIngress.ipv4_tbl': NoAction - 
[07:41:24.349] [bmv2] [D] [thread 16923] Set default default entry for table 'MyIngress.ipv6_lpm': MyIngress.drop - 
Adding interface s5-eth1 as port 1
[07:41:24.355] [bmv2] [D] [thread 16923] Adding interface s5-eth1 as port 1
Adding interface s5-eth2 as port 2
[07:41:24.379] [bmv2] [D] [thread 16923] Adding interface s5-eth2 as port 2
[07:41:24.421] [bmv2] [I] [thread 16923] Starting Thrift server on port 9094
[07:41:24.421] [bmv2] [I] [thread 16923] Thrift server was started
[07:41:25.383] [bmv2] [D] [thread 16929] [0.0] [cxt 0] Processing packet received on port 2
[07:41:25.383] [bmv2] [D] [thread 16929] [0.0] [cxt 0] Parser 'parser': start
[07:41:25.383] [bmv2] [D] [thread 16929] [0.0] [cxt 0] Parser 'parser' entering state 'start'
[07:41:25.383] [bmv2] [D] [thread 16929] [0.0] [cxt 0] Extracting header 'ethernet'
[07:41:25.383] [bmv2] [D] [thread 16929] [0.0] [cxt 0] Parser state 'start': key is 86dd
[07:41:25.384] [bmv2] [T] [thread 16929] [0.0] [cxt 0] Bytes parsed: 14
[07:41:25.384] [bmv2] [D] [thread 16929] [0.0] [cxt 0] Parser 'parser' entering state 'parse_ipv6'
[07:41:25.384] [bmv2] [D] [thread 16929] [0.0] [cxt 0] Extracting header 'ipv6'
[07:41:25.384] [bmv2] [D] [thread 16929] [0.0] [cxt 0] Parser state 'parse_ipv6': key is 3a
[07:41:25.384] [bmv2] [T] [thread 16929] [0.0] [cxt 0] Bytes parsed: 54
[07:41:25.384] [bmv2] [D] [thread 16929] [0.0] [cxt 0] Parser 'parser': end
[07:41:25.384] [bmv2] [D] [thread 16929] [0.0] [cxt 0] Pipeline 'ingress': start
[07:41:25.384] [bmv2] [T] [thread 16929] [0.0] [cxt 0] basic.p4(305) Condition "hdr.ipv6.isValid()" (node_2) is true
[07:41:25.384] [bmv2] [T] [thread 16929] [0.0] [cxt 0] Applying table 'MyIngress.ipv6_tbl'
[07:41:25.384] [bmv2] [D] [thread 16929] [0.0] [cxt 0] Looking up key:
* hdr.ipv6.dstAddr    : ff020000000000000000000000000002

[07:41:25.384] [bmv2] [D] [thread 16929] [0.0] [cxt 0] Table 'MyIngress.ipv6_tbl': miss
[07:41:25.384] [bmv2] [D] [thread 16929] [0.0] [cxt 0] Action entry is NoAction - 
[07:41:25.384] [bmv2] [T] [thread 16929] [0.0] [cxt 0] Action NoAction
[07:41:25.384] [bmv2] [T] [thread 16929] [0.0] [cxt 0] basic.p4(309) Condition "hdr.ipv4.isValid()" (node_4) is false
[07:41:25.384] [bmv2] [T] [thread 16929] [0.0] [cxt 0] basic.p4(312) Condition "hdr.ipv6.isValid() && (meta.is_ingress_border == 1 || meta.is_egress_border == 1)" (node_6) is false
[07:41:25.384] [bmv2] [D] [thread 16929] [0.0] [cxt 0] Pipeline 'ingress': end
[07:41:25.384] [bmv2] [D] [thread 16929] [0.0] [cxt 0] Egress port is 0
[07:41:25.385] [bmv2] [D] [thread 16930] [0.0] [cxt 0] Pipeline 'egress': start
[07:41:25.385] [bmv2] [D] [thread 16930] [0.0] [cxt 0] Pipeline 'egress': end
[07:41:25.385] [bmv2] [D] [thread 16930] [0.0] [cxt 0] Deparser 'deparser': start
[07:41:25.385] [bmv2] [T] [thread 16930] [0.0] [cxt 0] Skipping checksum 'cksum' update because condition not met
[07:41:25.385] [bmv2] [D] [thread 16930] [0.0] [cxt 0] Deparsing header 'ethernet'
[07:41:25.385] [bmv2] [D] [thread 16930] [0.0] [cxt 0] Deparsing header 'ipv6'
[07:41:25.385] [bmv2] [D] [thread 16930] [0.0] [cxt 0] Deparser 'deparser': end
[07:41:25.385] [bmv2] [D] [thread 16934] [0.0] [cxt 0] Transmitting packet of size 70 out of port 0
[07:41:25.389] [bmv2] [D] [thread 16929] [1.0] [cxt 0] Processing packet received on port 1
[07:41:25.389] [bmv2] [D] [thread 16929] [1.0] [cxt 0] Parser 'parser': start
[07:41:25.389] [bmv2] [D] [thread 16929] [1.0] [cxt 0] Parser 'parser' entering state 'start'
[07:41:25.389] [bmv2] [D] [thread 16929] [1.0] [cxt 0] Extracting header 'ethernet'
[07:41:25.389] [bmv2] [D] [thread 16929] [1.0] [cxt 0] Parser state 'start': key is 86dd
[07:41:25.389] [bmv2] [T] [thread 16929] [1.0] [cxt 0] Bytes parsed: 14
[07:41:25.389] [bmv2] [D] [thread 16929] [1.0] [cxt 0] Parser 'parser' entering state 'parse_ipv6'
[07:41:25.389] [bmv2] [D] [thread 16929] [1.0] [cxt 0] Extracting header 'ipv6'
[07:41:25.389] [bmv2] [D] [thread 16929] [1.0] [cxt 0] Parser state 'parse_ipv6': key is 3a
[07:41:25.389] [bmv2] [T] [thread 16929] [1.0] [cxt 0] Bytes parsed: 54
[07:41:25.389] [bmv2] [D] [thread 16929] [1.0] [cxt 0] Parser 'parser': end
[07:41:25.389] [bmv2] [D] [thread 16929] [1.0] [cxt 0] Pipeline 'ingress': start
[07:41:25.389] [bmv2] [T] [thread 16929] [1.0] [cxt 0] basic.p4(305) Condition "hdr.ipv6.isValid()" (node_2) is true
[07:41:25.389] [bmv2] [T] [thread 16929] [1.0] [cxt 0] Applying table 'MyIngress.ipv6_tbl'
[07:41:25.389] [bmv2] [D] [thread 16929] [1.0] [cxt 0] Looking up key:
* hdr.ipv6.dstAddr    : ff020000000000000000000000000002

[07:41:25.389] [bmv2] [D] [thread 16929] [1.0] [cxt 0] Table 'MyIngress.ipv6_tbl': miss
[07:41:25.389] [bmv2] [D] [thread 16929] [1.0] [cxt 0] Action entry is NoAction - 
[07:41:25.389] [bmv2] [T] [thread 16929] [1.0] [cxt 0] Action NoAction
[07:41:25.389] [bmv2] [T] [thread 16929] [1.0] [cxt 0] basic.p4(309) Condition "hdr.ipv4.isValid()" (node_4) is false
[07:41:25.389] [bmv2] [T] [thread 16929] [1.0] [cxt 0] basic.p4(312) Condition "hdr.ipv6.isValid() && (meta.is_ingress_border == 1 || meta.is_egress_border == 1)" (node_6) is false
[07:41:25.389] [bmv2] [D] [thread 16929] [1.0] [cxt 0] Pipeline 'ingress': end
[07:41:25.389] [bmv2] [D] [thread 16929] [1.0] [cxt 0] Egress port is 0
[07:41:25.389] [bmv2] [D] [thread 16930] [1.0] [cxt 0] Pipeline 'egress': start
[07:41:25.389] [bmv2] [D] [thread 16930] [1.0] [cxt 0] Pipeline 'egress': end
[07:41:25.389] [bmv2] [D] [thread 16930] [1.0] [cxt 0] Deparser 'deparser': start
[07:41:25.389] [bmv2] [T] [thread 16930] [1.0] [cxt 0] Skipping checksum 'cksum' update because condition not met
[07:41:25.389] [bmv2] [D] [thread 16930] [1.0] [cxt 0] Deparsing header 'ethernet'
[07:41:25.389] [bmv2] [D] [thread 16930] [1.0] [cxt 0] Deparsing header 'ipv6'
[07:41:25.389] [bmv2] [D] [thread 16930] [1.0] [cxt 0] Deparser 'deparser': end
[07:41:25.389] [bmv2] [D] [thread 16934] [1.0] [cxt 0] Transmitting packet of size 70 out of port 0
[07:41:25.437] [bmv2] [D] [thread 16929] [2.0] [cxt 0] Processing packet received on port 2
[07:41:25.437] [bmv2] [D] [thread 16929] [2.0] [cxt 0] Parser 'parser': start
[07:41:25.437] [bmv2] [D] [thread 16929] [2.0] [cxt 0] Parser 'parser' entering state 'start'
[07:41:25.437] [bmv2] [D] [thread 16929] [2.0] [cxt 0] Extracting header 'ethernet'
[07:41:25.437] [bmv2] [D] [thread 16929] [2.0] [cxt 0] Parser state 'start': key is 86dd
[07:41:25.437] [bmv2] [T] [thread 16929] [2.0] [cxt 0] Bytes parsed: 14
[07:41:25.437] [bmv2] [D] [thread 16929] [2.0] [cxt 0] Parser 'parser' entering state 'parse_ipv6'
[07:41:25.437] [bmv2] [D] [thread 16929] [2.0] [cxt 0] Extracting header 'ipv6'
[07:41:25.437] [bmv2] [D] [thread 16929] [2.0] [cxt 0] Parser state 'parse_ipv6': key is 3a
[07:41:25.437] [bmv2] [T] [thread 16929] [2.0] [cxt 0] Bytes parsed: 54
[07:41:25.437] [bmv2] [D] [thread 16929] [2.0] [cxt 0] Parser 'parser': end
[07:41:25.437] [bmv2] [D] [thread 16929] [2.0] [cxt 0] Pipeline 'ingress': start
[07:41:25.437] [bmv2] [T] [thread 16929] [2.0] [cxt 0] basic.p4(305) Condition "hdr.ipv6.isValid()" (node_2) is true
[07:41:25.437] [bmv2] [T] [thread 16929] [2.0] [cxt 0] Applying table 'MyIngress.ipv6_tbl'
[07:41:25.437] [bmv2] [D] [thread 16929] [2.0] [cxt 0] Looking up key:
* hdr.ipv6.dstAddr    : ff020000000000000000000000000002

[07:41:25.437] [bmv2] [D] [thread 16929] [2.0] [cxt 0] Table 'MyIngress.ipv6_tbl': miss
[07:41:25.437] [bmv2] [D] [thread 16929] [2.0] [cxt 0] Action entry is NoAction - 
[07:41:25.437] [bmv2] [T] [thread 16929] [2.0] [cxt 0] Action NoAction
[07:41:25.437] [bmv2] [T] [thread 16929] [2.0] [cxt 0] basic.p4(309) Condition "hdr.ipv4.isValid()" (node_4) is false
[07:41:25.437] [bmv2] [T] [thread 16929] [2.0] [cxt 0] basic.p4(312) Condition "hdr.ipv6.isValid() && (meta.is_ingress_border == 1 || meta.is_egress_border == 1)" (node_6) is false
[07:41:25.437] [bmv2] [D] [thread 16929] [2.0] [cxt 0] Pipeline 'ingress': end
[07:41:25.437] [bmv2] [D] [thread 16929] [2.0] [cxt 0] Egress port is 0
[07:41:25.437] [bmv2] [D] [thread 16930] [2.0] [cxt 0] Pipeline 'egress': start
[07:41:25.437] [bmv2] [D] [thread 16930] [2.0] [cxt 0] Pipeline 'egress': end
[07:41:25.437] [bmv2] [D] [thread 16930] [2.0] [cxt 0] Deparser 'deparser': start
[07:41:25.437] [bmv2] [T] [thread 16930] [2.0] [cxt 0] Skipping checksum 'cksum' update because condition not met
[07:41:25.437] [bmv2] [D] [thread 16930] [2.0] [cxt 0] Deparsing header 'ethernet'
[07:41:25.437] [bmv2] [D] [thread 16930] [2.0] [cxt 0] Deparsing header 'ipv6'
[07:41:25.437] [bmv2] [D] [thread 16930] [2.0] [cxt 0] Deparser 'deparser': end
[07:41:25.437] [bmv2] [D] [thread 16934] [2.0] [cxt 0] Transmitting packet of size 70 out of port 0
[07:41:43.154] [bmv2] [T] [thread 17019] bm_get_config
[07:42:03.866] [bmv2] [T] [thread 17019] bm_mt_get_entries
[07:42:03.866] [bmv2] [T] [thread 17019] bm_mt_get_default_entry
[07:42:11.588] [bmv2] [T] [thread 17025] bm_get_config
[07:42:11.590] [bmv2] [T] [thread 17025] bm_mt_get_entries
[07:42:11.590] [bmv2] [T] [thread 17025] bm_mt_get_entries
[07:42:11.591] [bmv2] [T] [thread 17025] bm_mt_get_entries
[07:42:11.597] [bmv2] [T] [thread 17025] bm_reset_state
[07:42:11.598] [bmv2] [D] [thread 17025] Resetting simple_switch target-specific state
[07:42:11.598] [bmv2] [D] [thread 17025] resetting PRE state
[07:42:11.602] [bmv2] [T] [thread 17025] bm_set_default_action
[07:42:11.602] [bmv2] [D] [thread 17025] Set default entry for table 'MyIngress.ipv4_tbl': MyIngress.drop - 
[07:42:11.602] [bmv2] [T] [thread 17025] bm_set_default_action
[07:42:11.602] [bmv2] [D] [thread 17025] Set default entry for table 'MyIngress.ipv6_tbl': MyIngress.drop - 
[07:42:12.015] [bmv2] [T] [thread 17025] bm_table_add_entry
[07:42:12.015] [bmv2] [D] [thread 17025] Entry 0 added to table 'MyIngress.ipv4_tbl'
[07:42:12.015] [bmv2] [D] [thread 17025] Dumping entry 0
Match key:
* hdr.ipv4.dstAddr    : LPM       0a000101/24
Action entry: MyIngress.ipv4_forward - fe4347aa8bf7,1,

[07:42:12.017] [bmv2] [T] [thread 17025] bm_table_add_entry
[07:42:12.017] [bmv2] [D] [thread 17025] Entry 1 added to table 'MyIngress.ipv4_tbl'
[07:42:12.017] [bmv2] [D] [thread 17025] Dumping entry 1
Match key:
* hdr.ipv4.dstAddr    : LPM       0a000403/24
Action entry: MyIngress.ipv4_forward - e65eb19e74c3,2,

[07:42:12.029] [bmv2] [T] [thread 17025] bm_table_add_entry
[07:42:12.029] [bmv2] [D] [thread 17025] Entry 0 added to table 'MyIngress.ipv6_tbl'
[07:42:12.029] [bmv2] [D] [thread 17025] Dumping entry 0
Match key:
* hdr.ipv6.dstAddr    : LPM       fe080001000000000000000000000002/64
Action entry: MyIngress.ipv6_forward - fe4347aa8bf7,1,

[07:42:12.030] [bmv2] [T] [thread 17025] bm_table_add_entry
[07:42:12.030] [bmv2] [D] [thread 17025] Entry 1 added to table 'MyIngress.ipv6_tbl'
[07:42:12.030] [bmv2] [D] [thread 17025] Dumping entry 1
Match key:
* hdr.ipv6.dstAddr    : LPM       fe080004000000000000000000000004/64
Action entry: MyIngress.ipv6_forward - e65eb19e74c3,2,

[07:42:17.652] [bmv2] [T] [thread 17298] bm_get_config
[07:42:24.720] [bmv2] [T] [thread 17298] bm_mt_get_entries
[07:42:24.721] [bmv2] [T] [thread 17298] bm_mt_get_default_entry
[07:42:55.223] [bmv2] [D] [thread 16929] [3.0] [cxt 0] Processing packet received on port 1
[07:42:55.223] [bmv2] [D] [thread 16929] [3.0] [cxt 0] Parser 'parser': start
[07:42:55.223] [bmv2] [D] [thread 16929] [3.0] [cxt 0] Parser 'parser' entering state 'start'
[07:42:55.223] [bmv2] [D] [thread 16929] [3.0] [cxt 0] Extracting header 'ethernet'
[07:42:55.223] [bmv2] [D] [thread 16929] [3.0] [cxt 0] Parser state 'start': key is 0800
[07:42:55.223] [bmv2] [T] [thread 16929] [3.0] [cxt 0] Bytes parsed: 14
[07:42:55.223] [bmv2] [D] [thread 16929] [3.0] [cxt 0] Parser 'parser' entering state 'parse_ipv4'
[07:42:55.223] [bmv2] [D] [thread 16929] [3.0] [cxt 0] Extracting header 'ipv4'
[07:42:55.223] [bmv2] [D] [thread 16929] [3.0] [cxt 0] Parser state 'parse_ipv4': key is 11
[07:42:55.223] [bmv2] [T] [thread 16929] [3.0] [cxt 0] Bytes parsed: 34
[07:42:55.223] [bmv2] [D] [thread 16929] [3.0] [cxt 0] Parser 'parser': end
[07:42:55.223] [bmv2] [D] [thread 16929] [3.0] [cxt 0] Pipeline 'ingress': start
[07:42:55.223] [bmv2] [T] [thread 16929] [3.0] [cxt 0] basic.p4(305) Condition "hdr.ipv6.isValid()" (node_2) is false
[07:42:55.223] [bmv2] [T] [thread 16929] [3.0] [cxt 0] basic.p4(309) Condition "hdr.ipv4.isValid()" (node_4) is true
[07:42:55.223] [bmv2] [T] [thread 16929] [3.0] [cxt 0] Applying table 'MyIngress.ipv4_tbl'
[07:42:55.223] [bmv2] [D] [thread 16929] [3.0] [cxt 0] Looking up key:
* hdr.ipv4.dstAddr    : 0a000403

[07:42:55.223] [bmv2] [D] [thread 16929] [3.0] [cxt 0] Table 'MyIngress.ipv4_tbl': hit with handle 1
[07:42:55.223] [bmv2] [D] [thread 16929] [3.0] [cxt 0] Dumping entry 1
Match key:
* hdr.ipv4.dstAddr    : LPM       0a000403/24
Action entry: MyIngress.ipv4_forward - e65eb19e74c3,2,

[07:42:55.223] [bmv2] [D] [thread 16929] [3.0] [cxt 0] Action entry is MyIngress.ipv4_forward - e65eb19e74c3,2,
[07:42:55.223] [bmv2] [T] [thread 16929] [3.0] [cxt 0] Action MyIngress.ipv4_forward
[07:42:55.223] [bmv2] [T] [thread 16929] [3.0] [cxt 0] basic.p4(176) Primitive hdr.ethernet.srcAddr = hdr.ethernet.dstAddr
[07:42:55.223] [bmv2] [T] [thread 16929] [3.0] [cxt 0] basic.p4(177) Primitive hdr.ethernet.dstAddr = dstAddr
[07:42:55.223] [bmv2] [T] [thread 16929] [3.0] [cxt 0] basic.p4(178) Primitive standard_metadata.egress_spec = port
[07:42:55.223] [bmv2] [T] [thread 16929] [3.0] [cxt 0] basic.p4(179) Primitive hdr.ipv4.ttl = hdr.ipv4.ttl - 1
[07:42:55.223] [bmv2] [T] [thread 16929] [3.0] [cxt 0] basic.p4(312) Condition "hdr.ipv6.isValid() && (meta.is_ingress_border == 1 || meta.is_egress_border == 1)" (node_6) is false
[07:42:55.223] [bmv2] [D] [thread 16929] [3.0] [cxt 0] Pipeline 'ingress': end
[07:42:55.223] [bmv2] [D] [thread 16929] [3.0] [cxt 0] Egress port is 2
[07:42:55.223] [bmv2] [D] [thread 16932] [3.0] [cxt 0] Pipeline 'egress': start
[07:42:55.223] [bmv2] [D] [thread 16932] [3.0] [cxt 0] Pipeline 'egress': end
[07:42:55.223] [bmv2] [D] [thread 16932] [3.0] [cxt 0] Deparser 'deparser': start
[07:42:55.223] [bmv2] [D] [thread 16932] [3.0] [cxt 0] Updating checksum 'cksum'
[07:42:55.223] [bmv2] [D] [thread 16932] [3.0] [cxt 0] Deparsing header 'ethernet'
[07:42:55.223] [bmv2] [D] [thread 16932] [3.0] [cxt 0] Deparsing header 'ipv4'
[07:42:55.223] [bmv2] [D] [thread 16932] [3.0] [cxt 0] Deparser 'deparser': end
[07:42:55.223] [bmv2] [D] [thread 16934] [3.0] [cxt 0] Transmitting packet of size 60 out of port 2
[07:43:43.690] [bmv2] [D] [thread 16929] [4.0] [cxt 0] Processing packet received on port 1
[07:43:43.690] [bmv2] [D] [thread 16929] [4.0] [cxt 0] Parser 'parser': start
[07:43:43.690] [bmv2] [D] [thread 16929] [4.0] [cxt 0] Parser 'parser' entering state 'start'
[07:43:43.690] [bmv2] [D] [thread 16929] [4.0] [cxt 0] Extracting header 'ethernet'
[07:43:43.690] [bmv2] [D] [thread 16929] [4.0] [cxt 0] Parser state 'start': key is 0800
[07:43:43.690] [bmv2] [T] [thread 16929] [4.0] [cxt 0] Bytes parsed: 14
[07:43:43.690] [bmv2] [D] [thread 16929] [4.0] [cxt 0] Parser 'parser' entering state 'parse_ipv4'
[07:43:43.690] [bmv2] [D] [thread 16929] [4.0] [cxt 0] Extracting header 'ipv4'
[07:43:43.690] [bmv2] [D] [thread 16929] [4.0] [cxt 0] Parser state 'parse_ipv4': key is 11
[07:43:43.690] [bmv2] [T] [thread 16929] [4.0] [cxt 0] Bytes parsed: 34
[07:43:43.690] [bmv2] [D] [thread 16929] [4.0] [cxt 0] Parser 'parser': end
[07:43:43.690] [bmv2] [D] [thread 16929] [4.0] [cxt 0] Pipeline 'ingress': start
[07:43:43.690] [bmv2] [T] [thread 16929] [4.0] [cxt 0] basic.p4(305) Condition "hdr.ipv6.isValid()" (node_2) is false
[07:43:43.690] [bmv2] [T] [thread 16929] [4.0] [cxt 0] basic.p4(309) Condition "hdr.ipv4.isValid()" (node_4) is true
[07:43:43.690] [bmv2] [T] [thread 16929] [4.0] [cxt 0] Applying table 'MyIngress.ipv4_tbl'
[07:43:43.690] [bmv2] [D] [thread 16929] [4.0] [cxt 0] Looking up key:
* hdr.ipv4.dstAddr    : 0a000403

[07:43:43.690] [bmv2] [D] [thread 16929] [4.0] [cxt 0] Table 'MyIngress.ipv4_tbl': hit with handle 1
[07:43:43.690] [bmv2] [D] [thread 16929] [4.0] [cxt 0] Dumping entry 1
Match key:
* hdr.ipv4.dstAddr    : LPM       0a000403/24
Action entry: MyIngress.ipv4_forward - e65eb19e74c3,2,

[07:43:43.690] [bmv2] [D] [thread 16929] [4.0] [cxt 0] Action entry is MyIngress.ipv4_forward - e65eb19e74c3,2,
[07:43:43.690] [bmv2] [T] [thread 16929] [4.0] [cxt 0] Action MyIngress.ipv4_forward
[07:43:43.690] [bmv2] [T] [thread 16929] [4.0] [cxt 0] basic.p4(176) Primitive hdr.ethernet.srcAddr = hdr.ethernet.dstAddr
[07:43:43.690] [bmv2] [T] [thread 16929] [4.0] [cxt 0] basic.p4(177) Primitive hdr.ethernet.dstAddr = dstAddr
[07:43:43.690] [bmv2] [T] [thread 16929] [4.0] [cxt 0] basic.p4(178) Primitive standard_metadata.egress_spec = port
[07:43:43.690] [bmv2] [T] [thread 16929] [4.0] [cxt 0] basic.p4(179) Primitive hdr.ipv4.ttl = hdr.ipv4.ttl - 1
[07:43:43.690] [bmv2] [T] [thread 16929] [4.0] [cxt 0] basic.p4(312) Condition "hdr.ipv6.isValid() && (meta.is_ingress_border == 1 || meta.is_egress_border == 1)" (node_6) is false
[07:43:43.690] [bmv2] [D] [thread 16929] [4.0] [cxt 0] Pipeline 'ingress': end
[07:43:43.690] [bmv2] [D] [thread 16929] [4.0] [cxt 0] Egress port is 2
[07:43:43.690] [bmv2] [D] [thread 16932] [4.0] [cxt 0] Pipeline 'egress': start
[07:43:43.690] [bmv2] [D] [thread 16932] [4.0] [cxt 0] Pipeline 'egress': end
[07:43:43.690] [bmv2] [D] [thread 16932] [4.0] [cxt 0] Deparser 'deparser': start
[07:43:43.690] [bmv2] [D] [thread 16932] [4.0] [cxt 0] Updating checksum 'cksum'
[07:43:43.690] [bmv2] [D] [thread 16932] [4.0] [cxt 0] Deparsing header 'ethernet'
[07:43:43.690] [bmv2] [D] [thread 16932] [4.0] [cxt 0] Deparsing header 'ipv4'
[07:43:43.690] [bmv2] [D] [thread 16932] [4.0] [cxt 0] Deparser 'deparser': end
[07:43:43.690] [bmv2] [D] [thread 16934] [4.0] [cxt 0] Transmitting packet of size 60 out of port 2
open: No such file or directory
open: No such file or directory
open: No such file or directory
open: No such file or directory
open: No such file or directory
open: No such file or directory
