Obtaining JSON from switch...
Done
Control utility for runtime P4 table manipulation
RuntimeCmd: Setting default action of ipv4_tbl
action:              drop
runtime data:        
RuntimeCmd: Adding entry to lpm match table ipv6_lpm
match key:           LPM-fe:80:00:57:00:00:00:00:00:00:00:00:00:00:00:05/128
action:              ipv6_forward
runtime data:        00:00:0a:00:06:00	00:01
Entry has been added with handle 0
RuntimeCmd: Adding entry to lpm match table ipv6_tbl
match key:           LPM-fe:80:00:57:00:00:00:00:00:00:00:00:00:00:00:07/128
action:              set_is_src_v6
runtime data:        86:dd	00:00:01:2c
Entry has been added with handle 0
RuntimeCmd: Adding entry to exact match table src6_tbl
match key:           EXACT-00:00:00:00:00:00:00:00:00:00:00:00:00:00:00:07	EXACT-00:00:00:00:00:00:00:00:00:00:00:00:00:00:00:00	EXACT-00:00:01:f4
action:              endHop_forward_v6
runtime data:        86:dd
Entry has been added with handle 0
RuntimeCmd: Adding entry to lpm match table ipv6_lpm
match key:           LPM-fe:80:00:00:00:00:00:00:00:00:00:00:00:00:00:03/128
action:              ipv6_forward
runtime data:        00:00:0a:00:08:00	00:02
Entry has been added with handle 1
RuntimeCmd: 
