Obtaining JSON from switch...
Done
Control utility for runtime P4 table manipulation
RuntimeCmd: Setting default action of ipv4_tbl
action:              drop
runtime data:        
RuntimeCmd: Adding entry to lpm match table ipv6_lpm
match key:           LPM-fe:80:00:00:00:00:00:00:00:00:00:00:00:00:00:01/128
action:              ipv6_forward
runtime data:        00:00:0a:00:07:00	00:01
Entry has been added with handle 0
RuntimeCmd: Adding entry to lpm match table ipv6_lpm
match key:           LPM-fe:80:00:00:00:00:00:00:00:00:00:00:00:00:00:03/128
action:              ipv6_forward
runtime data:        00:00:0a:08:03:02	00:02
Entry has been added with handle 1
RuntimeCmd: Adding entry to lpm match table ipv6_lpm
match key:           LPM-fe:80:00:00:00:00:00:00:00:00:00:00:00:00:00:07/128
action:              ipv6_forward
runtime data:        00:00:0a:08:04:02	00:01
Entry has been added with handle 2
RuntimeCmd: Adding entry to lpm match table ipv6_lpm
match key:           LPM-fe:80:00:00:00:00:00:00:00:00:00:00:00:00:00:04/128
action:              ipv6_forward
runtime data:        00:00:0a:00:08:00	00:03
Entry has been added with handle 3
RuntimeCmd: 
