Warning: you requested the nanomsg event logger, but bmv2 was compiled without -DBMELOG, and the event logger cannot be activated
Calling target program-options parser
[10:42:25.367] [bmv2] [D] [thread 14480] Set default default entry for table 'MyIngress.ipv6_tbl': NoAction - 
[10:42:25.367] [bmv2] [D] [thread 14480] Set default default entry for table 'MyIngress.ipv4_tbl': NoAction - 
[10:42:25.367] [bmv2] [D] [thread 14480] Set default default entry for table 'MyIngress.ipv6_lpm': MyIngress.drop - 
Adding interface s1-eth1 as port 1
[10:42:25.373] [bmv2] [D] [thread 14480] Adding interface s1-eth1 as port 1
Adding interface s1-eth2 as port 2
[10:42:25.405] [bmv2] [D] [thread 14480] Adding interface s1-eth2 as port 2
[10:42:25.434] [bmv2] [I] [thread 14480] Starting Thrift server on port 9090
[10:42:25.434] [bmv2] [I] [thread 14480] Thrift server was started
[10:42:25.435] [bmv2] [D] [thread 14486] [0.0] [cxt 0] Processing packet received on port 1
[10:42:25.435] [bmv2] [D] [thread 14486] [0.0] [cxt 0] Parser 'parser': start
[10:42:25.435] [bmv2] [D] [thread 14486] [0.0] [cxt 0] Parser 'parser' entering state 'start'
[10:42:25.435] [bmv2] [D] [thread 14486] [0.0] [cxt 0] Extracting header 'ethernet'
[10:42:25.435] [bmv2] [D] [thread 14486] [0.0] [cxt 0] Parser state 'start': key is 86dd
[10:42:25.435] [bmv2] [T] [thread 14486] [0.0] [cxt 0] Bytes parsed: 14
[10:42:25.435] [bmv2] [D] [thread 14486] [0.0] [cxt 0] Parser 'parser' entering state 'parse_ipv6'
[10:42:25.435] [bmv2] [D] [thread 14486] [0.0] [cxt 0] Extracting header 'ipv6'
[10:42:25.435] [bmv2] [D] [thread 14486] [0.0] [cxt 0] Parser state 'parse_ipv6': key is 3a
[10:42:25.435] [bmv2] [T] [thread 14486] [0.0] [cxt 0] Bytes parsed: 54
[10:42:25.435] [bmv2] [D] [thread 14486] [0.0] [cxt 0] Parser 'parser': end
[10:42:25.435] [bmv2] [D] [thread 14486] [0.0] [cxt 0] Pipeline 'ingress': start
[10:42:25.435] [bmv2] [T] [thread 14486] [0.0] [cxt 0] basic.p4(305) Condition "hdr.ipv6.isValid()" (node_2) is true
[10:42:25.435] [bmv2] [T] [thread 14486] [0.0] [cxt 0] Applying table 'MyIngress.ipv6_tbl'
[10:42:25.435] [bmv2] [D] [thread 14486] [0.0] [cxt 0] Looking up key:
* hdr.ipv6.dstAddr    : ff0200000000000000000001ff000101

[10:42:25.435] [bmv2] [D] [thread 14486] [0.0] [cxt 0] Table 'MyIngress.ipv6_tbl': miss
[10:42:25.435] [bmv2] [D] [thread 14486] [0.0] [cxt 0] Action entry is NoAction - 
[10:42:25.435] [bmv2] [T] [thread 14486] [0.0] [cxt 0] Action NoAction
[10:42:25.435] [bmv2] [T] [thread 14486] [0.0] [cxt 0] basic.p4(309) Condition "hdr.ipv4.isValid()" (node_4) is false
[10:42:25.435] [bmv2] [T] [thread 14486] [0.0] [cxt 0] basic.p4(312) Condition "hdr.ipv6.isValid() && (meta.is_ingress_border == 1 || meta.is_egress_border == 1)" (node_6) is false
[10:42:25.435] [bmv2] [D] [thread 14486] [0.0] [cxt 0] Pipeline 'ingress': end
[10:42:25.435] [bmv2] [D] [thread 14486] [0.0] [cxt 0] Egress port is 0
[10:42:25.435] [bmv2] [D] [thread 14487] [0.0] [cxt 0] Pipeline 'egress': start
[10:42:25.435] [bmv2] [D] [thread 14487] [0.0] [cxt 0] Pipeline 'egress': end
[10:42:25.435] [bmv2] [D] [thread 14487] [0.0] [cxt 0] Deparser 'deparser': start
[10:42:25.435] [bmv2] [T] [thread 14487] [0.0] [cxt 0] Skipping checksum 'cksum' update because condition not met
[10:42:25.435] [bmv2] [D] [thread 14487] [0.0] [cxt 0] Deparsing header 'ethernet'
[10:42:25.435] [bmv2] [D] [thread 14487] [0.0] [cxt 0] Deparsing header 'ipv6'
[10:42:25.435] [bmv2] [D] [thread 14487] [0.0] [cxt 0] Deparser 'deparser': end
[10:42:25.435] [bmv2] [D] [thread 14491] [0.0] [cxt 0] Transmitting packet of size 78 out of port 0
[10:42:25.567] [bmv2] [D] [thread 14486] [1.0] [cxt 0] Processing packet received on port 2
[10:42:25.567] [bmv2] [D] [thread 14486] [1.0] [cxt 0] Parser 'parser': start
[10:42:25.567] [bmv2] [D] [thread 14486] [1.0] [cxt 0] Parser 'parser' entering state 'start'
[10:42:25.567] [bmv2] [D] [thread 14486] [1.0] [cxt 0] Extracting header 'ethernet'
[10:42:25.567] [bmv2] [D] [thread 14486] [1.0] [cxt 0] Parser state 'start': key is 86dd
[10:42:25.567] [bmv2] [T] [thread 14486] [1.0] [cxt 0] Bytes parsed: 14
[10:42:25.567] [bmv2] [D] [thread 14486] [1.0] [cxt 0] Parser 'parser' entering state 'parse_ipv6'
[10:42:25.567] [bmv2] [D] [thread 14486] [1.0] [cxt 0] Extracting header 'ipv6'
[10:42:25.567] [bmv2] [D] [thread 14486] [1.0] [cxt 0] Parser state 'parse_ipv6': key is 3a
[10:42:25.567] [bmv2] [T] [thread 14486] [1.0] [cxt 0] Bytes parsed: 54
[10:42:25.567] [bmv2] [D] [thread 14486] [1.0] [cxt 0] Parser 'parser': end
[10:42:25.567] [bmv2] [D] [thread 14486] [1.0] [cxt 0] Pipeline 'ingress': start
[10:42:25.567] [bmv2] [T] [thread 14486] [1.0] [cxt 0] basic.p4(305) Condition "hdr.ipv6.isValid()" (node_2) is true
[10:42:25.567] [bmv2] [T] [thread 14486] [1.0] [cxt 0] Applying table 'MyIngress.ipv6_tbl'
[10:42:25.567] [bmv2] [D] [thread 14486] [1.0] [cxt 0] Looking up key:
* hdr.ipv6.dstAddr    : ff0200000000000000000001ff591b51

[10:42:25.567] [bmv2] [D] [thread 14486] [1.0] [cxt 0] Table 'MyIngress.ipv6_tbl': miss
[10:42:25.567] [bmv2] [D] [thread 14486] [1.0] [cxt 0] Action entry is NoAction - 
[10:42:25.567] [bmv2] [T] [thread 14486] [1.0] [cxt 0] Action NoAction
[10:42:25.567] [bmv2] [T] [thread 14486] [1.0] [cxt 0] basic.p4(309) Condition "hdr.ipv4.isValid()" (node_4) is false
[10:42:25.567] [bmv2] [T] [thread 14486] [1.0] [cxt 0] basic.p4(312) Condition "hdr.ipv6.isValid() && (meta.is_ingress_border == 1 || meta.is_egress_border == 1)" (node_6) is false
[10:42:25.567] [bmv2] [D] [thread 14486] [1.0] [cxt 0] Pipeline 'ingress': end
[10:42:25.567] [bmv2] [D] [thread 14486] [1.0] [cxt 0] Egress port is 0
[10:42:25.567] [bmv2] [D] [thread 14487] [1.0] [cxt 0] Pipeline 'egress': start
[10:42:25.567] [bmv2] [D] [thread 14487] [1.0] [cxt 0] Pipeline 'egress': end
[10:42:25.567] [bmv2] [D] [thread 14487] [1.0] [cxt 0] Deparser 'deparser': start
[10:42:25.567] [bmv2] [T] [thread 14487] [1.0] [cxt 0] Skipping checksum 'cksum' update because condition not met
[10:42:25.567] [bmv2] [D] [thread 14487] [1.0] [cxt 0] Deparsing header 'ethernet'
[10:42:25.567] [bmv2] [D] [thread 14487] [1.0] [cxt 0] Deparsing header 'ipv6'
[10:42:25.567] [bmv2] [D] [thread 14487] [1.0] [cxt 0] Deparser 'deparser': end
[10:42:25.567] [bmv2] [D] [thread 14491] [1.0] [cxt 0] Transmitting packet of size 78 out of port 0
[10:42:26.026] [bmv2] [D] [thread 14486] [2.0] [cxt 0] Processing packet received on port 1
[10:42:26.026] [bmv2] [D] [thread 14486] [2.0] [cxt 0] Parser 'parser': start
[10:42:26.026] [bmv2] [D] [thread 14486] [2.0] [cxt 0] Parser 'parser' entering state 'start'
[10:42:26.026] [bmv2] [D] [thread 14486] [2.0] [cxt 0] Extracting header 'ethernet'
[10:42:26.026] [bmv2] [D] [thread 14486] [2.0] [cxt 0] Parser state 'start': key is 86dd
[10:42:26.026] [bmv2] [T] [thread 14486] [2.0] [cxt 0] Bytes parsed: 14
[10:42:26.026] [bmv2] [D] [thread 14486] [2.0] [cxt 0] Parser 'parser' entering state 'parse_ipv6'
[10:42:26.026] [bmv2] [D] [thread 14486] [2.0] [cxt 0] Extracting header 'ipv6'
[10:42:26.026] [bmv2] [D] [thread 14486] [2.0] [cxt 0] Parser state 'parse_ipv6': key is 00
[10:42:26.026] [bmv2] [T] [thread 14486] [2.0] [cxt 0] Bytes parsed: 54
[10:42:26.026] [bmv2] [D] [thread 14486] [2.0] [cxt 0] Parser 'parser': end
[10:42:26.026] [bmv2] [D] [thread 14486] [2.0] [cxt 0] Pipeline 'ingress': start
[10:42:26.026] [bmv2] [T] [thread 14486] [2.0] [cxt 0] basic.p4(305) Condition "hdr.ipv6.isValid()" (node_2) is true
[10:42:26.026] [bmv2] [T] [thread 14486] [2.0] [cxt 0] Applying table 'MyIngress.ipv6_tbl'
[10:42:26.026] [bmv2] [D] [thread 14486] [2.0] [cxt 0] Looking up key:
* hdr.ipv6.dstAddr    : ff020000000000000000000000000016

[10:42:26.026] [bmv2] [D] [thread 14486] [2.0] [cxt 0] Table 'MyIngress.ipv6_tbl': miss
[10:42:26.026] [bmv2] [D] [thread 14486] [2.0] [cxt 0] Action entry is NoAction - 
[10:42:26.026] [bmv2] [T] [thread 14486] [2.0] [cxt 0] Action NoAction
[10:42:26.026] [bmv2] [T] [thread 14486] [2.0] [cxt 0] basic.p4(309) Condition "hdr.ipv4.isValid()" (node_4) is false
[10:42:26.026] [bmv2] [T] [thread 14486] [2.0] [cxt 0] basic.p4(312) Condition "hdr.ipv6.isValid() && (meta.is_ingress_border == 1 || meta.is_egress_border == 1)" (node_6) is false
[10:42:26.026] [bmv2] [D] [thread 14486] [2.0] [cxt 0] Pipeline 'ingress': end
[10:42:26.026] [bmv2] [D] [thread 14486] [2.0] [cxt 0] Egress port is 0
[10:42:26.026] [bmv2] [D] [thread 14487] [2.0] [cxt 0] Pipeline 'egress': start
[10:42:26.026] [bmv2] [D] [thread 14487] [2.0] [cxt 0] Pipeline 'egress': end
[10:42:26.027] [bmv2] [D] [thread 14487] [2.0] [cxt 0] Deparser 'deparser': start
[10:42:26.027] [bmv2] [T] [thread 14487] [2.0] [cxt 0] Skipping checksum 'cksum' update because condition not met
[10:42:26.027] [bmv2] [D] [thread 14487] [2.0] [cxt 0] Deparsing header 'ethernet'
[10:42:26.027] [bmv2] [D] [thread 14487] [2.0] [cxt 0] Deparsing header 'ipv6'
[10:42:26.027] [bmv2] [D] [thread 14487] [2.0] [cxt 0] Deparser 'deparser': end
[10:42:26.027] [bmv2] [D] [thread 14491] [2.0] [cxt 0] Transmitting packet of size 90 out of port 0
[10:42:26.053] [bmv2] [D] [thread 14486] [3.0] [cxt 0] Processing packet received on port 2
[10:42:26.053] [bmv2] [D] [thread 14486] [3.0] [cxt 0] Parser 'parser': start
[10:42:26.053] [bmv2] [D] [thread 14486] [3.0] [cxt 0] Parser 'parser' entering state 'start'
[10:42:26.053] [bmv2] [D] [thread 14486] [3.0] [cxt 0] Extracting header 'ethernet'
[10:42:26.053] [bmv2] [D] [thread 14486] [3.0] [cxt 0] Parser state 'start': key is 86dd
[10:42:26.053] [bmv2] [T] [thread 14486] [3.0] [cxt 0] Bytes parsed: 14
[10:42:26.053] [bmv2] [D] [thread 14486] [3.0] [cxt 0] Parser 'parser' entering state 'parse_ipv6'
[10:42:26.053] [bmv2] [D] [thread 14486] [3.0] [cxt 0] Extracting header 'ipv6'
[10:42:26.053] [bmv2] [D] [thread 14486] [3.0] [cxt 0] Parser state 'parse_ipv6': key is 00
[10:42:26.053] [bmv2] [T] [thread 14486] [3.0] [cxt 0] Bytes parsed: 54
[10:42:26.053] [bmv2] [D] [thread 14486] [3.0] [cxt 0] Parser 'parser': end
[10:42:26.053] [bmv2] [D] [thread 14486] [3.0] [cxt 0] Pipeline 'ingress': start
[10:42:26.053] [bmv2] [T] [thread 14486] [3.0] [cxt 0] basic.p4(305) Condition "hdr.ipv6.isValid()" (node_2) is true
[10:42:26.053] [bmv2] [T] [thread 14486] [3.0] [cxt 0] Applying table 'MyIngress.ipv6_tbl'
[10:42:26.053] [bmv2] [D] [thread 14486] [3.0] [cxt 0] Looking up key:
* hdr.ipv6.dstAddr    : ff020000000000000000000000000016

[10:42:26.053] [bmv2] [D] [thread 14486] [3.0] [cxt 0] Table 'MyIngress.ipv6_tbl': miss
[10:42:26.053] [bmv2] [D] [thread 14486] [3.0] [cxt 0] Action entry is NoAction - 
[10:42:26.053] [bmv2] [T] [thread 14486] [3.0] [cxt 0] Action NoAction
[10:42:26.053] [bmv2] [T] [thread 14486] [3.0] [cxt 0] basic.p4(309) Condition "hdr.ipv4.isValid()" (node_4) is false
[10:42:26.053] [bmv2] [T] [thread 14486] [3.0] [cxt 0] basic.p4(312) Condition "hdr.ipv6.isValid() && (meta.is_ingress_border == 1 || meta.is_egress_border == 1)" (node_6) is false
[10:42:26.053] [bmv2] [D] [thread 14486] [3.0] [cxt 0] Pipeline 'ingress': end
[10:42:26.053] [bmv2] [D] [thread 14486] [3.0] [cxt 0] Egress port is 0
[10:42:26.053] [bmv2] [D] [thread 14487] [3.0] [cxt 0] Pipeline 'egress': start
[10:42:26.053] [bmv2] [D] [thread 14487] [3.0] [cxt 0] Pipeline 'egress': end
[10:42:26.053] [bmv2] [D] [thread 14487] [3.0] [cxt 0] Deparser 'deparser': start
[10:42:26.053] [bmv2] [T] [thread 14487] [3.0] [cxt 0] Skipping checksum 'cksum' update because condition not met
[10:42:26.053] [bmv2] [D] [thread 14487] [3.0] [cxt 0] Deparsing header 'ethernet'
[10:42:26.053] [bmv2] [D] [thread 14487] [3.0] [cxt 0] Deparsing header 'ipv6'
[10:42:26.053] [bmv2] [D] [thread 14487] [3.0] [cxt 0] Deparser 'deparser': end
[10:42:26.053] [bmv2] [D] [thread 14491] [3.0] [cxt 0] Transmitting packet of size 90 out of port 0
[10:42:26.174] [bmv2] [D] [thread 14486] [4.0] [cxt 0] Processing packet received on port 2
[10:42:26.174] [bmv2] [D] [thread 14486] [4.0] [cxt 0] Parser 'parser': start
[10:42:26.174] [bmv2] [D] [thread 14486] [4.0] [cxt 0] Parser 'parser' entering state 'start'
[10:42:26.174] [bmv2] [D] [thread 14486] [4.0] [cxt 0] Extracting header 'ethernet'
[10:42:26.174] [bmv2] [D] [thread 14486] [4.0] [cxt 0] Parser state 'start': key is 86dd
[10:42:26.174] [bmv2] [T] [thread 14486] [4.0] [cxt 0] Bytes parsed: 14
[10:42:26.174] [bmv2] [D] [thread 14486] [4.0] [cxt 0] Parser 'parser' entering state 'parse_ipv6'
[10:42:26.174] [bmv2] [D] [thread 14486] [4.0] [cxt 0] Extracting header 'ipv6'
[10:42:26.174] [bmv2] [D] [thread 14486] [4.0] [cxt 0] Parser state 'parse_ipv6': key is 3a
[10:42:26.174] [bmv2] [T] [thread 14486] [4.0] [cxt 0] Bytes parsed: 54
[10:42:26.174] [bmv2] [D] [thread 14486] [4.0] [cxt 0] Parser 'parser': end
[10:42:26.174] [bmv2] [D] [thread 14486] [4.0] [cxt 0] Pipeline 'ingress': start
[10:42:26.174] [bmv2] [T] [thread 14486] [4.0] [cxt 0] basic.p4(305) Condition "hdr.ipv6.isValid()" (node_2) is true
[10:42:26.174] [bmv2] [T] [thread 14486] [4.0] [cxt 0] Applying table 'MyIngress.ipv6_tbl'
[10:42:26.174] [bmv2] [D] [thread 14486] [4.0] [cxt 0] Looking up key:
* hdr.ipv6.dstAddr    : ff0200000000000000000001ff65fdfe

[10:42:26.174] [bmv2] [D] [thread 14486] [4.0] [cxt 0] Table 'MyIngress.ipv6_tbl': miss
[10:42:26.174] [bmv2] [D] [thread 14486] [4.0] [cxt 0] Action entry is NoAction - 
[10:42:26.174] [bmv2] [T] [thread 14486] [4.0] [cxt 0] Action NoAction
[10:42:26.174] [bmv2] [T] [thread 14486] [4.0] [cxt 0] basic.p4(309) Condition "hdr.ipv4.isValid()" (node_4) is false
[10:42:26.174] [bmv2] [T] [thread 14486] [4.0] [cxt 0] basic.p4(312) Condition "hdr.ipv6.isValid() && (meta.is_ingress_border == 1 || meta.is_egress_border == 1)" (node_6) is false
[10:42:26.174] [bmv2] [D] [thread 14486] [4.0] [cxt 0] Pipeline 'ingress': end
[10:42:26.174] [bmv2] [D] [thread 14486] [4.0] [cxt 0] Egress port is 0
[10:42:26.175] [bmv2] [D] [thread 14487] [4.0] [cxt 0] Pipeline 'egress': start
[10:42:26.175] [bmv2] [D] [thread 14487] [4.0] [cxt 0] Pipeline 'egress': end
[10:42:26.175] [bmv2] [D] [thread 14487] [4.0] [cxt 0] Deparser 'deparser': start
[10:42:26.175] [bmv2] [T] [thread 14487] [4.0] [cxt 0] Skipping checksum 'cksum' update because condition not met
[10:42:26.175] [bmv2] [D] [thread 14487] [4.0] [cxt 0] Deparsing header 'ethernet'
[10:42:26.175] [bmv2] [D] [thread 14487] [4.0] [cxt 0] Deparsing header 'ipv6'
[10:42:26.175] [bmv2] [D] [thread 14487] [4.0] [cxt 0] Deparser 'deparser': end
[10:42:26.175] [bmv2] [D] [thread 14491] [4.0] [cxt 0] Transmitting packet of size 78 out of port 0
[10:42:26.228] [bmv2] [D] [thread 14486] [5.0] [cxt 0] Processing packet received on port 2
[10:42:26.228] [bmv2] [D] [thread 14486] [5.0] [cxt 0] Parser 'parser': start
[10:42:26.228] [bmv2] [D] [thread 14486] [5.0] [cxt 0] Parser 'parser' entering state 'start'
[10:42:26.228] [bmv2] [D] [thread 14486] [5.0] [cxt 0] Extracting header 'ethernet'
[10:42:26.228] [bmv2] [D] [thread 14486] [5.0] [cxt 0] Parser state 'start': key is 86dd
[10:42:26.228] [bmv2] [T] [thread 14486] [5.0] [cxt 0] Bytes parsed: 14
[10:42:26.228] [bmv2] [D] [thread 14486] [5.0] [cxt 0] Parser 'parser' entering state 'parse_ipv6'
[10:42:26.228] [bmv2] [D] [thread 14486] [5.0] [cxt 0] Extracting header 'ipv6'
[10:42:26.228] [bmv2] [D] [thread 14486] [5.0] [cxt 0] Parser state 'parse_ipv6': key is 00
[10:42:26.228] [bmv2] [T] [thread 14486] [5.0] [cxt 0] Bytes parsed: 54
[10:42:26.228] [bmv2] [D] [thread 14486] [5.0] [cxt 0] Parser 'parser': end
[10:42:26.228] [bmv2] [D] [thread 14486] [5.0] [cxt 0] Pipeline 'ingress': start
[10:42:26.228] [bmv2] [T] [thread 14486] [5.0] [cxt 0] basic.p4(305) Condition "hdr.ipv6.isValid()" (node_2) is true
[10:42:26.228] [bmv2] [T] [thread 14486] [5.0] [cxt 0] Applying table 'MyIngress.ipv6_tbl'
[10:42:26.228] [bmv2] [D] [thread 14486] [5.0] [cxt 0] Looking up key:
* hdr.ipv6.dstAddr    : ff020000000000000000000000000016

[10:42:26.228] [bmv2] [D] [thread 14486] [5.0] [cxt 0] Table 'MyIngress.ipv6_tbl': miss
[10:42:26.228] [bmv2] [D] [thread 14486] [5.0] [cxt 0] Action entry is NoAction - 
[10:42:26.228] [bmv2] [T] [thread 14486] [5.0] [cxt 0] Action NoAction
[10:42:26.228] [bmv2] [T] [thread 14486] [5.0] [cxt 0] basic.p4(309) Condition "hdr.ipv4.isValid()" (node_4) is false
[10:42:26.228] [bmv2] [T] [thread 14486] [5.0] [cxt 0] basic.p4(312) Condition "hdr.ipv6.isValid() && (meta.is_ingress_border == 1 || meta.is_egress_border == 1)" (node_6) is false
[10:42:26.228] [bmv2] [D] [thread 14486] [5.0] [cxt 0] Pipeline 'ingress': end
[10:42:26.228] [bmv2] [D] [thread 14486] [5.0] [cxt 0] Egress port is 0
[10:42:26.228] [bmv2] [D] [thread 14487] [5.0] [cxt 0] Pipeline 'egress': start
[10:42:26.228] [bmv2] [D] [thread 14487] [5.0] [cxt 0] Pipeline 'egress': end
[10:42:26.228] [bmv2] [D] [thread 14487] [5.0] [cxt 0] Deparser 'deparser': start
[10:42:26.228] [bmv2] [T] [thread 14487] [5.0] [cxt 0] Skipping checksum 'cksum' update because condition not met
[10:42:26.228] [bmv2] [D] [thread 14487] [5.0] [cxt 0] Deparsing header 'ethernet'
[10:42:26.228] [bmv2] [D] [thread 14487] [5.0] [cxt 0] Deparsing header 'ipv6'
[10:42:26.228] [bmv2] [D] [thread 14487] [5.0] [cxt 0] Deparser 'deparser': end
[10:42:26.229] [bmv2] [D] [thread 14491] [5.0] [cxt 0] Transmitting packet of size 90 out of port 0
[10:42:26.419] [bmv2] [D] [thread 14486] [6.0] [cxt 0] Processing packet received on port 1
[10:42:26.419] [bmv2] [D] [thread 14486] [6.0] [cxt 0] Parser 'parser': start
[10:42:26.419] [bmv2] [D] [thread 14486] [6.0] [cxt 0] Parser 'parser' entering state 'start'
[10:42:26.419] [bmv2] [D] [thread 14486] [6.0] [cxt 0] Extracting header 'ethernet'
[10:42:26.419] [bmv2] [D] [thread 14486] [6.0] [cxt 0] Parser state 'start': key is 86dd
[10:42:26.419] [bmv2] [T] [thread 14486] [6.0] [cxt 0] Bytes parsed: 14
[10:42:26.419] [bmv2] [D] [thread 14486] [6.0] [cxt 0] Parser 'parser' entering state 'parse_ipv6'
[10:42:26.419] [bmv2] [D] [thread 14486] [6.0] [cxt 0] Extracting header 'ipv6'
[10:42:26.419] [bmv2] [D] [thread 14486] [6.0] [cxt 0] Parser state 'parse_ipv6': key is 00
[10:42:26.419] [bmv2] [T] [thread 14486] [6.0] [cxt 0] Bytes parsed: 54
[10:42:26.419] [bmv2] [D] [thread 14486] [6.0] [cxt 0] Parser 'parser': end
[10:42:26.419] [bmv2] [D] [thread 14486] [6.0] [cxt 0] Pipeline 'ingress': start
[10:42:26.419] [bmv2] [T] [thread 14486] [6.0] [cxt 0] basic.p4(305) Condition "hdr.ipv6.isValid()" (node_2) is true
[10:42:26.419] [bmv2] [T] [thread 14486] [6.0] [cxt 0] Applying table 'MyIngress.ipv6_tbl'
[10:42:26.419] [bmv2] [D] [thread 14486] [6.0] [cxt 0] Looking up key:
* hdr.ipv6.dstAddr    : ff020000000000000000000000000016

[10:42:26.419] [bmv2] [D] [thread 14486] [6.0] [cxt 0] Table 'MyIngress.ipv6_tbl': miss
[10:42:26.419] [bmv2] [D] [thread 14486] [6.0] [cxt 0] Action entry is NoAction - 
[10:42:26.419] [bmv2] [T] [thread 14486] [6.0] [cxt 0] Action NoAction
[10:42:26.419] [bmv2] [T] [thread 14486] [6.0] [cxt 0] basic.p4(309) Condition "hdr.ipv4.isValid()" (node_4) is false
[10:42:26.419] [bmv2] [T] [thread 14486] [6.0] [cxt 0] basic.p4(312) Condition "hdr.ipv6.isValid() && (meta.is_ingress_border == 1 || meta.is_egress_border == 1)" (node_6) is false
[10:42:26.419] [bmv2] [D] [thread 14486] [6.0] [cxt 0] Pipeline 'ingress': end
[10:42:26.419] [bmv2] [D] [thread 14486] [6.0] [cxt 0] Egress port is 0
[10:42:26.419] [bmv2] [D] [thread 14487] [6.0] [cxt 0] Pipeline 'egress': start
[10:42:26.419] [bmv2] [D] [thread 14487] [6.0] [cxt 0] Pipeline 'egress': end
[10:42:26.419] [bmv2] [D] [thread 14487] [6.0] [cxt 0] Deparser 'deparser': start
[10:42:26.419] [bmv2] [T] [thread 14487] [6.0] [cxt 0] Skipping checksum 'cksum' update because condition not met
[10:42:26.419] [bmv2] [D] [thread 14487] [6.0] [cxt 0] Deparsing header 'ethernet'
[10:42:26.419] [bmv2] [D] [thread 14487] [6.0] [cxt 0] Deparsing header 'ipv6'
[10:42:26.419] [bmv2] [D] [thread 14487] [6.0] [cxt 0] Deparser 'deparser': end
[10:42:26.419] [bmv2] [D] [thread 14486] [7.0] [cxt 0] Processing packet received on port 1
[10:42:26.419] [bmv2] [D] [thread 14486] [7.0] [cxt 0] Parser 'parser': start
[10:42:26.419] [bmv2] [D] [thread 14486] [7.0] [cxt 0] Parser 'parser' entering state 'start'
[10:42:26.419] [bmv2] [D] [thread 14486] [7.0] [cxt 0] Extracting header 'ethernet'
[10:42:26.419] [bmv2] [D] [thread 14486] [7.0] [cxt 0] Parser state 'start': key is 86dd
[10:42:26.419] [bmv2] [T] [thread 14486] [7.0] [cxt 0] Bytes parsed: 14
[10:42:26.419] [bmv2] [D] [thread 14486] [7.0] [cxt 0] Parser 'parser' entering state 'parse_ipv6'
[10:42:26.419] [bmv2] [D] [thread 14486] [7.0] [cxt 0] Extracting header 'ipv6'
[10:42:26.419] [bmv2] [D] [thread 14486] [7.0] [cxt 0] Parser state 'parse_ipv6': key is 3a
[10:42:26.419] [bmv2] [T] [thread 14486] [7.0] [cxt 0] Bytes parsed: 54
[10:42:26.419] [bmv2] [D] [thread 14491] [6.0] [cxt 0] Transmitting packet of size 90 out of port 0
[10:42:26.419] [bmv2] [D] [thread 14486] [7.0] [cxt 0] Parser 'parser': end
[10:42:26.419] [bmv2] [D] [thread 14486] [7.0] [cxt 0] Pipeline 'ingress': start
[10:42:26.419] [bmv2] [T] [thread 14486] [7.0] [cxt 0] basic.p4(305) Condition "hdr.ipv6.isValid()" (node_2) is true
[10:42:26.419] [bmv2] [T] [thread 14486] [7.0] [cxt 0] Applying table 'MyIngress.ipv6_tbl'
[10:42:26.419] [bmv2] [D] [thread 14486] [7.0] [cxt 0] Looking up key:
* hdr.ipv6.dstAddr    : ff020000000000000000000000000002

[10:42:26.419] [bmv2] [D] [thread 14486] [7.0] [cxt 0] Table 'MyIngress.ipv6_tbl': miss
[10:42:26.419] [bmv2] [D] [thread 14486] [7.0] [cxt 0] Action entry is NoAction - 
[10:42:26.419] [bmv2] [T] [thread 14486] [7.0] [cxt 0] Action NoAction
[10:42:26.419] [bmv2] [T] [thread 14486] [7.0] [cxt 0] basic.p4(309) Condition "hdr.ipv4.isValid()" (node_4) is false
[10:42:26.419] [bmv2] [T] [thread 14486] [7.0] [cxt 0] basic.p4(312) Condition "hdr.ipv6.isValid() && (meta.is_ingress_border == 1 || meta.is_egress_border == 1)" (node_6) is false
[10:42:26.419] [bmv2] [D] [thread 14486] [7.0] [cxt 0] Pipeline 'ingress': end
[10:42:26.419] [bmv2] [D] [thread 14486] [7.0] [cxt 0] Egress port is 0
[10:42:26.419] [bmv2] [D] [thread 14487] [7.0] [cxt 0] Pipeline 'egress': start
[10:42:26.419] [bmv2] [D] [thread 14487] [7.0] [cxt 0] Pipeline 'egress': end
[10:42:26.419] [bmv2] [D] [thread 14487] [7.0] [cxt 0] Deparser 'deparser': start
[10:42:26.419] [bmv2] [T] [thread 14487] [7.0] [cxt 0] Skipping checksum 'cksum' update because condition not met
[10:42:26.419] [bmv2] [D] [thread 14487] [7.0] [cxt 0] Deparsing header 'ethernet'
[10:42:26.419] [bmv2] [D] [thread 14487] [7.0] [cxt 0] Deparsing header 'ipv6'
[10:42:26.419] [bmv2] [D] [thread 14487] [7.0] [cxt 0] Deparser 'deparser': end
[10:42:26.419] [bmv2] [D] [thread 14491] [7.0] [cxt 0] Transmitting packet of size 70 out of port 0
[10:42:26.567] [bmv2] [D] [thread 14486] [8.0] [cxt 0] Processing packet received on port 2
[10:42:26.567] [bmv2] [D] [thread 14486] [8.0] [cxt 0] Parser 'parser': start
[10:42:26.567] [bmv2] [D] [thread 14486] [8.0] [cxt 0] Parser 'parser' entering state 'start'
[10:42:26.567] [bmv2] [D] [thread 14486] [8.0] [cxt 0] Extracting header 'ethernet'
[10:42:26.567] [bmv2] [D] [thread 14486] [8.0] [cxt 0] Parser state 'start': key is 86dd
[10:42:26.567] [bmv2] [T] [thread 14486] [8.0] [cxt 0] Bytes parsed: 14
[10:42:26.567] [bmv2] [D] [thread 14486] [8.0] [cxt 0] Parser 'parser' entering state 'parse_ipv6'
[10:42:26.567] [bmv2] [D] [thread 14486] [8.0] [cxt 0] Extracting header 'ipv6'
[10:42:26.567] [bmv2] [D] [thread 14486] [8.0] [cxt 0] Parser state 'parse_ipv6': key is 00
[10:42:26.567] [bmv2] [T] [thread 14486] [8.0] [cxt 0] Bytes parsed: 54
[10:42:26.567] [bmv2] [D] [thread 14486] [8.0] [cxt 0] Parser 'parser': end
[10:42:26.567] [bmv2] [D] [thread 14486] [8.0] [cxt 0] Pipeline 'ingress': start
[10:42:26.567] [bmv2] [T] [thread 14486] [8.0] [cxt 0] basic.p4(305) Condition "hdr.ipv6.isValid()" (node_2) is true
[10:42:26.567] [bmv2] [T] [thread 14486] [8.0] [cxt 0] Applying table 'MyIngress.ipv6_tbl'
[10:42:26.567] [bmv2] [D] [thread 14486] [8.0] [cxt 0] Looking up key:
* hdr.ipv6.dstAddr    : ff020000000000000000000000000016

[10:42:26.567] [bmv2] [D] [thread 14486] [8.0] [cxt 0] Table 'MyIngress.ipv6_tbl': miss
[10:42:26.567] [bmv2] [D] [thread 14486] [8.0] [cxt 0] Action entry is NoAction - 
[10:42:26.567] [bmv2] [T] [thread 14486] [8.0] [cxt 0] Action NoAction
[10:42:26.567] [bmv2] [T] [thread 14486] [8.0] [cxt 0] basic.p4(309) Condition "hdr.ipv4.isValid()" (node_4) is false
[10:42:26.567] [bmv2] [T] [thread 14486] [8.0] [cxt 0] basic.p4(312) Condition "hdr.ipv6.isValid() && (meta.is_ingress_border == 1 || meta.is_egress_border == 1)" (node_6) is false
[10:42:26.567] [bmv2] [D] [thread 14486] [8.0] [cxt 0] Pipeline 'ingress': end
[10:42:26.567] [bmv2] [D] [thread 14486] [8.0] [cxt 0] Egress port is 0
[10:42:26.567] [bmv2] [D] [thread 14486] [9.0] [cxt 0] Processing packet received on port 2
[10:42:26.567] [bmv2] [D] [thread 14486] [9.0] [cxt 0] Parser 'parser': start
[10:42:26.567] [bmv2] [D] [thread 14486] [9.0] [cxt 0] Parser 'parser' entering state 'start'
[10:42:26.567] [bmv2] [D] [thread 14486] [9.0] [cxt 0] Extracting header 'ethernet'
[10:42:26.567] [bmv2] [D] [thread 14486] [9.0] [cxt 0] Parser state 'start': key is 86dd
[10:42:26.567] [bmv2] [T] [thread 14486] [9.0] [cxt 0] Bytes parsed: 14
[10:42:26.567] [bmv2] [D] [thread 14486] [9.0] [cxt 0] Parser 'parser' entering state 'parse_ipv6'
[10:42:26.567] [bmv2] [D] [thread 14486] [9.0] [cxt 0] Extracting header 'ipv6'
[10:42:26.568] [bmv2] [D] [thread 14486] [9.0] [cxt 0] Parser state 'parse_ipv6': key is 3a
[10:42:26.568] [bmv2] [T] [thread 14486] [9.0] [cxt 0] Bytes parsed: 54
[10:42:26.568] [bmv2] [D] [thread 14486] [9.0] [cxt 0] Parser 'parser': end
[10:42:26.568] [bmv2] [D] [thread 14486] [9.0] [cxt 0] Pipeline 'ingress': start
[10:42:26.568] [bmv2] [T] [thread 14486] [9.0] [cxt 0] basic.p4(305) Condition "hdr.ipv6.isValid()" (node_2) is true
[10:42:26.568] [bmv2] [T] [thread 14486] [9.0] [cxt 0] Applying table 'MyIngress.ipv6_tbl'
[10:42:26.568] [bmv2] [D] [thread 14486] [9.0] [cxt 0] Looking up key:
* hdr.ipv6.dstAddr    : ff020000000000000000000000000002

[10:42:26.568] [bmv2] [D] [thread 14486] [9.0] [cxt 0] Table 'MyIngress.ipv6_tbl': miss
[10:42:26.568] [bmv2] [D] [thread 14486] [9.0] [cxt 0] Action entry is NoAction - 
[10:42:26.568] [bmv2] [T] [thread 14486] [9.0] [cxt 0] Action NoAction
[10:42:26.568] [bmv2] [T] [thread 14486] [9.0] [cxt 0] basic.p4(309) Condition "hdr.ipv4.isValid()" (node_4) is false
[10:42:26.568] [bmv2] [T] [thread 14486] [9.0] [cxt 0] basic.p4(312) Condition "hdr.ipv6.isValid() && (meta.is_ingress_border == 1 || meta.is_egress_border == 1)" (node_6) is false
[10:42:26.568] [bmv2] [D] [thread 14486] [9.0] [cxt 0] Pipeline 'ingress': end
[10:42:26.568] [bmv2] [D] [thread 14486] [9.0] [cxt 0] Egress port is 0
[10:42:26.568] [bmv2] [D] [thread 14487] [8.0] [cxt 0] Pipeline 'egress': start
[10:42:26.568] [bmv2] [D] [thread 14487] [8.0] [cxt 0] Pipeline 'egress': end
[10:42:26.568] [bmv2] [D] [thread 14487] [8.0] [cxt 0] Deparser 'deparser': start
[10:42:26.568] [bmv2] [T] [thread 14487] [8.0] [cxt 0] Skipping checksum 'cksum' update because condition not met
[10:42:26.568] [bmv2] [D] [thread 14487] [8.0] [cxt 0] Deparsing header 'ethernet'
[10:42:26.568] [bmv2] [D] [thread 14487] [8.0] [cxt 0] Deparsing header 'ipv6'
[10:42:26.568] [bmv2] [D] [thread 14487] [8.0] [cxt 0] Deparser 'deparser': end
[10:42:26.568] [bmv2] [D] [thread 14487] [9.0] [cxt 0] Pipeline 'egress': start
[10:42:26.568] [bmv2] [D] [thread 14487] [9.0] [cxt 0] Pipeline 'egress': end
[10:42:26.568] [bmv2] [D] [thread 14487] [9.0] [cxt 0] Deparser 'deparser': start
[10:42:26.568] [bmv2] [T] [thread 14487] [9.0] [cxt 0] Skipping checksum 'cksum' update because condition not met
[10:42:26.568] [bmv2] [D] [thread 14487] [9.0] [cxt 0] Deparsing header 'ethernet'
[10:42:26.568] [bmv2] [D] [thread 14487] [9.0] [cxt 0] Deparsing header 'ipv6'
[10:42:26.568] [bmv2] [D] [thread 14487] [9.0] [cxt 0] Deparser 'deparser': end
[10:42:26.568] [bmv2] [D] [thread 14491] [8.0] [cxt 0] Transmitting packet of size 90 out of port 0
[10:42:26.568] [bmv2] [D] [thread 14491] [9.0] [cxt 0] Transmitting packet of size 70 out of port 0
[10:42:26.802] [bmv2] [D] [thread 14486] [10.0] [cxt 0] Processing packet received on port 1
[10:42:26.802] [bmv2] [D] [thread 14486] [10.0] [cxt 0] Parser 'parser': start
[10:42:26.802] [bmv2] [D] [thread 14486] [10.0] [cxt 0] Parser 'parser' entering state 'start'
[10:42:26.802] [bmv2] [D] [thread 14486] [10.0] [cxt 0] Extracting header 'ethernet'
[10:42:26.802] [bmv2] [D] [thread 14486] [10.0] [cxt 0] Parser state 'start': key is 86dd
[10:42:26.802] [bmv2] [T] [thread 14486] [10.0] [cxt 0] Bytes parsed: 14
[10:42:26.802] [bmv2] [D] [thread 14486] [10.0] [cxt 0] Parser 'parser' entering state 'parse_ipv6'
[10:42:26.802] [bmv2] [D] [thread 14486] [10.0] [cxt 0] Extracting header 'ipv6'
[10:42:26.802] [bmv2] [D] [thread 14486] [10.0] [cxt 0] Parser state 'parse_ipv6': key is 00
[10:42:26.802] [bmv2] [T] [thread 14486] [10.0] [cxt 0] Bytes parsed: 54
[10:42:26.802] [bmv2] [D] [thread 14486] [10.0] [cxt 0] Parser 'parser': end
[10:42:26.802] [bmv2] [D] [thread 14486] [10.0] [cxt 0] Pipeline 'ingress': start
[10:42:26.802] [bmv2] [T] [thread 14486] [10.0] [cxt 0] basic.p4(305) Condition "hdr.ipv6.isValid()" (node_2) is true
[10:42:26.802] [bmv2] [T] [thread 14486] [10.0] [cxt 0] Applying table 'MyIngress.ipv6_tbl'
[10:42:26.802] [bmv2] [D] [thread 14486] [10.0] [cxt 0] Looking up key:
* hdr.ipv6.dstAddr    : ff020000000000000000000000000016

[10:42:26.802] [bmv2] [D] [thread 14486] [10.0] [cxt 0] Table 'MyIngress.ipv6_tbl': miss
[10:42:26.802] [bmv2] [D] [thread 14486] [10.0] [cxt 0] Action entry is NoAction - 
[10:42:26.802] [bmv2] [T] [thread 14486] [10.0] [cxt 0] Action NoAction
[10:42:26.802] [bmv2] [T] [thread 14486] [10.0] [cxt 0] basic.p4(309) Condition "hdr.ipv4.isValid()" (node_4) is false
[10:42:26.802] [bmv2] [T] [thread 14486] [10.0] [cxt 0] basic.p4(312) Condition "hdr.ipv6.isValid() && (meta.is_ingress_border == 1 || meta.is_egress_border == 1)" (node_6) is false
[10:42:26.802] [bmv2] [D] [thread 14486] [10.0] [cxt 0] Pipeline 'ingress': end
[10:42:26.802] [bmv2] [D] [thread 14486] [10.0] [cxt 0] Egress port is 0
[10:42:26.802] [bmv2] [D] [thread 14487] [10.0] [cxt 0] Pipeline 'egress': start
[10:42:26.802] [bmv2] [D] [thread 14487] [10.0] [cxt 0] Pipeline 'egress': end
[10:42:26.802] [bmv2] [D] [thread 14487] [10.0] [cxt 0] Deparser 'deparser': start
[10:42:26.802] [bmv2] [T] [thread 14487] [10.0] [cxt 0] Skipping checksum 'cksum' update because condition not met
[10:42:26.802] [bmv2] [D] [thread 14487] [10.0] [cxt 0] Deparsing header 'ethernet'
[10:42:26.802] [bmv2] [D] [thread 14487] [10.0] [cxt 0] Deparsing header 'ipv6'
[10:42:26.802] [bmv2] [D] [thread 14487] [10.0] [cxt 0] Deparser 'deparser': end
[10:42:26.802] [bmv2] [D] [thread 14491] [10.0] [cxt 0] Transmitting packet of size 90 out of port 0
[10:42:27.175] [bmv2] [D] [thread 14486] [11.0] [cxt 0] Processing packet received on port 2
[10:42:27.175] [bmv2] [D] [thread 14486] [11.0] [cxt 0] Parser 'parser': start
[10:42:27.175] [bmv2] [D] [thread 14486] [11.0] [cxt 0] Parser 'parser' entering state 'start'
[10:42:27.175] [bmv2] [D] [thread 14486] [11.0] [cxt 0] Extracting header 'ethernet'
[10:42:27.175] [bmv2] [D] [thread 14486] [11.0] [cxt 0] Parser state 'start': key is 86dd
[10:42:27.175] [bmv2] [T] [thread 14486] [11.0] [cxt 0] Bytes parsed: 14
[10:42:27.175] [bmv2] [D] [thread 14486] [11.0] [cxt 0] Parser 'parser' entering state 'parse_ipv6'
[10:42:27.175] [bmv2] [D] [thread 14486] [11.0] [cxt 0] Extracting header 'ipv6'
[10:42:27.175] [bmv2] [D] [thread 14486] [11.0] [cxt 0] Parser state 'parse_ipv6': key is 00
[10:42:27.175] [bmv2] [T] [thread 14486] [11.0] [cxt 0] Bytes parsed: 54
[10:42:27.175] [bmv2] [D] [thread 14486] [11.0] [cxt 0] Parser 'parser': end
[10:42:27.175] [bmv2] [D] [thread 14486] [11.0] [cxt 0] Pipeline 'ingress': start
[10:42:27.175] [bmv2] [T] [thread 14486] [11.0] [cxt 0] basic.p4(305) Condition "hdr.ipv6.isValid()" (node_2) is true
[10:42:27.175] [bmv2] [T] [thread 14486] [11.0] [cxt 0] Applying table 'MyIngress.ipv6_tbl'
[10:42:27.175] [bmv2] [D] [thread 14486] [11.0] [cxt 0] Looking up key:
* hdr.ipv6.dstAddr    : ff020000000000000000000000000016

[10:42:27.175] [bmv2] [D] [thread 14486] [11.0] [cxt 0] Table 'MyIngress.ipv6_tbl': miss
[10:42:27.175] [bmv2] [D] [thread 14486] [11.0] [cxt 0] Action entry is NoAction - 
[10:42:27.175] [bmv2] [T] [thread 14486] [11.0] [cxt 0] Action NoAction
[10:42:27.175] [bmv2] [T] [thread 14486] [11.0] [cxt 0] basic.p4(309) Condition "hdr.ipv4.isValid()" (node_4) is false
[10:42:27.175] [bmv2] [T] [thread 14486] [11.0] [cxt 0] basic.p4(312) Condition "hdr.ipv6.isValid() && (meta.is_ingress_border == 1 || meta.is_egress_border == 1)" (node_6) is false
[10:42:27.175] [bmv2] [D] [thread 14486] [11.0] [cxt 0] Pipeline 'ingress': end
[10:42:27.175] [bmv2] [D] [thread 14486] [11.0] [cxt 0] Egress port is 0
[10:42:27.175] [bmv2] [D] [thread 14486] [12.0] [cxt 0] Processing packet received on port 2
[10:42:27.175] [bmv2] [D] [thread 14486] [12.0] [cxt 0] Parser 'parser': start
[10:42:27.175] [bmv2] [D] [thread 14486] [12.0] [cxt 0] Parser 'parser' entering state 'start'
[10:42:27.175] [bmv2] [D] [thread 14486] [12.0] [cxt 0] Extracting header 'ethernet'
[10:42:27.175] [bmv2] [D] [thread 14487] [11.0] [cxt 0] Pipeline 'egress': start
[10:42:27.175] [bmv2] [D] [thread 14486] [12.0] [cxt 0] Parser state 'start': key is 86dd
[10:42:27.175] [bmv2] [D] [thread 14487] [11.0] [cxt 0] Pipeline 'egress': end
[10:42:27.175] [bmv2] [T] [thread 14486] [12.0] [cxt 0] Bytes parsed: 14
[10:42:27.175] [bmv2] [D] [thread 14487] [11.0] [cxt 0] Deparser 'deparser': start
[10:42:27.175] [bmv2] [D] [thread 14486] [12.0] [cxt 0] Parser 'parser' entering state 'parse_ipv6'
[10:42:27.175] [bmv2] [T] [thread 14487] [11.0] [cxt 0] Skipping checksum 'cksum' update because condition not met
[10:42:27.175] [bmv2] [D] [thread 14487] [11.0] [cxt 0] Deparsing header 'ethernet'
[10:42:27.175] [bmv2] [D] [thread 14487] [11.0] [cxt 0] Deparsing header 'ipv6'
[10:42:27.175] [bmv2] [D] [thread 14487] [11.0] [cxt 0] Deparser 'deparser': end
[10:42:27.175] [bmv2] [D] [thread 14486] [12.0] [cxt 0] Extracting header 'ipv6'
[10:42:27.175] [bmv2] [D] [thread 14491] [11.0] [cxt 0] Transmitting packet of size 90 out of port 0
[10:42:27.176] [bmv2] [D] [thread 14486] [12.0] [cxt 0] Parser state 'parse_ipv6': key is 3a
[10:42:27.176] [bmv2] [T] [thread 14486] [12.0] [cxt 0] Bytes parsed: 54
[10:42:27.176] [bmv2] [D] [thread 14486] [12.0] [cxt 0] Parser 'parser': end
[10:42:27.176] [bmv2] [D] [thread 14486] [12.0] [cxt 0] Pipeline 'ingress': start
[10:42:27.176] [bmv2] [T] [thread 14486] [12.0] [cxt 0] basic.p4(305) Condition "hdr.ipv6.isValid()" (node_2) is true
[10:42:27.176] [bmv2] [T] [thread 14486] [12.0] [cxt 0] Applying table 'MyIngress.ipv6_tbl'
[10:42:27.176] [bmv2] [D] [thread 14486] [12.0] [cxt 0] Looking up key:
* hdr.ipv6.dstAddr    : ff020000000000000000000000000002

[10:42:27.176] [bmv2] [D] [thread 14486] [12.0] [cxt 0] Table 'MyIngress.ipv6_tbl': miss
[10:42:27.176] [bmv2] [D] [thread 14486] [12.0] [cxt 0] Action entry is NoAction - 
[10:42:27.176] [bmv2] [T] [thread 14486] [12.0] [cxt 0] Action NoAction
[10:42:27.176] [bmv2] [T] [thread 14486] [12.0] [cxt 0] basic.p4(309) Condition "hdr.ipv4.isValid()" (node_4) is false
[10:42:27.176] [bmv2] [T] [thread 14486] [12.0] [cxt 0] basic.p4(312) Condition "hdr.ipv6.isValid() && (meta.is_ingress_border == 1 || meta.is_egress_border == 1)" (node_6) is false
[10:42:27.176] [bmv2] [D] [thread 14486] [12.0] [cxt 0] Pipeline 'ingress': end
[10:42:27.176] [bmv2] [D] [thread 14486] [12.0] [cxt 0] Egress port is 0
[10:42:27.176] [bmv2] [D] [thread 14487] [12.0] [cxt 0] Pipeline 'egress': start
[10:42:27.176] [bmv2] [D] [thread 14487] [12.0] [cxt 0] Pipeline 'egress': end
[10:42:27.176] [bmv2] [D] [thread 14487] [12.0] [cxt 0] Deparser 'deparser': start
[10:42:27.176] [bmv2] [T] [thread 14487] [12.0] [cxt 0] Skipping checksum 'cksum' update because condition not met
[10:42:27.176] [bmv2] [D] [thread 14487] [12.0] [cxt 0] Deparsing header 'ethernet'
[10:42:27.176] [bmv2] [D] [thread 14487] [12.0] [cxt 0] Deparsing header 'ipv6'
[10:42:27.176] [bmv2] [D] [thread 14487] [12.0] [cxt 0] Deparser 'deparser': end
[10:42:27.176] [bmv2] [D] [thread 14491] [12.0] [cxt 0] Transmitting packet of size 70 out of port 0
[10:42:27.522] [bmv2] [D] [thread 14486] [13.0] [cxt 0] Processing packet received on port 2
[10:42:27.522] [bmv2] [D] [thread 14486] [13.0] [cxt 0] Parser 'parser': start
[10:42:27.522] [bmv2] [D] [thread 14486] [13.0] [cxt 0] Parser 'parser' entering state 'start'
[10:42:27.522] [bmv2] [D] [thread 14486] [13.0] [cxt 0] Extracting header 'ethernet'
[10:42:27.522] [bmv2] [D] [thread 14486] [13.0] [cxt 0] Parser state 'start': key is 86dd
[10:42:27.522] [bmv2] [T] [thread 14486] [13.0] [cxt 0] Bytes parsed: 14
[10:42:27.522] [bmv2] [D] [thread 14486] [13.0] [cxt 0] Parser 'parser' entering state 'parse_ipv6'
[10:42:27.522] [bmv2] [D] [thread 14486] [13.0] [cxt 0] Extracting header 'ipv6'
[10:42:27.522] [bmv2] [D] [thread 14486] [13.0] [cxt 0] Parser state 'parse_ipv6': key is 00
[10:42:27.522] [bmv2] [T] [thread 14486] [13.0] [cxt 0] Bytes parsed: 54
[10:42:27.522] [bmv2] [D] [thread 14486] [13.0] [cxt 0] Parser 'parser': end
[10:42:27.522] [bmv2] [D] [thread 14486] [13.0] [cxt 0] Pipeline 'ingress': start
[10:42:27.522] [bmv2] [T] [thread 14486] [13.0] [cxt 0] basic.p4(305) Condition "hdr.ipv6.isValid()" (node_2) is true
[10:42:27.522] [bmv2] [T] [thread 14486] [13.0] [cxt 0] Applying table 'MyIngress.ipv6_tbl'
[10:42:27.522] [bmv2] [D] [thread 14486] [13.0] [cxt 0] Looking up key:
* hdr.ipv6.dstAddr    : ff020000000000000000000000000016

[10:42:27.522] [bmv2] [D] [thread 14486] [13.0] [cxt 0] Table 'MyIngress.ipv6_tbl': miss
[10:42:27.522] [bmv2] [D] [thread 14486] [13.0] [cxt 0] Action entry is NoAction - 
[10:42:27.522] [bmv2] [T] [thread 14486] [13.0] [cxt 0] Action NoAction
[10:42:27.522] [bmv2] [T] [thread 14486] [13.0] [cxt 0] basic.p4(309) Condition "hdr.ipv4.isValid()" (node_4) is false
[10:42:27.522] [bmv2] [T] [thread 14486] [13.0] [cxt 0] basic.p4(312) Condition "hdr.ipv6.isValid() && (meta.is_ingress_border == 1 || meta.is_egress_border == 1)" (node_6) is false
[10:42:27.522] [bmv2] [D] [thread 14486] [13.0] [cxt 0] Pipeline 'ingress': end
[10:42:27.522] [bmv2] [D] [thread 14486] [13.0] [cxt 0] Egress port is 0
[10:42:27.522] [bmv2] [D] [thread 14487] [13.0] [cxt 0] Pipeline 'egress': start
[10:42:27.522] [bmv2] [D] [thread 14487] [13.0] [cxt 0] Pipeline 'egress': end
[10:42:27.522] [bmv2] [D] [thread 14487] [13.0] [cxt 0] Deparser 'deparser': start
[10:42:27.522] [bmv2] [T] [thread 14487] [13.0] [cxt 0] Skipping checksum 'cksum' update because condition not met
[10:42:27.522] [bmv2] [D] [thread 14487] [13.0] [cxt 0] Deparsing header 'ethernet'
[10:42:27.522] [bmv2] [D] [thread 14487] [13.0] [cxt 0] Deparsing header 'ipv6'
[10:42:27.522] [bmv2] [D] [thread 14487] [13.0] [cxt 0] Deparser 'deparser': end
[10:42:27.522] [bmv2] [D] [thread 14491] [13.0] [cxt 0] Transmitting packet of size 90 out of port 0
[10:42:27.589] [bmv2] [D] [thread 14486] [14.0] [cxt 0] Processing packet received on port 2
[10:42:27.589] [bmv2] [D] [thread 14486] [14.0] [cxt 0] Parser 'parser': start
[10:42:27.589] [bmv2] [D] [thread 14486] [14.0] [cxt 0] Parser 'parser' entering state 'start'
[10:42:27.589] [bmv2] [D] [thread 14486] [14.0] [cxt 0] Extracting header 'ethernet'
[10:42:27.589] [bmv2] [D] [thread 14486] [14.0] [cxt 0] Parser state 'start': key is 86dd
[10:42:27.589] [bmv2] [T] [thread 14486] [14.0] [cxt 0] Bytes parsed: 14
[10:42:27.589] [bmv2] [D] [thread 14486] [14.0] [cxt 0] Parser 'parser' entering state 'parse_ipv6'
[10:42:27.589] [bmv2] [D] [thread 14486] [14.0] [cxt 0] Extracting header 'ipv6'
[10:42:27.589] [bmv2] [D] [thread 14486] [14.0] [cxt 0] Parser state 'parse_ipv6': key is 00
[10:42:27.589] [bmv2] [T] [thread 14486] [14.0] [cxt 0] Bytes parsed: 54
[10:42:27.589] [bmv2] [D] [thread 14486] [14.0] [cxt 0] Parser 'parser': end
[10:42:27.589] [bmv2] [D] [thread 14486] [14.0] [cxt 0] Pipeline 'ingress': start
[10:42:27.589] [bmv2] [T] [thread 14486] [14.0] [cxt 0] basic.p4(305) Condition "hdr.ipv6.isValid()" (node_2) is true
[10:42:27.589] [bmv2] [T] [thread 14486] [14.0] [cxt 0] Applying table 'MyIngress.ipv6_tbl'
[10:42:27.589] [bmv2] [D] [thread 14486] [14.0] [cxt 0] Looking up key:
* hdr.ipv6.dstAddr    : ff020000000000000000000000000016

[10:42:27.589] [bmv2] [D] [thread 14486] [14.0] [cxt 0] Table 'MyIngress.ipv6_tbl': miss
[10:42:27.589] [bmv2] [D] [thread 14486] [14.0] [cxt 0] Action entry is NoAction - 
[10:42:27.590] [bmv2] [T] [thread 14486] [14.0] [cxt 0] Action NoAction
[10:42:27.590] [bmv2] [T] [thread 14486] [14.0] [cxt 0] basic.p4(309) Condition "hdr.ipv4.isValid()" (node_4) is false
[10:42:27.590] [bmv2] [T] [thread 14486] [14.0] [cxt 0] basic.p4(312) Condition "hdr.ipv6.isValid() && (meta.is_ingress_border == 1 || meta.is_egress_border == 1)" (node_6) is false
[10:42:27.590] [bmv2] [D] [thread 14486] [14.0] [cxt 0] Pipeline 'ingress': end
[10:42:27.590] [bmv2] [D] [thread 14486] [14.0] [cxt 0] Egress port is 0
[10:42:27.590] [bmv2] [D] [thread 14487] [14.0] [cxt 0] Pipeline 'egress': start
[10:42:27.590] [bmv2] [D] [thread 14487] [14.0] [cxt 0] Pipeline 'egress': end
[10:42:27.590] [bmv2] [D] [thread 14487] [14.0] [cxt 0] Deparser 'deparser': start
[10:42:27.590] [bmv2] [T] [thread 14487] [14.0] [cxt 0] Skipping checksum 'cksum' update because condition not met
[10:42:27.590] [bmv2] [D] [thread 14487] [14.0] [cxt 0] Deparsing header 'ethernet'
[10:42:27.590] [bmv2] [D] [thread 14487] [14.0] [cxt 0] Deparsing header 'ipv6'
[10:42:27.590] [bmv2] [D] [thread 14487] [14.0] [cxt 0] Deparser 'deparser': end
[10:42:27.590] [bmv2] [D] [thread 14491] [14.0] [cxt 0] Transmitting packet of size 90 out of port 0
[10:42:31.884] [bmv2] [T] [thread 14692] bm_get_config
[10:42:31.887] [bmv2] [T] [thread 14692] bm_set_default_action
[10:42:31.888] [bmv2] [D] [thread 14692] Set default entry for table 'MyIngress.ipv4_tbl': MyIngress.drop - 
[10:42:31.888] [bmv2] [T] [thread 14692] bm_set_default_action
[10:42:31.888] [bmv2] [D] [thread 14692] Set default entry for table 'MyIngress.ipv6_tbl': MyIngress.drop - 
[10:42:31.888] [bmv2] [T] [thread 14692] bm_table_add_entry
[10:42:31.888] [bmv2] [D] [thread 14692] Entry 0 added to table 'MyIngress.ipv4_tbl'
[10:42:31.888] [bmv2] [D] [thread 14692] Dumping entry 0
Match key:
* hdr.ipv4.dstAddr    : LPM       0a000101/32
Action entry: MyIngress.ipv4_forward - a000101,1,

[10:42:31.889] [bmv2] [T] [thread 14692] bm_table_add_entry
[10:42:31.889] [bmv2] [D] [thread 14692] Entry 1 added to table 'MyIngress.ipv4_tbl'
[10:42:31.889] [bmv2] [D] [thread 14692] Dumping entry 1
Match key:
* hdr.ipv4.dstAddr    : LPM       0a000502/32
Action entry: MyIngress.ipv4_forward - a000502,2,

[10:42:31.889] [bmv2] [T] [thread 14692] bm_table_add_entry
[10:42:31.889] [bmv2] [D] [thread 14692] Entry 2 added to table 'MyIngress.ipv4_tbl'
[10:42:31.889] [bmv2] [D] [thread 14692] Dumping entry 2
Match key:
* hdr.ipv4.dstAddr    : LPM       0a000203/32
Action entry: MyIngress.ipv4_forward - a000203,2,

[10:42:31.890] [bmv2] [T] [thread 14692] bm_table_add_entry
[10:42:31.890] [bmv2] [D] [thread 14692] Entry 3 added to table 'MyIngress.ipv4_tbl'
[10:42:31.890] [bmv2] [D] [thread 14692] Dumping entry 3
Match key:
* hdr.ipv4.dstAddr    : LPM       0a000304/32
Action entry: MyIngress.ipv4_forward - a000304,2,

[10:42:31.891] [bmv2] [T] [thread 14692] bm_table_add_entry
[10:42:31.891] [bmv2] [D] [thread 14692] Entry 0 added to table 'MyIngress.ipv6_tbl'
[10:42:31.891] [bmv2] [D] [thread 14692] Dumping entry 0
Match key:
* hdr.ipv6.dstAddr    : LPM       fe080000000000000000000000000001/128
Action entry: MyIngress.ipv6_forward - a000101,1,

[10:42:31.892] [bmv2] [T] [thread 14692] bm_table_add_entry
[10:42:31.892] [bmv2] [D] [thread 14692] Entry 1 added to table 'MyIngress.ipv6_tbl'
[10:42:31.892] [bmv2] [D] [thread 14692] Dumping entry 1
Match key:
* hdr.ipv6.dstAddr    : LPM       fe080000000000000000000000000002/128
Action entry: MyIngress.ipv6_forward - a000502,2,

[10:42:31.892] [bmv2] [T] [thread 14692] bm_table_add_entry
[10:42:31.892] [bmv2] [D] [thread 14692] Entry 2 added to table 'MyIngress.ipv6_tbl'
[10:42:31.892] [bmv2] [D] [thread 14692] Dumping entry 2
Match key:
* hdr.ipv6.dstAddr    : LPM       fe080000000000000000000000000003/128
Action entry: MyIngress.ipv6_forward - a000203,2,

[10:42:31.893] [bmv2] [T] [thread 14692] bm_table_add_entry
[10:42:31.893] [bmv2] [D] [thread 14692] Entry 3 added to table 'MyIngress.ipv6_tbl'
[10:42:31.893] [bmv2] [D] [thread 14692] Dumping entry 3
Match key:
* hdr.ipv6.dstAddr    : LPM       fe080000000000000000000000000004/128
Action entry: MyIngress.ipv6_forward - a000304,2,

[10:42:54.615] [bmv2] [D] [thread 14486] [15.0] [cxt 0] Processing packet received on port 1
[10:42:54.615] [bmv2] [D] [thread 14486] [15.0] [cxt 0] Parser 'parser': start
[10:42:54.615] [bmv2] [D] [thread 14486] [15.0] [cxt 0] Parser 'parser' entering state 'start'
[10:42:54.615] [bmv2] [D] [thread 14486] [15.0] [cxt 0] Extracting header 'ethernet'
[10:42:54.615] [bmv2] [D] [thread 14486] [15.0] [cxt 0] Parser state 'start': key is 86dd
[10:42:54.615] [bmv2] [T] [thread 14486] [15.0] [cxt 0] Bytes parsed: 14
[10:42:54.615] [bmv2] [D] [thread 14486] [15.0] [cxt 0] Parser 'parser' entering state 'parse_ipv6'
[10:42:54.615] [bmv2] [D] [thread 14486] [15.0] [cxt 0] Extracting header 'ipv6'
[10:42:54.615] [bmv2] [D] [thread 14486] [15.0] [cxt 0] Parser state 'parse_ipv6': key is 11
[10:42:54.615] [bmv2] [T] [thread 14486] [15.0] [cxt 0] Bytes parsed: 54
[10:42:54.615] [bmv2] [D] [thread 14486] [15.0] [cxt 0] Parser 'parser': end
[10:42:54.615] [bmv2] [D] [thread 14486] [15.0] [cxt 0] Pipeline 'ingress': start
[10:42:54.615] [bmv2] [T] [thread 14486] [15.0] [cxt 0] basic.p4(305) Condition "hdr.ipv6.isValid()" (node_2) is true
[10:42:54.615] [bmv2] [T] [thread 14486] [15.0] [cxt 0] Applying table 'MyIngress.ipv6_tbl'
[10:42:54.615] [bmv2] [D] [thread 14486] [15.0] [cxt 0] Looking up key:
* hdr.ipv6.dstAddr    : fe080000000000000000000000000002

[10:42:54.615] [bmv2] [D] [thread 14486] [15.0] [cxt 0] Table 'MyIngress.ipv6_tbl': hit with handle 1
[10:42:54.615] [bmv2] [D] [thread 14486] [15.0] [cxt 0] Dumping entry 1
Match key:
* hdr.ipv6.dstAddr    : LPM       fe080000000000000000000000000002/128
Action entry: MyIngress.ipv6_forward - a000502,2,

[10:42:54.615] [bmv2] [D] [thread 14486] [15.0] [cxt 0] Action entry is MyIngress.ipv6_forward - a000502,2,
[10:42:54.615] [bmv2] [T] [thread 14486] [15.0] [cxt 0] Action MyIngress.ipv6_forward
[10:42:54.615] [bmv2] [T] [thread 14486] [15.0] [cxt 0] basic.p4(168) Primitive hdr.ethernet.srcAddr = hdr.ethernet.dstAddr
[10:42:54.615] [bmv2] [T] [thread 14486] [15.0] [cxt 0] basic.p4(169) Primitive hdr.ethernet.dstAddr = dstAddr
[10:42:54.615] [bmv2] [T] [thread 14486] [15.0] [cxt 0] basic.p4(170) Primitive standard_metadata.egress_spec = port
[10:42:54.615] [bmv2] [T] [thread 14486] [15.0] [cxt 0] basic.p4(171) Primitive hdr.ipv6.hopLimit = hdr.ipv6.hopLimit - 1
[10:42:54.615] [bmv2] [T] [thread 14486] [15.0] [cxt 0] basic.p4(309) Condition "hdr.ipv4.isValid()" (node_4) is false
[10:42:54.615] [bmv2] [T] [thread 14486] [15.0] [cxt 0] basic.p4(312) Condition "hdr.ipv6.isValid() && (meta.is_ingress_border == 1 || meta.is_egress_border == 1)" (node_6) is false
[10:42:54.615] [bmv2] [D] [thread 14486] [15.0] [cxt 0] Pipeline 'ingress': end
[10:42:54.615] [bmv2] [D] [thread 14486] [15.0] [cxt 0] Egress port is 2
[10:42:54.615] [bmv2] [D] [thread 14489] [15.0] [cxt 0] Pipeline 'egress': start
[10:42:54.615] [bmv2] [D] [thread 14489] [15.0] [cxt 0] Pipeline 'egress': end
[10:42:54.615] [bmv2] [D] [thread 14489] [15.0] [cxt 0] Deparser 'deparser': start
[10:42:54.615] [bmv2] [T] [thread 14489] [15.0] [cxt 0] Skipping checksum 'cksum' update because condition not met
[10:42:54.615] [bmv2] [D] [thread 14489] [15.0] [cxt 0] Deparsing header 'ethernet'
[10:42:54.615] [bmv2] [D] [thread 14489] [15.0] [cxt 0] Deparsing header 'ipv6'
[10:42:54.615] [bmv2] [D] [thread 14489] [15.0] [cxt 0] Deparser 'deparser': end
[10:42:54.615] [bmv2] [D] [thread 14491] [15.0] [cxt 0] Transmitting packet of size 80 out of port 2
[10:42:59.274] [bmv2] [D] [thread 14486] [16.0] [cxt 0] Processing packet received on port 1
[10:42:59.274] [bmv2] [D] [thread 14486] [16.0] [cxt 0] Parser 'parser': start
[10:42:59.274] [bmv2] [D] [thread 14486] [16.0] [cxt 0] Parser 'parser' entering state 'start'
[10:42:59.274] [bmv2] [D] [thread 14486] [16.0] [cxt 0] Extracting header 'ethernet'
[10:42:59.274] [bmv2] [D] [thread 14486] [16.0] [cxt 0] Parser state 'start': key is 86dd
[10:42:59.274] [bmv2] [T] [thread 14486] [16.0] [cxt 0] Bytes parsed: 14
[10:42:59.274] [bmv2] [D] [thread 14486] [16.0] [cxt 0] Parser 'parser' entering state 'parse_ipv6'
[10:42:59.274] [bmv2] [D] [thread 14486] [16.0] [cxt 0] Extracting header 'ipv6'
[10:42:59.274] [bmv2] [D] [thread 14486] [16.0] [cxt 0] Parser state 'parse_ipv6': key is 11
[10:42:59.274] [bmv2] [T] [thread 14486] [16.0] [cxt 0] Bytes parsed: 54
[10:42:59.274] [bmv2] [D] [thread 14486] [16.0] [cxt 0] Parser 'parser': end
[10:42:59.274] [bmv2] [D] [thread 14486] [16.0] [cxt 0] Pipeline 'ingress': start
[10:42:59.274] [bmv2] [T] [thread 14486] [16.0] [cxt 0] basic.p4(305) Condition "hdr.ipv6.isValid()" (node_2) is true
[10:42:59.274] [bmv2] [T] [thread 14486] [16.0] [cxt 0] Applying table 'MyIngress.ipv6_tbl'
[10:42:59.274] [bmv2] [D] [thread 14486] [16.0] [cxt 0] Looking up key:
* hdr.ipv6.dstAddr    : fe080000000000000000000000000003

[10:42:59.274] [bmv2] [D] [thread 14486] [16.0] [cxt 0] Table 'MyIngress.ipv6_tbl': hit with handle 2
[10:42:59.274] [bmv2] [D] [thread 14486] [16.0] [cxt 0] Dumping entry 2
Match key:
* hdr.ipv6.dstAddr    : LPM       fe080000000000000000000000000003/128
Action entry: MyIngress.ipv6_forward - a000203,2,

[10:42:59.274] [bmv2] [D] [thread 14486] [16.0] [cxt 0] Action entry is MyIngress.ipv6_forward - a000203,2,
[10:42:59.274] [bmv2] [T] [thread 14486] [16.0] [cxt 0] Action MyIngress.ipv6_forward
[10:42:59.274] [bmv2] [T] [thread 14486] [16.0] [cxt 0] basic.p4(168) Primitive hdr.ethernet.srcAddr = hdr.ethernet.dstAddr
[10:42:59.274] [bmv2] [T] [thread 14486] [16.0] [cxt 0] basic.p4(169) Primitive hdr.ethernet.dstAddr = dstAddr
[10:42:59.274] [bmv2] [T] [thread 14486] [16.0] [cxt 0] basic.p4(170) Primitive standard_metadata.egress_spec = port
[10:42:59.274] [bmv2] [T] [thread 14486] [16.0] [cxt 0] basic.p4(171) Primitive hdr.ipv6.hopLimit = hdr.ipv6.hopLimit - 1
[10:42:59.274] [bmv2] [T] [thread 14486] [16.0] [cxt 0] basic.p4(309) Condition "hdr.ipv4.isValid()" (node_4) is false
[10:42:59.274] [bmv2] [T] [thread 14486] [16.0] [cxt 0] basic.p4(312) Condition "hdr.ipv6.isValid() && (meta.is_ingress_border == 1 || meta.is_egress_border == 1)" (node_6) is false
[10:42:59.274] [bmv2] [D] [thread 14486] [16.0] [cxt 0] Pipeline 'ingress': end
[10:42:59.274] [bmv2] [D] [thread 14486] [16.0] [cxt 0] Egress port is 2
[10:42:59.274] [bmv2] [D] [thread 14489] [16.0] [cxt 0] Pipeline 'egress': start
[10:42:59.275] [bmv2] [D] [thread 14489] [16.0] [cxt 0] Pipeline 'egress': end
[10:42:59.275] [bmv2] [D] [thread 14489] [16.0] [cxt 0] Deparser 'deparser': start
[10:42:59.275] [bmv2] [T] [thread 14489] [16.0] [cxt 0] Skipping checksum 'cksum' update because condition not met
[10:42:59.275] [bmv2] [D] [thread 14489] [16.0] [cxt 0] Deparsing header 'ethernet'
[10:42:59.275] [bmv2] [D] [thread 14489] [16.0] [cxt 0] Deparsing header 'ipv6'
[10:42:59.275] [bmv2] [D] [thread 14489] [16.0] [cxt 0] Deparser 'deparser': end
[10:42:59.275] [bmv2] [D] [thread 14491] [16.0] [cxt 0] Transmitting packet of size 80 out of port 2
[10:43:03.958] [bmv2] [D] [thread 14486] [17.0] [cxt 0] Processing packet received on port 1
[10:43:03.958] [bmv2] [D] [thread 14486] [17.0] [cxt 0] Parser 'parser': start
[10:43:03.958] [bmv2] [D] [thread 14486] [17.0] [cxt 0] Parser 'parser' entering state 'start'
[10:43:03.958] [bmv2] [D] [thread 14486] [17.0] [cxt 0] Extracting header 'ethernet'
[10:43:03.958] [bmv2] [D] [thread 14486] [17.0] [cxt 0] Parser state 'start': key is 86dd
[10:43:03.958] [bmv2] [T] [thread 14486] [17.0] [cxt 0] Bytes parsed: 14
[10:43:03.958] [bmv2] [D] [thread 14486] [17.0] [cxt 0] Parser 'parser' entering state 'parse_ipv6'
[10:43:03.958] [bmv2] [D] [thread 14486] [17.0] [cxt 0] Extracting header 'ipv6'
[10:43:03.958] [bmv2] [D] [thread 14486] [17.0] [cxt 0] Parser state 'parse_ipv6': key is 11
[10:43:03.958] [bmv2] [T] [thread 14486] [17.0] [cxt 0] Bytes parsed: 54
[10:43:03.958] [bmv2] [D] [thread 14486] [17.0] [cxt 0] Parser 'parser': end
[10:43:03.958] [bmv2] [D] [thread 14486] [17.0] [cxt 0] Pipeline 'ingress': start
[10:43:03.958] [bmv2] [T] [thread 14486] [17.0] [cxt 0] basic.p4(305) Condition "hdr.ipv6.isValid()" (node_2) is true
[10:43:03.958] [bmv2] [T] [thread 14486] [17.0] [cxt 0] Applying table 'MyIngress.ipv6_tbl'
[10:43:03.959] [bmv2] [D] [thread 14486] [17.0] [cxt 0] Looking up key:
* hdr.ipv6.dstAddr    : fe080000000000000000000000000004

[10:43:03.959] [bmv2] [D] [thread 14486] [17.0] [cxt 0] Table 'MyIngress.ipv6_tbl': hit with handle 3
[10:43:03.959] [bmv2] [D] [thread 14486] [17.0] [cxt 0] Dumping entry 3
Match key:
* hdr.ipv6.dstAddr    : LPM       fe080000000000000000000000000004/128
Action entry: MyIngress.ipv6_forward - a000304,2,

[10:43:03.959] [bmv2] [D] [thread 14486] [17.0] [cxt 0] Action entry is MyIngress.ipv6_forward - a000304,2,
[10:43:03.959] [bmv2] [T] [thread 14486] [17.0] [cxt 0] Action MyIngress.ipv6_forward
[10:43:03.959] [bmv2] [T] [thread 14486] [17.0] [cxt 0] basic.p4(168) Primitive hdr.ethernet.srcAddr = hdr.ethernet.dstAddr
[10:43:03.959] [bmv2] [T] [thread 14486] [17.0] [cxt 0] basic.p4(169) Primitive hdr.ethernet.dstAddr = dstAddr
[10:43:03.959] [bmv2] [T] [thread 14486] [17.0] [cxt 0] basic.p4(170) Primitive standard_metadata.egress_spec = port
[10:43:03.959] [bmv2] [T] [thread 14486] [17.0] [cxt 0] basic.p4(171) Primitive hdr.ipv6.hopLimit = hdr.ipv6.hopLimit - 1
[10:43:03.959] [bmv2] [T] [thread 14486] [17.0] [cxt 0] basic.p4(309) Condition "hdr.ipv4.isValid()" (node_4) is false
[10:43:03.959] [bmv2] [T] [thread 14486] [17.0] [cxt 0] basic.p4(312) Condition "hdr.ipv6.isValid() && (meta.is_ingress_border == 1 || meta.is_egress_border == 1)" (node_6) is false
[10:43:03.959] [bmv2] [D] [thread 14486] [17.0] [cxt 0] Pipeline 'ingress': end
[10:43:03.959] [bmv2] [D] [thread 14486] [17.0] [cxt 0] Egress port is 2
[10:43:03.959] [bmv2] [D] [thread 14489] [17.0] [cxt 0] Pipeline 'egress': start
[10:43:03.959] [bmv2] [D] [thread 14489] [17.0] [cxt 0] Pipeline 'egress': end
[10:43:03.959] [bmv2] [D] [thread 14489] [17.0] [cxt 0] Deparser 'deparser': start
[10:43:03.959] [bmv2] [T] [thread 14489] [17.0] [cxt 0] Skipping checksum 'cksum' update because condition not met
[10:43:03.959] [bmv2] [D] [thread 14489] [17.0] [cxt 0] Deparsing header 'ethernet'
[10:43:03.959] [bmv2] [D] [thread 14489] [17.0] [cxt 0] Deparsing header 'ipv6'
[10:43:03.959] [bmv2] [D] [thread 14489] [17.0] [cxt 0] Deparser 'deparser': end
[10:43:03.959] [bmv2] [D] [thread 14491] [17.0] [cxt 0] Transmitting packet of size 80 out of port 2
open: No such file or directory
