Warning: you requested the nanomsg event logger, but bmv2 was compiled without -DBMELOG, and the event logger cannot be activated
Calling target program-options parser
[10:42:29.379] [bmv2] [D] [thread 14594] Set default default entry for table 'MyIngress.ipv6_tbl': NoAction - 
[10:42:29.379] [bmv2] [D] [thread 14594] Set default default entry for table 'MyIngress.ipv4_tbl': NoAction - 
[10:42:29.379] [bmv2] [D] [thread 14594] Set default default entry for table 'MyIngress.ipv6_lpm': MyIngress.drop - 
Adding interface s5-eth1 as port 1
[10:42:29.384] [bmv2] [D] [thread 14594] Adding interface s5-eth1 as port 1
Adding interface s5-eth2 as port 2
[10:42:29.409] [bmv2] [D] [thread 14594] Adding interface s5-eth2 as port 2
[10:42:29.438] [bmv2] [I] [thread 14594] Starting Thrift server on port 9094
[10:42:29.438] [bmv2] [I] [thread 14594] Thrift server was started
[10:42:30.382] [bmv2] [D] [thread 14602] [0.0] [cxt 0] Processing packet received on port 2
[10:42:30.382] [bmv2] [D] [thread 14602] [0.0] [cxt 0] Parser 'parser': start
[10:42:30.382] [bmv2] [D] [thread 14602] [0.0] [cxt 0] Parser 'parser' entering state 'start'
[10:42:30.382] [bmv2] [D] [thread 14602] [0.0] [cxt 0] Extracting header 'ethernet'
[10:42:30.382] [bmv2] [D] [thread 14602] [0.0] [cxt 0] Parser state 'start': key is 86dd
[10:42:30.382] [bmv2] [T] [thread 14602] [0.0] [cxt 0] Bytes parsed: 14
[10:42:30.382] [bmv2] [D] [thread 14602] [0.0] [cxt 0] Parser 'parser' entering state 'parse_ipv6'
[10:42:30.382] [bmv2] [D] [thread 14602] [0.0] [cxt 0] Extracting header 'ipv6'
[10:42:30.382] [bmv2] [D] [thread 14602] [0.0] [cxt 0] Parser state 'parse_ipv6': key is 3a
[10:42:30.382] [bmv2] [T] [thread 14602] [0.0] [cxt 0] Bytes parsed: 54
[10:42:30.382] [bmv2] [D] [thread 14602] [0.0] [cxt 0] Parser 'parser': end
[10:42:30.382] [bmv2] [D] [thread 14602] [0.0] [cxt 0] Pipeline 'ingress': start
[10:42:30.382] [bmv2] [T] [thread 14602] [0.0] [cxt 0] basic.p4(305) Condition "hdr.ipv6.isValid()" (node_2) is true
[10:42:30.382] [bmv2] [T] [thread 14602] [0.0] [cxt 0] Applying table 'MyIngress.ipv6_tbl'
[10:42:30.382] [bmv2] [D] [thread 14602] [0.0] [cxt 0] Looking up key:
* hdr.ipv6.dstAddr    : ff020000000000000000000000000002

[10:42:30.382] [bmv2] [D] [thread 14602] [0.0] [cxt 0] Table 'MyIngress.ipv6_tbl': miss
[10:42:30.382] [bmv2] [D] [thread 14602] [0.0] [cxt 0] Action entry is NoAction - 
[10:42:30.382] [bmv2] [T] [thread 14602] [0.0] [cxt 0] Action NoAction
[10:42:30.382] [bmv2] [T] [thread 14602] [0.0] [cxt 0] basic.p4(309) Condition "hdr.ipv4.isValid()" (node_4) is false
[10:42:30.382] [bmv2] [T] [thread 14602] [0.0] [cxt 0] basic.p4(312) Condition "hdr.ipv6.isValid() && (meta.is_ingress_border == 1 || meta.is_egress_border == 1)" (node_6) is false
[10:42:30.382] [bmv2] [D] [thread 14602] [0.0] [cxt 0] Pipeline 'ingress': end
[10:42:30.382] [bmv2] [D] [thread 14602] [0.0] [cxt 0] Egress port is 0
[10:42:30.382] [bmv2] [D] [thread 14603] [0.0] [cxt 0] Pipeline 'egress': start
[10:42:30.382] [bmv2] [D] [thread 14603] [0.0] [cxt 0] Pipeline 'egress': end
[10:42:30.382] [bmv2] [D] [thread 14603] [0.0] [cxt 0] Deparser 'deparser': start
[10:42:30.382] [bmv2] [T] [thread 14603] [0.0] [cxt 0] Skipping checksum 'cksum' update because condition not met
[10:42:30.382] [bmv2] [D] [thread 14603] [0.0] [cxt 0] Deparsing header 'ethernet'
[10:42:30.382] [bmv2] [D] [thread 14603] [0.0] [cxt 0] Deparsing header 'ipv6'
[10:42:30.382] [bmv2] [D] [thread 14603] [0.0] [cxt 0] Deparser 'deparser': end
[10:42:30.382] [bmv2] [D] [thread 14607] [0.0] [cxt 0] Transmitting packet of size 70 out of port 0
[10:42:32.029] [bmv2] [T] [thread 14695] bm_get_config
[10:42:32.032] [bmv2] [T] [thread 14695] bm_set_default_action
[10:42:32.032] [bmv2] [D] [thread 14695] Set default entry for table 'MyIngress.ipv4_tbl': MyIngress.drop - 
[10:42:32.032] [bmv2] [T] [thread 14695] bm_table_add_entry
[10:42:32.032] [bmv2] [D] [thread 14695] Entry 0 added to table 'MyIngress.ipv4_tbl'
[10:42:32.032] [bmv2] [D] [thread 14695] Dumping entry 0
Match key:
* hdr.ipv4.dstAddr    : LPM       0a000101/32
Action entry: MyIngress.ipv4_forward - a000101,2,

[10:42:32.033] [bmv2] [T] [thread 14695] bm_table_add_entry
[10:42:32.033] [bmv2] [D] [thread 14695] Entry 1 added to table 'MyIngress.ipv4_tbl'
[10:42:32.033] [bmv2] [D] [thread 14695] Dumping entry 1
Match key:
* hdr.ipv4.dstAddr    : LPM       0a000502/32
Action entry: MyIngress.ipv4_forward - a000502,1,

[10:42:32.033] [bmv2] [T] [thread 14695] bm_table_add_entry
[10:42:32.033] [bmv2] [D] [thread 14695] Entry 2 added to table 'MyIngress.ipv4_tbl'
[10:42:32.033] [bmv2] [D] [thread 14695] Dumping entry 2
Match key:
* hdr.ipv4.dstAddr    : LPM       0a000203/32
Action entry: MyIngress.ipv4_forward - a000203,2,

[10:42:32.034] [bmv2] [T] [thread 14695] bm_table_add_entry
[10:42:32.034] [bmv2] [D] [thread 14695] Entry 3 added to table 'MyIngress.ipv4_tbl'
[10:42:32.034] [bmv2] [D] [thread 14695] Dumping entry 3
Match key:
* hdr.ipv4.dstAddr    : LPM       0a000304/32
Action entry: MyIngress.ipv4_forward - a000304,2,

[10:42:32.035] [bmv2] [T] [thread 14695] bm_table_add_entry
[10:42:32.035] [bmv2] [D] [thread 14695] Entry 0 added to table 'MyIngress.ipv6_tbl'
[10:42:32.035] [bmv2] [D] [thread 14695] Dumping entry 0
Match key:
* hdr.ipv6.dstAddr    : LPM       fe080000000000000000000000000001/128
Action entry: MyIngress.ipv6_forward - a000101,2,

[10:42:32.035] [bmv2] [T] [thread 14695] bm_table_add_entry
[10:42:32.035] [bmv2] [D] [thread 14695] Entry 1 added to table 'MyIngress.ipv6_tbl'
[10:42:32.035] [bmv2] [D] [thread 14695] Dumping entry 1
Match key:
* hdr.ipv6.dstAddr    : LPM       fe080000000000000000000000000002/128
Action entry: MyIngress.ipv6_forward - a000502,1,

[10:42:32.036] [bmv2] [T] [thread 14695] bm_table_add_entry
[10:42:32.036] [bmv2] [D] [thread 14695] Entry 2 added to table 'MyIngress.ipv6_tbl'
[10:42:32.036] [bmv2] [D] [thread 14695] Dumping entry 2
Match key:
* hdr.ipv6.dstAddr    : LPM       fe080000000000000000000000000003/128
Action entry: MyIngress.ipv6_forward - a000203,2,

[10:42:32.036] [bmv2] [T] [thread 14695] bm_table_add_entry
[10:42:32.036] [bmv2] [D] [thread 14695] Entry 3 added to table 'MyIngress.ipv6_tbl'
[10:42:32.036] [bmv2] [D] [thread 14695] Dumping entry 3
Match key:
* hdr.ipv6.dstAddr    : LPM       fe080000000000000000000000000004/128
Action entry: MyIngress.ipv6_forward - a000304,2,

[10:42:54.619] [bmv2] [D] [thread 14602] [1.0] [cxt 0] Processing packet received on port 2
[10:42:54.619] [bmv2] [D] [thread 14602] [1.0] [cxt 0] Parser 'parser': start
[10:42:54.619] [bmv2] [D] [thread 14602] [1.0] [cxt 0] Parser 'parser' entering state 'start'
[10:42:54.619] [bmv2] [D] [thread 14602] [1.0] [cxt 0] Extracting header 'ethernet'
[10:42:54.619] [bmv2] [D] [thread 14602] [1.0] [cxt 0] Parser state 'start': key is 86dd
[10:42:54.619] [bmv2] [T] [thread 14602] [1.0] [cxt 0] Bytes parsed: 14
[10:42:54.619] [bmv2] [D] [thread 14602] [1.0] [cxt 0] Parser 'parser' entering state 'parse_ipv6'
[10:42:54.619] [bmv2] [D] [thread 14602] [1.0] [cxt 0] Extracting header 'ipv6'
[10:42:54.620] [bmv2] [D] [thread 14602] [1.0] [cxt 0] Parser state 'parse_ipv6': key is 11
[10:42:54.620] [bmv2] [T] [thread 14602] [1.0] [cxt 0] Bytes parsed: 54
[10:42:54.620] [bmv2] [D] [thread 14602] [1.0] [cxt 0] Parser 'parser': end
[10:42:54.620] [bmv2] [D] [thread 14602] [1.0] [cxt 0] Pipeline 'ingress': start
[10:42:54.620] [bmv2] [T] [thread 14602] [1.0] [cxt 0] basic.p4(305) Condition "hdr.ipv6.isValid()" (node_2) is true
[10:42:54.620] [bmv2] [T] [thread 14602] [1.0] [cxt 0] Applying table 'MyIngress.ipv6_tbl'
[10:42:54.620] [bmv2] [D] [thread 14602] [1.0] [cxt 0] Looking up key:
* hdr.ipv6.dstAddr    : fe080000000000000000000000000002

[10:42:54.620] [bmv2] [D] [thread 14602] [1.0] [cxt 0] Table 'MyIngress.ipv6_tbl': hit with handle 1
[10:42:54.620] [bmv2] [D] [thread 14602] [1.0] [cxt 0] Dumping entry 1
Match key:
* hdr.ipv6.dstAddr    : LPM       fe080000000000000000000000000002/128
Action entry: MyIngress.ipv6_forward - a000502,1,

[10:42:54.620] [bmv2] [D] [thread 14602] [1.0] [cxt 0] Action entry is MyIngress.ipv6_forward - a000502,1,
[10:42:54.620] [bmv2] [T] [thread 14602] [1.0] [cxt 0] Action MyIngress.ipv6_forward
[10:42:54.620] [bmv2] [T] [thread 14602] [1.0] [cxt 0] basic.p4(168) Primitive hdr.ethernet.srcAddr = hdr.ethernet.dstAddr
[10:42:54.620] [bmv2] [T] [thread 14602] [1.0] [cxt 0] basic.p4(169) Primitive hdr.ethernet.dstAddr = dstAddr
[10:42:54.620] [bmv2] [T] [thread 14602] [1.0] [cxt 0] basic.p4(170) Primitive standard_metadata.egress_spec = port
[10:42:54.620] [bmv2] [T] [thread 14602] [1.0] [cxt 0] basic.p4(171) Primitive hdr.ipv6.hopLimit = hdr.ipv6.hopLimit - 1
[10:42:54.620] [bmv2] [T] [thread 14602] [1.0] [cxt 0] basic.p4(309) Condition "hdr.ipv4.isValid()" (node_4) is false
[10:42:54.620] [bmv2] [T] [thread 14602] [1.0] [cxt 0] basic.p4(312) Condition "hdr.ipv6.isValid() && (meta.is_ingress_border == 1 || meta.is_egress_border == 1)" (node_6) is false
[10:42:54.620] [bmv2] [D] [thread 14602] [1.0] [cxt 0] Pipeline 'ingress': end
[10:42:54.620] [bmv2] [D] [thread 14602] [1.0] [cxt 0] Egress port is 1
[10:42:54.620] [bmv2] [D] [thread 14604] [1.0] [cxt 0] Pipeline 'egress': start
[10:42:54.620] [bmv2] [D] [thread 14604] [1.0] [cxt 0] Pipeline 'egress': end
[10:42:54.620] [bmv2] [D] [thread 14604] [1.0] [cxt 0] Deparser 'deparser': start
[10:42:54.620] [bmv2] [T] [thread 14604] [1.0] [cxt 0] Skipping checksum 'cksum' update because condition not met
[10:42:54.620] [bmv2] [D] [thread 14604] [1.0] [cxt 0] Deparsing header 'ethernet'
[10:42:54.620] [bmv2] [D] [thread 14604] [1.0] [cxt 0] Deparsing header 'ipv6'
[10:42:54.620] [bmv2] [D] [thread 14604] [1.0] [cxt 0] Deparser 'deparser': end
[10:42:54.620] [bmv2] [D] [thread 14607] [1.0] [cxt 0] Transmitting packet of size 80 out of port 1
[10:43:12.658] [bmv2] [D] [thread 14602] [2.0] [cxt 0] Processing packet received on port 1
[10:43:12.659] [bmv2] [D] [thread 14602] [2.0] [cxt 0] Parser 'parser': start
[10:43:12.659] [bmv2] [D] [thread 14602] [2.0] [cxt 0] Parser 'parser' entering state 'start'
[10:43:12.659] [bmv2] [D] [thread 14602] [2.0] [cxt 0] Extracting header 'ethernet'
[10:43:12.659] [bmv2] [D] [thread 14602] [2.0] [cxt 0] Parser state 'start': key is 86dd
[10:43:12.659] [bmv2] [T] [thread 14602] [2.0] [cxt 0] Bytes parsed: 14
[10:43:12.659] [bmv2] [D] [thread 14602] [2.0] [cxt 0] Parser 'parser' entering state 'parse_ipv6'
[10:43:12.659] [bmv2] [D] [thread 14602] [2.0] [cxt 0] Extracting header 'ipv6'
[10:43:12.659] [bmv2] [D] [thread 14602] [2.0] [cxt 0] Parser state 'parse_ipv6': key is 11
[10:43:12.659] [bmv2] [T] [thread 14602] [2.0] [cxt 0] Bytes parsed: 54
[10:43:12.659] [bmv2] [D] [thread 14602] [2.0] [cxt 0] Parser 'parser': end
[10:43:12.659] [bmv2] [D] [thread 14602] [2.0] [cxt 0] Pipeline 'ingress': start
[10:43:12.659] [bmv2] [T] [thread 14602] [2.0] [cxt 0] basic.p4(305) Condition "hdr.ipv6.isValid()" (node_2) is true
[10:43:12.659] [bmv2] [T] [thread 14602] [2.0] [cxt 0] Applying table 'MyIngress.ipv6_tbl'
[10:43:12.659] [bmv2] [D] [thread 14602] [2.0] [cxt 0] Looking up key:
* hdr.ipv6.dstAddr    : fe080000000000000000000000000003

[10:43:12.659] [bmv2] [D] [thread 14602] [2.0] [cxt 0] Table 'MyIngress.ipv6_tbl': hit with handle 2
[10:43:12.659] [bmv2] [D] [thread 14602] [2.0] [cxt 0] Dumping entry 2
Match key:
* hdr.ipv6.dstAddr    : LPM       fe080000000000000000000000000003/128
Action entry: MyIngress.ipv6_forward - a000203,2,

[10:43:12.659] [bmv2] [D] [thread 14602] [2.0] [cxt 0] Action entry is MyIngress.ipv6_forward - a000203,2,
[10:43:12.659] [bmv2] [T] [thread 14602] [2.0] [cxt 0] Action MyIngress.ipv6_forward
[10:43:12.659] [bmv2] [T] [thread 14602] [2.0] [cxt 0] basic.p4(168) Primitive hdr.ethernet.srcAddr = hdr.ethernet.dstAddr
[10:43:12.659] [bmv2] [T] [thread 14602] [2.0] [cxt 0] basic.p4(169) Primitive hdr.ethernet.dstAddr = dstAddr
[10:43:12.659] [bmv2] [T] [thread 14602] [2.0] [cxt 0] basic.p4(170) Primitive standard_metadata.egress_spec = port
[10:43:12.659] [bmv2] [T] [thread 14602] [2.0] [cxt 0] basic.p4(171) Primitive hdr.ipv6.hopLimit = hdr.ipv6.hopLimit - 1
[10:43:12.659] [bmv2] [T] [thread 14602] [2.0] [cxt 0] basic.p4(309) Condition "hdr.ipv4.isValid()" (node_4) is false
[10:43:12.659] [bmv2] [T] [thread 14602] [2.0] [cxt 0] basic.p4(312) Condition "hdr.ipv6.isValid() && (meta.is_ingress_border == 1 || meta.is_egress_border == 1)" (node_6) is false
[10:43:12.659] [bmv2] [D] [thread 14602] [2.0] [cxt 0] Pipeline 'ingress': end
[10:43:12.659] [bmv2] [D] [thread 14602] [2.0] [cxt 0] Egress port is 2
[10:43:12.659] [bmv2] [D] [thread 14605] [2.0] [cxt 0] Pipeline 'egress': start
[10:43:12.659] [bmv2] [D] [thread 14605] [2.0] [cxt 0] Pipeline 'egress': end
[10:43:12.659] [bmv2] [D] [thread 14605] [2.0] [cxt 0] Deparser 'deparser': start
[10:43:12.659] [bmv2] [T] [thread 14605] [2.0] [cxt 0] Skipping checksum 'cksum' update because condition not met
[10:43:12.659] [bmv2] [D] [thread 14605] [2.0] [cxt 0] Deparsing header 'ethernet'
[10:43:12.659] [bmv2] [D] [thread 14605] [2.0] [cxt 0] Deparsing header 'ipv6'
[10:43:12.659] [bmv2] [D] [thread 14605] [2.0] [cxt 0] Deparser 'deparser': end
[10:43:12.659] [bmv2] [D] [thread 14607] [2.0] [cxt 0] Transmitting packet of size 80 out of port 2
[10:43:22.687] [bmv2] [D] [thread 14602] [3.0] [cxt 0] Processing packet received on port 1
[10:43:22.687] [bmv2] [D] [thread 14602] [3.0] [cxt 0] Parser 'parser': start
[10:43:22.687] [bmv2] [D] [thread 14602] [3.0] [cxt 0] Parser 'parser' entering state 'start'
[10:43:22.687] [bmv2] [D] [thread 14602] [3.0] [cxt 0] Extracting header 'ethernet'
[10:43:22.687] [bmv2] [D] [thread 14602] [3.0] [cxt 0] Parser state 'start': key is 86dd
[10:43:22.687] [bmv2] [T] [thread 14602] [3.0] [cxt 0] Bytes parsed: 14
[10:43:22.687] [bmv2] [D] [thread 14602] [3.0] [cxt 0] Parser 'parser' entering state 'parse_ipv6'
[10:43:22.687] [bmv2] [D] [thread 14602] [3.0] [cxt 0] Extracting header 'ipv6'
[10:43:22.687] [bmv2] [D] [thread 14602] [3.0] [cxt 0] Parser state 'parse_ipv6': key is 11
[10:43:22.687] [bmv2] [T] [thread 14602] [3.0] [cxt 0] Bytes parsed: 54
[10:43:22.687] [bmv2] [D] [thread 14602] [3.0] [cxt 0] Parser 'parser': end
[10:43:22.687] [bmv2] [D] [thread 14602] [3.0] [cxt 0] Pipeline 'ingress': start
[10:43:22.687] [bmv2] [T] [thread 14602] [3.0] [cxt 0] basic.p4(305) Condition "hdr.ipv6.isValid()" (node_2) is true
[10:43:22.687] [bmv2] [T] [thread 14602] [3.0] [cxt 0] Applying table 'MyIngress.ipv6_tbl'
[10:43:22.687] [bmv2] [D] [thread 14602] [3.0] [cxt 0] Looking up key:
* hdr.ipv6.dstAddr    : fe080000000000000000000000000004

[10:43:22.687] [bmv2] [D] [thread 14602] [3.0] [cxt 0] Table 'MyIngress.ipv6_tbl': hit with handle 3
[10:43:22.687] [bmv2] [D] [thread 14602] [3.0] [cxt 0] Dumping entry 3
Match key:
* hdr.ipv6.dstAddr    : LPM       fe080000000000000000000000000004/128
Action entry: MyIngress.ipv6_forward - a000304,2,

[10:43:22.687] [bmv2] [D] [thread 14602] [3.0] [cxt 0] Action entry is MyIngress.ipv6_forward - a000304,2,
[10:43:22.687] [bmv2] [T] [thread 14602] [3.0] [cxt 0] Action MyIngress.ipv6_forward
[10:43:22.687] [bmv2] [T] [thread 14602] [3.0] [cxt 0] basic.p4(168) Primitive hdr.ethernet.srcAddr = hdr.ethernet.dstAddr
[10:43:22.687] [bmv2] [T] [thread 14602] [3.0] [cxt 0] basic.p4(169) Primitive hdr.ethernet.dstAddr = dstAddr
[10:43:22.687] [bmv2] [T] [thread 14602] [3.0] [cxt 0] basic.p4(170) Primitive standard_metadata.egress_spec = port
[10:43:22.687] [bmv2] [T] [thread 14602] [3.0] [cxt 0] basic.p4(171) Primitive hdr.ipv6.hopLimit = hdr.ipv6.hopLimit - 1
[10:43:22.687] [bmv2] [T] [thread 14602] [3.0] [cxt 0] basic.p4(309) Condition "hdr.ipv4.isValid()" (node_4) is false
[10:43:22.687] [bmv2] [T] [thread 14602] [3.0] [cxt 0] basic.p4(312) Condition "hdr.ipv6.isValid() && (meta.is_ingress_border == 1 || meta.is_egress_border == 1)" (node_6) is false
[10:43:22.687] [bmv2] [D] [thread 14602] [3.0] [cxt 0] Pipeline 'ingress': end
[10:43:22.687] [bmv2] [D] [thread 14602] [3.0] [cxt 0] Egress port is 2
[10:43:22.687] [bmv2] [D] [thread 14605] [3.0] [cxt 0] Pipeline 'egress': start
[10:43:22.688] [bmv2] [D] [thread 14605] [3.0] [cxt 0] Pipeline 'egress': end
[10:43:22.688] [bmv2] [D] [thread 14605] [3.0] [cxt 0] Deparser 'deparser': start
[10:43:22.688] [bmv2] [T] [thread 14605] [3.0] [cxt 0] Skipping checksum 'cksum' update because condition not met
[10:43:22.688] [bmv2] [D] [thread 14605] [3.0] [cxt 0] Deparsing header 'ethernet'
[10:43:22.688] [bmv2] [D] [thread 14605] [3.0] [cxt 0] Deparsing header 'ipv6'
[10:43:22.688] [bmv2] [D] [thread 14605] [3.0] [cxt 0] Deparser 'deparser': end
[10:43:22.688] [bmv2] [D] [thread 14607] [3.0] [cxt 0] Transmitting packet of size 80 out of port 2
[10:43:47.951] [bmv2] [D] [thread 14602] [4.0] [cxt 0] Processing packet received on port 1
[10:43:47.951] [bmv2] [D] [thread 14602] [4.0] [cxt 0] Parser 'parser': start
[10:43:47.951] [bmv2] [D] [thread 14602] [4.0] [cxt 0] Parser 'parser' entering state 'start'
[10:43:47.951] [bmv2] [D] [thread 14602] [4.0] [cxt 0] Extracting header 'ethernet'
[10:43:47.951] [bmv2] [D] [thread 14602] [4.0] [cxt 0] Parser state 'start': key is 86dd
[10:43:47.951] [bmv2] [T] [thread 14602] [4.0] [cxt 0] Bytes parsed: 14
[10:43:47.951] [bmv2] [D] [thread 14602] [4.0] [cxt 0] Parser 'parser' entering state 'parse_ipv6'
[10:43:47.951] [bmv2] [D] [thread 14602] [4.0] [cxt 0] Extracting header 'ipv6'
[10:43:47.951] [bmv2] [D] [thread 14602] [4.0] [cxt 0] Parser state 'parse_ipv6': key is 11
[10:43:47.951] [bmv2] [T] [thread 14602] [4.0] [cxt 0] Bytes parsed: 54
[10:43:47.951] [bmv2] [D] [thread 14602] [4.0] [cxt 0] Parser 'parser': end
[10:43:47.951] [bmv2] [D] [thread 14602] [4.0] [cxt 0] Pipeline 'ingress': start
[10:43:47.951] [bmv2] [T] [thread 14602] [4.0] [cxt 0] basic.p4(305) Condition "hdr.ipv6.isValid()" (node_2) is true
[10:43:47.951] [bmv2] [T] [thread 14602] [4.0] [cxt 0] Applying table 'MyIngress.ipv6_tbl'
[10:43:47.951] [bmv2] [D] [thread 14602] [4.0] [cxt 0] Looking up key:
* hdr.ipv6.dstAddr    : fe080000000000000000000000000004

[10:43:47.951] [bmv2] [D] [thread 14602] [4.0] [cxt 0] Table 'MyIngress.ipv6_tbl': hit with handle 3
[10:43:47.951] [bmv2] [D] [thread 14602] [4.0] [cxt 0] Dumping entry 3
Match key:
* hdr.ipv6.dstAddr    : LPM       fe080000000000000000000000000004/128
Action entry: MyIngress.ipv6_forward - a000304,2,

[10:43:47.951] [bmv2] [D] [thread 14602] [4.0] [cxt 0] Action entry is MyIngress.ipv6_forward - a000304,2,
[10:43:47.951] [bmv2] [T] [thread 14602] [4.0] [cxt 0] Action MyIngress.ipv6_forward
[10:43:47.951] [bmv2] [T] [thread 14602] [4.0] [cxt 0] basic.p4(168) Primitive hdr.ethernet.srcAddr = hdr.ethernet.dstAddr
[10:43:47.951] [bmv2] [T] [thread 14602] [4.0] [cxt 0] basic.p4(169) Primitive hdr.ethernet.dstAddr = dstAddr
[10:43:47.951] [bmv2] [T] [thread 14602] [4.0] [cxt 0] basic.p4(170) Primitive standard_metadata.egress_spec = port
[10:43:47.951] [bmv2] [T] [thread 14602] [4.0] [cxt 0] basic.p4(171) Primitive hdr.ipv6.hopLimit = hdr.ipv6.hopLimit - 1
[10:43:47.951] [bmv2] [T] [thread 14602] [4.0] [cxt 0] basic.p4(309) Condition "hdr.ipv4.isValid()" (node_4) is false
[10:43:47.951] [bmv2] [T] [thread 14602] [4.0] [cxt 0] basic.p4(312) Condition "hdr.ipv6.isValid() && (meta.is_ingress_border == 1 || meta.is_egress_border == 1)" (node_6) is false
[10:43:47.951] [bmv2] [D] [thread 14602] [4.0] [cxt 0] Pipeline 'ingress': end
[10:43:47.951] [bmv2] [D] [thread 14602] [4.0] [cxt 0] Egress port is 2
[10:43:47.951] [bmv2] [D] [thread 14605] [4.0] [cxt 0] Pipeline 'egress': start
[10:43:47.951] [bmv2] [D] [thread 14605] [4.0] [cxt 0] Pipeline 'egress': end
[10:43:47.951] [bmv2] [D] [thread 14605] [4.0] [cxt 0] Deparser 'deparser': start
[10:43:47.951] [bmv2] [T] [thread 14605] [4.0] [cxt 0] Skipping checksum 'cksum' update because condition not met
[10:43:47.951] [bmv2] [D] [thread 14605] [4.0] [cxt 0] Deparsing header 'ethernet'
[10:43:47.951] [bmv2] [D] [thread 14605] [4.0] [cxt 0] Deparsing header 'ipv6'
[10:43:47.951] [bmv2] [D] [thread 14605] [4.0] [cxt 0] Deparser 'deparser': end
[10:43:47.951] [bmv2] [D] [thread 14607] [4.0] [cxt 0] Transmitting packet of size 80 out of port 2
[10:43:52.647] [bmv2] [D] [thread 14602] [5.0] [cxt 0] Processing packet received on port 1
[10:43:52.647] [bmv2] [D] [thread 14602] [5.0] [cxt 0] Parser 'parser': start
[10:43:52.647] [bmv2] [D] [thread 14602] [5.0] [cxt 0] Parser 'parser' entering state 'start'
[10:43:52.647] [bmv2] [D] [thread 14602] [5.0] [cxt 0] Extracting header 'ethernet'
[10:43:52.647] [bmv2] [D] [thread 14602] [5.0] [cxt 0] Parser state 'start': key is 86dd
[10:43:52.647] [bmv2] [T] [thread 14602] [5.0] [cxt 0] Bytes parsed: 14
[10:43:52.647] [bmv2] [D] [thread 14602] [5.0] [cxt 0] Parser 'parser' entering state 'parse_ipv6'
[10:43:52.647] [bmv2] [D] [thread 14602] [5.0] [cxt 0] Extracting header 'ipv6'
[10:43:52.647] [bmv2] [D] [thread 14602] [5.0] [cxt 0] Parser state 'parse_ipv6': key is 11
[10:43:52.647] [bmv2] [T] [thread 14602] [5.0] [cxt 0] Bytes parsed: 54
[10:43:52.647] [bmv2] [D] [thread 14602] [5.0] [cxt 0] Parser 'parser': end
[10:43:52.647] [bmv2] [D] [thread 14602] [5.0] [cxt 0] Pipeline 'ingress': start
[10:43:52.647] [bmv2] [T] [thread 14602] [5.0] [cxt 0] basic.p4(305) Condition "hdr.ipv6.isValid()" (node_2) is true
[10:43:52.647] [bmv2] [T] [thread 14602] [5.0] [cxt 0] Applying table 'MyIngress.ipv6_tbl'
[10:43:52.647] [bmv2] [D] [thread 14602] [5.0] [cxt 0] Looking up key:
* hdr.ipv6.dstAddr    : fe080000000000000000000000000003

[10:43:52.647] [bmv2] [D] [thread 14602] [5.0] [cxt 0] Table 'MyIngress.ipv6_tbl': hit with handle 2
[10:43:52.647] [bmv2] [D] [thread 14602] [5.0] [cxt 0] Dumping entry 2
Match key:
* hdr.ipv6.dstAddr    : LPM       fe080000000000000000000000000003/128
Action entry: MyIngress.ipv6_forward - a000203,2,

[10:43:52.647] [bmv2] [D] [thread 14602] [5.0] [cxt 0] Action entry is MyIngress.ipv6_forward - a000203,2,
[10:43:52.647] [bmv2] [T] [thread 14602] [5.0] [cxt 0] Action MyIngress.ipv6_forward
[10:43:52.647] [bmv2] [T] [thread 14602] [5.0] [cxt 0] basic.p4(168) Primitive hdr.ethernet.srcAddr = hdr.ethernet.dstAddr
[10:43:52.647] [bmv2] [T] [thread 14602] [5.0] [cxt 0] basic.p4(169) Primitive hdr.ethernet.dstAddr = dstAddr
[10:43:52.647] [bmv2] [T] [thread 14602] [5.0] [cxt 0] basic.p4(170) Primitive standard_metadata.egress_spec = port
[10:43:52.647] [bmv2] [T] [thread 14602] [5.0] [cxt 0] basic.p4(171) Primitive hdr.ipv6.hopLimit = hdr.ipv6.hopLimit - 1
[10:43:52.647] [bmv2] [T] [thread 14602] [5.0] [cxt 0] basic.p4(309) Condition "hdr.ipv4.isValid()" (node_4) is false
[10:43:52.647] [bmv2] [T] [thread 14602] [5.0] [cxt 0] basic.p4(312) Condition "hdr.ipv6.isValid() && (meta.is_ingress_border == 1 || meta.is_egress_border == 1)" (node_6) is false
[10:43:52.647] [bmv2] [D] [thread 14602] [5.0] [cxt 0] Pipeline 'ingress': end
[10:43:52.647] [bmv2] [D] [thread 14602] [5.0] [cxt 0] Egress port is 2
[10:43:52.647] [bmv2] [D] [thread 14605] [5.0] [cxt 0] Pipeline 'egress': start
[10:43:52.647] [bmv2] [D] [thread 14605] [5.0] [cxt 0] Pipeline 'egress': end
[10:43:52.647] [bmv2] [D] [thread 14605] [5.0] [cxt 0] Deparser 'deparser': start
[10:43:52.647] [bmv2] [T] [thread 14605] [5.0] [cxt 0] Skipping checksum 'cksum' update because condition not met
[10:43:52.647] [bmv2] [D] [thread 14605] [5.0] [cxt 0] Deparsing header 'ethernet'
[10:43:52.647] [bmv2] [D] [thread 14605] [5.0] [cxt 0] Deparsing header 'ipv6'
[10:43:52.647] [bmv2] [D] [thread 14605] [5.0] [cxt 0] Deparser 'deparser': end
[10:43:52.647] [bmv2] [D] [thread 14607] [5.0] [cxt 0] Transmitting packet of size 80 out of port 2
open: No such file or directory
open: No such file or directory
open: No such file or directory
